2015-08-09T09:13:18.4966250+00:00,Content Modification Time,EVT,WinEVTX,[4624 / 0x1210] Provider identifier: {54849625-5478-4994-a5ba-3e3b0328c30d} Source Name: Microsoft-Windows-Security-Auditing Strings: ['S-1-5-18'  'GREENDALEGOLD$'  'WORKGROUP'  '0x00000000000003e7'  'S-1-5-20'  'NETWORK SERVICE'  'NT AUTHORITY'  '0x00000000000003e4'  '5'  'Advapi  '  'Negotiate'  None  '{00000000-0000-0000-0000-000000000000}'  '-'  '-'  '0'  '0x00000000000001e8'  'C:\\Windows\\System32\\services.exe'  '-'  '-'] Computer Name: GREENDALEGOLD Record Number: 160 Event Level: 0 Message string: An account was successfully logged on.\n\nSubject:\n\tSecurity ID:\t\tS-1-5-18\n\tAccount Name:\t\tGREENDALEGOLD$\n\tAccount Domain:\t\tWORKGROUP\n\tLogon ID:\t\t0x00000000000003e7\n\nLogon Type:\t\t\t5\n\nNew Logon:\n\tSecurity ID:\t\tS-1-5-20\n\tAccount Name:\t\tNETWORK SERVICE\n\tAccount Domain:\t\tNT AUTHORITY\n\tLogon ID:\t\t0x00000000000003e4\n\tLogon GUID:\t\t{00000000-0000-0000-0000-000000000000}\n\nProcess Information:\n\tProcess ID:\t\t0x00000000000001e8\n\tProcess Name:\t\tC:\Windows\System32\services.exe\n\nNetwork Information:\n\tWorkstation Name:\t\n\tSource Network Address:\t-\n\tSource Port:\t\t-\n\nDetailed Authentication Information:\n\tLogon Process:\t\tAdvapi  \n\tAuthentication Package:\tNegotiate\n\tTransited Services:\t-\n\tPackage Name (NTLM only):\t-\n\tKey Length:\t\t0\n\nThis event is generated when a logon session is created. It is generated on the computer that was accessed.\n\nThe subject fields indicate the account on the local system which requested the logon. This is most commonly a service such as the Server service  or a local process such as Winlogon.exe or Services.exe.\n\nThe logon type field indicates the kind of logon that occurred. The most common types are 2 (interactive) and 3 (network).\n\nThe New Logon fields indicate the account for whom the new logon was created  i.e. the account that was logged on.\n\nThe network fields indicate where a remote logon request originated. Workstation name is not always available and may be left blank in some cases.\n\nThe authentication information fields provide detailed information about this specific logon request.\n\t- Logon GUID is a unique identifier that can be used to correlate this event with a KDC event.\n\t- Transited services indicate which intermediate services have participated in this logon request.\n\t- Package name indicates which sub-protocol was used among the NTLM protocols.\n\t- Key length indicates the length of the generated session key. This will be 0 if no session key was requested.,winevtx,-
2015-08-09T09:13:18.4966250+00:00,Creation Time,EVT,WinEVTX,[4624 / 0x1210] Provider identifier: {54849625-5478-4994-a5ba-3e3b0328c30d} Source Name: Microsoft-Windows-Security-Auditing Strings: ['S-1-5-18'  'GREENDALEGOLD$'  'WORKGROUP'  '0x00000000000003e7'  'S-1-5-20'  'NETWORK SERVICE'  'NT AUTHORITY'  '0x00000000000003e4'  '5'  'Advapi  '  'Negotiate'  None  '{00000000-0000-0000-0000-000000000000}'  '-'  '-'  '0'  '0x00000000000001e8'  'C:\\Windows\\System32\\services.exe'  '-'  '-'] Computer Name: GREENDALEGOLD Record Number: 160 Event Level: 0 Message string: An account was successfully logged on.\n\nSubject:\n\tSecurity ID:\t\tS-1-5-18\n\tAccount Name:\t\tGREENDALEGOLD$\n\tAccount Domain:\t\tWORKGROUP\n\tLogon ID:\t\t0x00000000000003e7\n\nLogon Type:\t\t\t5\n\nNew Logon:\n\tSecurity ID:\t\tS-1-5-20\n\tAccount Name:\t\tNETWORK SERVICE\n\tAccount Domain:\t\tNT AUTHORITY\n\tLogon ID:\t\t0x00000000000003e4\n\tLogon GUID:\t\t{00000000-0000-0000-0000-000000000000}\n\nProcess Information:\n\tProcess ID:\t\t0x00000000000001e8\n\tProcess Name:\t\tC:\Windows\System32\services.exe\n\nNetwork Information:\n\tWorkstation Name:\t\n\tSource Network Address:\t-\n\tSource Port:\t\t-\n\nDetailed Authentication Information:\n\tLogon Process:\t\tAdvapi  \n\tAuthentication Package:\tNegotiate\n\tTransited Services:\t-\n\tPackage Name (NTLM only):\t-\n\tKey Length:\t\t0\n\nThis event is generated when a logon session is created. It is generated on the computer that was accessed.\n\nThe subject fields indicate the account on the local system which requested the logon. This is most commonly a service such as the Server service  or a local process such as Winlogon.exe or Services.exe.\n\nThe logon type field indicates the kind of logon that occurred. The most common types are 2 (interactive) and 3 (network).\n\nThe New Logon fields indicate the account for whom the new logon was created  i.e. the account that was logged on.\n\nThe network fields indicate where a remote logon request originated. Workstation name is not always available and may be left blank in some cases.\n\nThe authentication information fields provide detailed information about this specific logon request.\n\t- Logon GUID is a unique identifier that can be used to correlate this event with a KDC event.\n\t- Transited services indicate which intermediate services have participated in this logon request.\n\t- Package name indicates which sub-protocol was used among the NTLM protocols.\n\t- Key length indicates the length of the generated session key. This will be 0 if no session key was requested.,winevtx,-
2015-08-09T09:13:18.4966250+00:00,Content Modification Time,EVT,WinEVTX,[4672 / 0x1240] Provider identifier: {54849625-5478-4994-a5ba-3e3b0328c30d} Source Name: Microsoft-Windows-Security-Auditing Strings: ['S-1-5-20'  'NETWORK SERVICE'  'NT AUTHORITY'  '0x00000000000003e4'  'SeAssignPrimaryTokenPrivilege\r\n\t\t\tSeAuditPrivilege\r\n\t\t\tSeImpersonatePrivilege'] Computer Name: GREENDALEGOLD Record Number: 161 Event Level: 0 Message string: Special privileges assigned to new logon.\n\nSubject:\n\tSecurity ID:\t\tS-1-5-20\n\tAccount Name:\t\tNETWORK SERVICE\n\tAccount Domain:\t\tNT AUTHORITY\n\tLogon ID:\t\t0x00000000000003e4\n\nPrivileges:\t\tSeAssignPrimaryTokenPrivilege			SeAuditPrivilege			SeImpersonatePrivilege,winevtx,-
2015-08-09T09:13:18.4966250+00:00,Creation Time,EVT,WinEVTX,[4672 / 0x1240] Provider identifier: {54849625-5478-4994-a5ba-3e3b0328c30d} Source Name: Microsoft-Windows-Security-Auditing Strings: ['S-1-5-20'  'NETWORK SERVICE'  'NT AUTHORITY'  '0x00000000000003e4'  'SeAssignPrimaryTokenPrivilege\r\n\t\t\tSeAuditPrivilege\r\n\t\t\tSeImpersonatePrivilege'] Computer Name: GREENDALEGOLD Record Number: 161 Event Level: 0 Message string: Special privileges assigned to new logon.\n\nSubject:\n\tSecurity ID:\t\tS-1-5-20\n\tAccount Name:\t\tNETWORK SERVICE\n\tAccount Domain:\t\tNT AUTHORITY\n\tLogon ID:\t\t0x00000000000003e4\n\nPrivileges:\t\tSeAssignPrimaryTokenPrivilege			SeAuditPrivilege			SeImpersonatePrivilege,winevtx,-
2015-08-09T09:13:18.8716250+00:00,Content Modification Time,EVT,WinEVTX,[4624 / 0x1210] Provider identifier: {54849625-5478-4994-a5ba-3e3b0328c30d} Source Name: Microsoft-Windows-Security-Auditing Strings: ['S-1-5-18'  'GREENDALEGOLD$'  'WORKGROUP'  '0x00000000000003e7'  'S-1-5-19'  'LOCAL SERVICE'  'NT AUTHORITY'  '0x00000000000003e5'  '5'  'Advapi  '  'Negotiate'  None  '{00000000-0000-0000-0000-000000000000}'  '-'  '-'  '0'  '0x00000000000001e8'  'C:\\Windows\\System32\\services.exe'  '-'  '-'] Computer Name: GREENDALEGOLD Record Number: 162 Event Level: 0 Message string: An account was successfully logged on.\n\nSubject:\n\tSecurity ID:\t\tS-1-5-18\n\tAccount Name:\t\tGREENDALEGOLD$\n\tAccount Domain:\t\tWORKGROUP\n\tLogon ID:\t\t0x00000000000003e7\n\nLogon Type:\t\t\t5\n\nNew Logon:\n\tSecurity ID:\t\tS-1-5-19\n\tAccount Name:\t\tLOCAL SERVICE\n\tAccount Domain:\t\tNT AUTHORITY\n\tLogon ID:\t\t0x00000000000003e5\n\tLogon GUID:\t\t{00000000-0000-0000-0000-000000000000}\n\nProcess Information:\n\tProcess ID:\t\t0x00000000000001e8\n\tProcess Name:\t\tC:\Windows\System32\services.exe\n\nNetwork Information:\n\tWorkstation Name:\t\n\tSource Network Address:\t-\n\tSource Port:\t\t-\n\nDetailed Authentication Information:\n\tLogon Process:\t\tAdvapi  \n\tAuthentication Package:\tNegotiate\n\tTransited Services:\t-\n\tPackage Name (NTLM only):\t-\n\tKey Length:\t\t0\n\nThis event is generated when a logon session is created. It is generated on the computer that was accessed.\n\nThe subject fields indicate the account on the local system which requested the logon. This is most commonly a service such as the Server service  or a local process such as Winlogon.exe or Services.exe.\n\nThe logon type field indicates the kind of logon that occurred. The most common types are 2 (interactive) and 3 (network).\n\nThe New Logon fields indicate the account for whom the new logon was created  i.e. the account that was logged on.\n\nThe network fields indicate where a remote logon request originated. Workstation name is not always available and may be left blank in some cases.\n\nThe authentication information fields provide detailed information about this specific logon request.\n\t- Logon GUID is a unique identifier that can be used to correlate this event with a KDC event.\n\t- Transited services indicate which intermediate services have participated in this logon request.\n\t- Package name indicates which sub-protocol was used among the NTLM protocols.\n\t- Key length indicates the length of the generated session key. This will be 0 if no session key was requested.,winevtx,-
2015-08-09T09:13:18.8716250+00:00,Creation Time,EVT,WinEVTX,[4624 / 0x1210] Provider identifier: {54849625-5478-4994-a5ba-3e3b0328c30d} Source Name: Microsoft-Windows-Security-Auditing Strings: ['S-1-5-18'  'GREENDALEGOLD$'  'WORKGROUP'  '0x00000000000003e7'  'S-1-5-19'  'LOCAL SERVICE'  'NT AUTHORITY'  '0x00000000000003e5'  '5'  'Advapi  '  'Negotiate'  None  '{00000000-0000-0000-0000-000000000000}'  '-'  '-'  '0'  '0x00000000000001e8'  'C:\\Windows\\System32\\services.exe'  '-'  '-'] Computer Name: GREENDALEGOLD Record Number: 162 Event Level: 0 Message string: An account was successfully logged on.\n\nSubject:\n\tSecurity ID:\t\tS-1-5-18\n\tAccount Name:\t\tGREENDALEGOLD$\n\tAccount Domain:\t\tWORKGROUP\n\tLogon ID:\t\t0x00000000000003e7\n\nLogon Type:\t\t\t5\n\nNew Logon:\n\tSecurity ID:\t\tS-1-5-19\n\tAccount Name:\t\tLOCAL SERVICE\n\tAccount Domain:\t\tNT AUTHORITY\n\tLogon ID:\t\t0x00000000000003e5\n\tLogon GUID:\t\t{00000000-0000-0000-0000-000000000000}\n\nProcess Information:\n\tProcess ID:\t\t0x00000000000001e8\n\tProcess Name:\t\tC:\Windows\System32\services.exe\n\nNetwork Information:\n\tWorkstation Name:\t\n\tSource Network Address:\t-\n\tSource Port:\t\t-\n\nDetailed Authentication Information:\n\tLogon Process:\t\tAdvapi  \n\tAuthentication Package:\tNegotiate\n\tTransited Services:\t-\n\tPackage Name (NTLM only):\t-\n\tKey Length:\t\t0\n\nThis event is generated when a logon session is created. It is generated on the computer that was accessed.\n\nThe subject fields indicate the account on the local system which requested the logon. This is most commonly a service such as the Server service  or a local process such as Winlogon.exe or Services.exe.\n\nThe logon type field indicates the kind of logon that occurred. The most common types are 2 (interactive) and 3 (network).\n\nThe New Logon fields indicate the account for whom the new logon was created  i.e. the account that was logged on.\n\nThe network fields indicate where a remote logon request originated. Workstation name is not always available and may be left blank in some cases.\n\nThe authentication information fields provide detailed information about this specific logon request.\n\t- Logon GUID is a unique identifier that can be used to correlate this event with a KDC event.\n\t- Transited services indicate which intermediate services have participated in this logon request.\n\t- Package name indicates which sub-protocol was used among the NTLM protocols.\n\t- Key length indicates the length of the generated session key. This will be 0 if no session key was requested.,winevtx,-
2015-08-09T09:13:18.8716250+00:00,Content Modification Time,EVT,WinEVTX,[4672 / 0x1240] Provider identifier: {54849625-5478-4994-a5ba-3e3b0328c30d} Source Name: Microsoft-Windows-Security-Auditing Strings: ['S-1-5-19'  'LOCAL SERVICE'  'NT AUTHORITY'  '0x00000000000003e5'  'SeAssignPrimaryTokenPrivilege\r\n\t\t\tSeAuditPrivilege\r\n\t\t\tSeImpersonatePrivilege'] Computer Name: GREENDALEGOLD Record Number: 163 Event Level: 0 Message string: Special privileges assigned to new logon.\n\nSubject:\n\tSecurity ID:\t\tS-1-5-19\n\tAccount Name:\t\tLOCAL SERVICE\n\tAccount Domain:\t\tNT AUTHORITY\n\tLogon ID:\t\t0x00000000000003e5\n\nPrivileges:\t\tSeAssignPrimaryTokenPrivilege			SeAuditPrivilege			SeImpersonatePrivilege,winevtx,-
2015-08-09T09:13:18.8716250+00:00,Creation Time,EVT,WinEVTX,[4672 / 0x1240] Provider identifier: {54849625-5478-4994-a5ba-3e3b0328c30d} Source Name: Microsoft-Windows-Security-Auditing Strings: ['S-1-5-19'  'LOCAL SERVICE'  'NT AUTHORITY'  '0x00000000000003e5'  'SeAssignPrimaryTokenPrivilege\r\n\t\t\tSeAuditPrivilege\r\n\t\t\tSeImpersonatePrivilege'] Computer Name: GREENDALEGOLD Record Number: 163 Event Level: 0 Message string: Special privileges assigned to new logon.\n\nSubject:\n\tSecurity ID:\t\tS-1-5-19\n\tAccount Name:\t\tLOCAL SERVICE\n\tAccount Domain:\t\tNT AUTHORITY\n\tLogon ID:\t\t0x00000000000003e5\n\nPrivileges:\t\tSeAssignPrimaryTokenPrivilege			SeAuditPrivilege			SeImpersonatePrivilege,winevtx,-
2015-08-09T09:13:19.7153750+00:00,Content Modification Time,EVT,WinEVTX,[4624 / 0x1210] Provider identifier: {54849625-5478-4994-a5ba-3e3b0328c30d} Source Name: Microsoft-Windows-Security-Auditing Strings: ['S-1-5-18'  'GREENDALEGOLD$'  'WORKGROUP'  '0x00000000000003e7'  'S-1-5-18'  'SYSTEM'  'NT AUTHORITY'  '0x00000000000003e7'  '5'  'Advapi  '  'Negotiate'  None  '{00000000-0000-0000-0000-000000000000}'  '-'  '-'  '0'  '0x00000000000001e8'  'C:\\Windows\\System32\\services.exe'  '-'  '-'] Computer Name: GREENDALEGOLD Record Number: 164 Event Level: 0 Message string: An account was successfully logged on.\n\nSubject:\n\tSecurity ID:\t\tS-1-5-18\n\tAccount Name:\t\tGREENDALEGOLD$\n\tAccount Domain:\t\tWORKGROUP\n\tLogon ID:\t\t0x00000000000003e7\n\nLogon Type:\t\t\t5\n\nNew Logon:\n\tSecurity ID:\t\tS-1-5-18\n\tAccount Name:\t\tSYSTEM\n\tAccount Domain:\t\tNT AUTHORITY\n\tLogon ID:\t\t0x00000000000003e7\n\tLogon GUID:\t\t{00000000-0000-0000-0000-000000000000}\n\nProcess Information:\n\tProcess ID:\t\t0x00000000000001e8\n\tProcess Name:\t\tC:\Windows\System32\services.exe\n\nNetwork Information:\n\tWorkstation Name:\t\n\tSource Network Address:\t-\n\tSource Port:\t\t-\n\nDetailed Authentication Information:\n\tLogon Process:\t\tAdvapi  \n\tAuthentication Package:\tNegotiate\n\tTransited Services:\t-\n\tPackage Name (NTLM only):\t-\n\tKey Length:\t\t0\n\nThis event is generated when a logon session is created. It is generated on the computer that was accessed.\n\nThe subject fields indicate the account on the local system which requested the logon. This is most commonly a service such as the Server service  or a local process such as Winlogon.exe or Services.exe.\n\nThe logon type field indicates the kind of logon that occurred. The most common types are 2 (interactive) and 3 (network).\n\nThe New Logon fields indicate the account for whom the new logon was created  i.e. the account that was logged on.\n\nThe network fields indicate where a remote logon request originated. Workstation name is not always available and may be left blank in some cases.\n\nThe authentication information fields provide detailed information about this specific logon request.\n\t- Logon GUID is a unique identifier that can be used to correlate this event with a KDC event.\n\t- Transited services indicate which intermediate services have participated in this logon request.\n\t- Package name indicates which sub-protocol was used among the NTLM protocols.\n\t- Key length indicates the length of the generated session key. This will be 0 if no session key was requested.,winevtx,-
2015-08-09T09:13:19.7153750+00:00,Creation Time,EVT,WinEVTX,[4624 / 0x1210] Provider identifier: {54849625-5478-4994-a5ba-3e3b0328c30d} Source Name: Microsoft-Windows-Security-Auditing Strings: ['S-1-5-18'  'GREENDALEGOLD$'  'WORKGROUP'  '0x00000000000003e7'  'S-1-5-18'  'SYSTEM'  'NT AUTHORITY'  '0x00000000000003e7'  '5'  'Advapi  '  'Negotiate'  None  '{00000000-0000-0000-0000-000000000000}'  '-'  '-'  '0'  '0x00000000000001e8'  'C:\\Windows\\System32\\services.exe'  '-'  '-'] Computer Name: GREENDALEGOLD Record Number: 164 Event Level: 0 Message string: An account was successfully logged on.\n\nSubject:\n\tSecurity ID:\t\tS-1-5-18\n\tAccount Name:\t\tGREENDALEGOLD$\n\tAccount Domain:\t\tWORKGROUP\n\tLogon ID:\t\t0x00000000000003e7\n\nLogon Type:\t\t\t5\n\nNew Logon:\n\tSecurity ID:\t\tS-1-5-18\n\tAccount Name:\t\tSYSTEM\n\tAccount Domain:\t\tNT AUTHORITY\n\tLogon ID:\t\t0x00000000000003e7\n\tLogon GUID:\t\t{00000000-0000-0000-0000-000000000000}\n\nProcess Information:\n\tProcess ID:\t\t0x00000000000001e8\n\tProcess Name:\t\tC:\Windows\System32\services.exe\n\nNetwork Information:\n\tWorkstation Name:\t\n\tSource Network Address:\t-\n\tSource Port:\t\t-\n\nDetailed Authentication Information:\n\tLogon Process:\t\tAdvapi  \n\tAuthentication Package:\tNegotiate\n\tTransited Services:\t-\n\tPackage Name (NTLM only):\t-\n\tKey Length:\t\t0\n\nThis event is generated when a logon session is created. It is generated on the computer that was accessed.\n\nThe subject fields indicate the account on the local system which requested the logon. This is most commonly a service such as the Server service  or a local process such as Winlogon.exe or Services.exe.\n\nThe logon type field indicates the kind of logon that occurred. The most common types are 2 (interactive) and 3 (network).\n\nThe New Logon fields indicate the account for whom the new logon was created  i.e. the account that was logged on.\n\nThe network fields indicate where a remote logon request originated. Workstation name is not always available and may be left blank in some cases.\n\nThe authentication information fields provide detailed information about this specific logon request.\n\t- Logon GUID is a unique identifier that can be used to correlate this event with a KDC event.\n\t- Transited services indicate which intermediate services have participated in this logon request.\n\t- Package name indicates which sub-protocol was used among the NTLM protocols.\n\t- Key length indicates the length of the generated session key. This will be 0 if no session key was requested.,winevtx,-
2015-08-09T09:13:19.7153750+00:00,Content Modification Time,EVT,WinEVTX,[4624 / 0x1210] Provider identifier: {54849625-5478-4994-a5ba-3e3b0328c30d} Source Name: Microsoft-Windows-Security-Auditing Strings: ['S-1-5-18'  'GREENDALEGOLD$'  'WORKGROUP'  '0x00000000000003e7'  'S-1-5-18'  'SYSTEM'  'NT AUTHORITY'  '0x00000000000003e7'  '5'  'Advapi  '  'Negotiate'  None  '{00000000-0000-0000-0000-000000000000}'  '-'  '-'  '0'  '0x00000000000001e8'  'C:\\Windows\\System32\\services.exe'  '-'  '-'] Computer Name: GREENDALEGOLD Record Number: 166 Event Level: 0 Message string: An account was successfully logged on.\n\nSubject:\n\tSecurity ID:\t\tS-1-5-18\n\tAccount Name:\t\tGREENDALEGOLD$\n\tAccount Domain:\t\tWORKGROUP\n\tLogon ID:\t\t0x00000000000003e7\n\nLogon Type:\t\t\t5\n\nNew Logon:\n\tSecurity ID:\t\tS-1-5-18\n\tAccount Name:\t\tSYSTEM\n\tAccount Domain:\t\tNT AUTHORITY\n\tLogon ID:\t\t0x00000000000003e7\n\tLogon GUID:\t\t{00000000-0000-0000-0000-000000000000}\n\nProcess Information:\n\tProcess ID:\t\t0x00000000000001e8\n\tProcess Name:\t\tC:\Windows\System32\services.exe\n\nNetwork Information:\n\tWorkstation Name:\t\n\tSource Network Address:\t-\n\tSource Port:\t\t-\n\nDetailed Authentication Information:\n\tLogon Process:\t\tAdvapi  \n\tAuthentication Package:\tNegotiate\n\tTransited Services:\t-\n\tPackage Name (NTLM only):\t-\n\tKey Length:\t\t0\n\nThis event is generated when a logon session is created. It is generated on the computer that was accessed.\n\nThe subject fields indicate the account on the local system which requested the logon. This is most commonly a service such as the Server service  or a local process such as Winlogon.exe or Services.exe.\n\nThe logon type field indicates the kind of logon that occurred. The most common types are 2 (interactive) and 3 (network).\n\nThe New Logon fields indicate the account for whom the new logon was created  i.e. the account that was logged on.\n\nThe network fields indicate where a remote logon request originated. Workstation name is not always available and may be left blank in some cases.\n\nThe authentication information fields provide detailed information about this specific logon request.\n\t- Logon GUID is a unique identifier that can be used to correlate this event with a KDC event.\n\t- Transited services indicate which intermediate services have participated in this logon request.\n\t- Package name indicates which sub-protocol was used among the NTLM protocols.\n\t- Key length indicates the length of the generated session key. This will be 0 if no session key was requested.,winevtx,-
2015-08-09T09:13:19.7153750+00:00,Creation Time,EVT,WinEVTX,[4624 / 0x1210] Provider identifier: {54849625-5478-4994-a5ba-3e3b0328c30d} Source Name: Microsoft-Windows-Security-Auditing Strings: ['S-1-5-18'  'GREENDALEGOLD$'  'WORKGROUP'  '0x00000000000003e7'  'S-1-5-18'  'SYSTEM'  'NT AUTHORITY'  '0x00000000000003e7'  '5'  'Advapi  '  'Negotiate'  None  '{00000000-0000-0000-0000-000000000000}'  '-'  '-'  '0'  '0x00000000000001e8'  'C:\\Windows\\System32\\services.exe'  '-'  '-'] Computer Name: GREENDALEGOLD Record Number: 166 Event Level: 0 Message string: An account was successfully logged on.\n\nSubject:\n\tSecurity ID:\t\tS-1-5-18\n\tAccount Name:\t\tGREENDALEGOLD$\n\tAccount Domain:\t\tWORKGROUP\n\tLogon ID:\t\t0x00000000000003e7\n\nLogon Type:\t\t\t5\n\nNew Logon:\n\tSecurity ID:\t\tS-1-5-18\n\tAccount Name:\t\tSYSTEM\n\tAccount Domain:\t\tNT AUTHORITY\n\tLogon ID:\t\t0x00000000000003e7\n\tLogon GUID:\t\t{00000000-0000-0000-0000-000000000000}\n\nProcess Information:\n\tProcess ID:\t\t0x00000000000001e8\n\tProcess Name:\t\tC:\Windows\System32\services.exe\n\nNetwork Information:\n\tWorkstation Name:\t\n\tSource Network Address:\t-\n\tSource Port:\t\t-\n\nDetailed Authentication Information:\n\tLogon Process:\t\tAdvapi  \n\tAuthentication Package:\tNegotiate\n\tTransited Services:\t-\n\tPackage Name (NTLM only):\t-\n\tKey Length:\t\t0\n\nThis event is generated when a logon session is created. It is generated on the computer that was accessed.\n\nThe subject fields indicate the account on the local system which requested the logon. This is most commonly a service such as the Server service  or a local process such as Winlogon.exe or Services.exe.\n\nThe logon type field indicates the kind of logon that occurred. The most common types are 2 (interactive) and 3 (network).\n\nThe New Logon fields indicate the account for whom the new logon was created  i.e. the account that was logged on.\n\nThe network fields indicate where a remote logon request originated. Workstation name is not always available and may be left blank in some cases.\n\nThe authentication information fields provide detailed information about this specific logon request.\n\t- Logon GUID is a unique identifier that can be used to correlate this event with a KDC event.\n\t- Transited services indicate which intermediate services have participated in this logon request.\n\t- Package name indicates which sub-protocol was used among the NTLM protocols.\n\t- Key length indicates the length of the generated session key. This will be 0 if no session key was requested.,winevtx,-
2015-08-09T09:13:19.7153750+00:00,Content Modification Time,EVT,WinEVTX,[4672 / 0x1240] Provider identifier: {54849625-5478-4994-a5ba-3e3b0328c30d} Source Name: Microsoft-Windows-Security-Auditing Strings: ['S-1-5-18'  'SYSTEM'  'NT AUTHORITY'  '0x00000000000003e7'  'SeAssignPrimaryTokenPrivilege\r\n\t\t\tSeTcbPrivilege\r\n\t\t\tSeSecurityPrivilege\r\n\t\t\tSeTakeOwnershipPrivilege\r\n\t\t\tSeLoadDriverPrivilege\r\n\t\t\tSeBackupPrivilege\r\n\t\t\tSeRestorePrivilege\r\n\t\t\tSeDebugPrivilege\r\n\t\t\tSeAuditPrivilege\r\n\t\t\tSeSystemEnvironmentPrivilege\r\n\t\t\tSeImpersonatePrivilege'] Computer Name: GREENDALEGOLD Record Number: 165 Event Level: 0 Message string: Special privileges assigned to new logon.\n\nSubject:\n\tSecurity ID:\t\tS-1-5-18\n\tAccount Name:\t\tSYSTEM\n\tAccount Domain:\t\tNT AUTHORITY\n\tLogon ID:\t\t0x00000000000003e7\n\nPrivileges:\t\tSeAssignPrimaryTokenPrivilege			SeTcbPrivilege			SeSecurityPrivilege			SeTakeOwnershipPrivilege			SeLoadDriverPrivilege			SeBackupPrivilege			SeRestorePrivilege			SeDebugPrivilege			SeAuditPrivilege			SeSystemEnvironmentPrivilege			SeImpersonatePrivilege,winevtx,-
2015-08-09T09:13:19.7153750+00:00,Creation Time,EVT,WinEVTX,[4672 / 0x1240] Provider identifier: {54849625-5478-4994-a5ba-3e3b0328c30d} Source Name: Microsoft-Windows-Security-Auditing Strings: ['S-1-5-18'  'SYSTEM'  'NT AUTHORITY'  '0x00000000000003e7'  'SeAssignPrimaryTokenPrivilege\r\n\t\t\tSeTcbPrivilege\r\n\t\t\tSeSecurityPrivilege\r\n\t\t\tSeTakeOwnershipPrivilege\r\n\t\t\tSeLoadDriverPrivilege\r\n\t\t\tSeBackupPrivilege\r\n\t\t\tSeRestorePrivilege\r\n\t\t\tSeDebugPrivilege\r\n\t\t\tSeAuditPrivilege\r\n\t\t\tSeSystemEnvironmentPrivilege\r\n\t\t\tSeImpersonatePrivilege'] Computer Name: GREENDALEGOLD Record Number: 165 Event Level: 0 Message string: Special privileges assigned to new logon.\n\nSubject:\n\tSecurity ID:\t\tS-1-5-18\n\tAccount Name:\t\tSYSTEM\n\tAccount Domain:\t\tNT AUTHORITY\n\tLogon ID:\t\t0x00000000000003e7\n\nPrivileges:\t\tSeAssignPrimaryTokenPrivilege			SeTcbPrivilege			SeSecurityPrivilege			SeTakeOwnershipPrivilege			SeLoadDriverPrivilege			SeBackupPrivilege			SeRestorePrivilege			SeDebugPrivilege			SeAuditPrivilege			SeSystemEnvironmentPrivilege			SeImpersonatePrivilege,winevtx,-
2015-08-09T09:13:19.7153750+00:00,Content Modification Time,EVT,WinEVTX,[4672 / 0x1240] Provider identifier: {54849625-5478-4994-a5ba-3e3b0328c30d} Source Name: Microsoft-Windows-Security-Auditing Strings: ['S-1-5-18'  'SYSTEM'  'NT AUTHORITY'  '0x00000000000003e7'  'SeAssignPrimaryTokenPrivilege\r\n\t\t\tSeTcbPrivilege\r\n\t\t\tSeSecurityPrivilege\r\n\t\t\tSeTakeOwnershipPrivilege\r\n\t\t\tSeLoadDriverPrivilege\r\n\t\t\tSeBackupPrivilege\r\n\t\t\tSeRestorePrivilege\r\n\t\t\tSeDebugPrivilege\r\n\t\t\tSeAuditPrivilege\r\n\t\t\tSeSystemEnvironmentPrivilege\r\n\t\t\tSeImpersonatePrivilege'] Computer Name: GREENDALEGOLD Record Number: 167 Event Level: 0 Message string: Special privileges assigned to new logon.\n\nSubject:\n\tSecurity ID:\t\tS-1-5-18\n\tAccount Name:\t\tSYSTEM\n\tAccount Domain:\t\tNT AUTHORITY\n\tLogon ID:\t\t0x00000000000003e7\n\nPrivileges:\t\tSeAssignPrimaryTokenPrivilege			SeTcbPrivilege			SeSecurityPrivilege			SeTakeOwnershipPrivilege			SeLoadDriverPrivilege			SeBackupPrivilege			SeRestorePrivilege			SeDebugPrivilege			SeAuditPrivilege			SeSystemEnvironmentPrivilege			SeImpersonatePrivilege,winevtx,-
2015-08-09T09:13:19.7153750+00:00,Creation Time,EVT,WinEVTX,[4672 / 0x1240] Provider identifier: {54849625-5478-4994-a5ba-3e3b0328c30d} Source Name: Microsoft-Windows-Security-Auditing Strings: ['S-1-5-18'  'SYSTEM'  'NT AUTHORITY'  '0x00000000000003e7'  'SeAssignPrimaryTokenPrivilege\r\n\t\t\tSeTcbPrivilege\r\n\t\t\tSeSecurityPrivilege\r\n\t\t\tSeTakeOwnershipPrivilege\r\n\t\t\tSeLoadDriverPrivilege\r\n\t\t\tSeBackupPrivilege\r\n\t\t\tSeRestorePrivilege\r\n\t\t\tSeDebugPrivilege\r\n\t\t\tSeAuditPrivilege\r\n\t\t\tSeSystemEnvironmentPrivilege\r\n\t\t\tSeImpersonatePrivilege'] Computer Name: GREENDALEGOLD Record Number: 167 Event Level: 0 Message string: Special privileges assigned to new logon.\n\nSubject:\n\tSecurity ID:\t\tS-1-5-18\n\tAccount Name:\t\tSYSTEM\n\tAccount Domain:\t\tNT AUTHORITY\n\tLogon ID:\t\t0x00000000000003e7\n\nPrivileges:\t\tSeAssignPrimaryTokenPrivilege			SeTcbPrivilege			SeSecurityPrivilege			SeTakeOwnershipPrivilege			SeLoadDriverPrivilege			SeBackupPrivilege			SeRestorePrivilege			SeDebugPrivilege			SeAuditPrivilege			SeSystemEnvironmentPrivilege			SeImpersonatePrivilege,winevtx,-
2015-08-09T09:13:27.6216250+00:00,Content Modification Time,EVT,WinEVTX,[4624 / 0x1210] Provider identifier: {54849625-5478-4994-a5ba-3e3b0328c30d} Source Name: Microsoft-Windows-Security-Auditing Strings: ['S-1-5-18'  'GREENDALEGOLD$'  'WORKGROUP'  '0x00000000000003e7'  'S-1-5-18'  'SYSTEM'  'NT AUTHORITY'  '0x00000000000003e7'  '5'  'Advapi  '  'Negotiate'  None  '{00000000-0000-0000-0000-000000000000}'  '-'  '-'  '0'  '0x00000000000001e8'  'C:\\Windows\\System32\\services.exe'  '-'  '-'] Computer Name: GREENDALEGOLD Record Number: 168 Event Level: 0 Message string: An account was successfully logged on.\n\nSubject:\n\tSecurity ID:\t\tS-1-5-18\n\tAccount Name:\t\tGREENDALEGOLD$\n\tAccount Domain:\t\tWORKGROUP\n\tLogon ID:\t\t0x00000000000003e7\n\nLogon Type:\t\t\t5\n\nNew Logon:\n\tSecurity ID:\t\tS-1-5-18\n\tAccount Name:\t\tSYSTEM\n\tAccount Domain:\t\tNT AUTHORITY\n\tLogon ID:\t\t0x00000000000003e7\n\tLogon GUID:\t\t{00000000-0000-0000-0000-000000000000}\n\nProcess Information:\n\tProcess ID:\t\t0x00000000000001e8\n\tProcess Name:\t\tC:\Windows\System32\services.exe\n\nNetwork Information:\n\tWorkstation Name:\t\n\tSource Network Address:\t-\n\tSource Port:\t\t-\n\nDetailed Authentication Information:\n\tLogon Process:\t\tAdvapi  \n\tAuthentication Package:\tNegotiate\n\tTransited Services:\t-\n\tPackage Name (NTLM only):\t-\n\tKey Length:\t\t0\n\nThis event is generated when a logon session is created. It is generated on the computer that was accessed.\n\nThe subject fields indicate the account on the local system which requested the logon. This is most commonly a service such as the Server service  or a local process such as Winlogon.exe or Services.exe.\n\nThe logon type field indicates the kind of logon that occurred. The most common types are 2 (interactive) and 3 (network).\n\nThe New Logon fields indicate the account for whom the new logon was created  i.e. the account that was logged on.\n\nThe network fields indicate where a remote logon request originated. Workstation name is not always available and may be left blank in some cases.\n\nThe authentication information fields provide detailed information about this specific logon request.\n\t- Logon GUID is a unique identifier that can be used to correlate this event with a KDC event.\n\t- Transited services indicate which intermediate services have participated in this logon request.\n\t- Package name indicates which sub-protocol was used among the NTLM protocols.\n\t- Key length indicates the length of the generated session key. This will be 0 if no session key was requested.,winevtx,-
2015-08-09T09:13:27.6216250+00:00,Creation Time,EVT,WinEVTX,[4624 / 0x1210] Provider identifier: {54849625-5478-4994-a5ba-3e3b0328c30d} Source Name: Microsoft-Windows-Security-Auditing Strings: ['S-1-5-18'  'GREENDALEGOLD$'  'WORKGROUP'  '0x00000000000003e7'  'S-1-5-18'  'SYSTEM'  'NT AUTHORITY'  '0x00000000000003e7'  '5'  'Advapi  '  'Negotiate'  None  '{00000000-0000-0000-0000-000000000000}'  '-'  '-'  '0'  '0x00000000000001e8'  'C:\\Windows\\System32\\services.exe'  '-'  '-'] Computer Name: GREENDALEGOLD Record Number: 168 Event Level: 0 Message string: An account was successfully logged on.\n\nSubject:\n\tSecurity ID:\t\tS-1-5-18\n\tAccount Name:\t\tGREENDALEGOLD$\n\tAccount Domain:\t\tWORKGROUP\n\tLogon ID:\t\t0x00000000000003e7\n\nLogon Type:\t\t\t5\n\nNew Logon:\n\tSecurity ID:\t\tS-1-5-18\n\tAccount Name:\t\tSYSTEM\n\tAccount Domain:\t\tNT AUTHORITY\n\tLogon ID:\t\t0x00000000000003e7\n\tLogon GUID:\t\t{00000000-0000-0000-0000-000000000000}\n\nProcess Information:\n\tProcess ID:\t\t0x00000000000001e8\n\tProcess Name:\t\tC:\Windows\System32\services.exe\n\nNetwork Information:\n\tWorkstation Name:\t\n\tSource Network Address:\t-\n\tSource Port:\t\t-\n\nDetailed Authentication Information:\n\tLogon Process:\t\tAdvapi  \n\tAuthentication Package:\tNegotiate\n\tTransited Services:\t-\n\tPackage Name (NTLM only):\t-\n\tKey Length:\t\t0\n\nThis event is generated when a logon session is created. It is generated on the computer that was accessed.\n\nThe subject fields indicate the account on the local system which requested the logon. This is most commonly a service such as the Server service  or a local process such as Winlogon.exe or Services.exe.\n\nThe logon type field indicates the kind of logon that occurred. The most common types are 2 (interactive) and 3 (network).\n\nThe New Logon fields indicate the account for whom the new logon was created  i.e. the account that was logged on.\n\nThe network fields indicate where a remote logon request originated. Workstation name is not always available and may be left blank in some cases.\n\nThe authentication information fields provide detailed information about this specific logon request.\n\t- Logon GUID is a unique identifier that can be used to correlate this event with a KDC event.\n\t- Transited services indicate which intermediate services have participated in this logon request.\n\t- Package name indicates which sub-protocol was used among the NTLM protocols.\n\t- Key length indicates the length of the generated session key. This will be 0 if no session key was requested.,winevtx,-
2015-08-09T09:13:27.6216250+00:00,Content Modification Time,EVT,WinEVTX,[4672 / 0x1240] Provider identifier: {54849625-5478-4994-a5ba-3e3b0328c30d} Source Name: Microsoft-Windows-Security-Auditing Strings: ['S-1-5-18'  'SYSTEM'  'NT AUTHORITY'  '0x00000000000003e7'  'SeAssignPrimaryTokenPrivilege\r\n\t\t\tSeTcbPrivilege\r\n\t\t\tSeSecurityPrivilege\r\n\t\t\tSeTakeOwnershipPrivilege\r\n\t\t\tSeLoadDriverPrivilege\r\n\t\t\tSeBackupPrivilege\r\n\t\t\tSeRestorePrivilege\r\n\t\t\tSeDebugPrivilege\r\n\t\t\tSeAuditPrivilege\r\n\t\t\tSeSystemEnvironmentPrivilege\r\n\t\t\tSeImpersonatePrivilege'] Computer Name: GREENDALEGOLD Record Number: 169 Event Level: 0 Message string: Special privileges assigned to new logon.\n\nSubject:\n\tSecurity ID:\t\tS-1-5-18\n\tAccount Name:\t\tSYSTEM\n\tAccount Domain:\t\tNT AUTHORITY\n\tLogon ID:\t\t0x00000000000003e7\n\nPrivileges:\t\tSeAssignPrimaryTokenPrivilege			SeTcbPrivilege			SeSecurityPrivilege			SeTakeOwnershipPrivilege			SeLoadDriverPrivilege			SeBackupPrivilege			SeRestorePrivilege			SeDebugPrivilege			SeAuditPrivilege			SeSystemEnvironmentPrivilege			SeImpersonatePrivilege,winevtx,-
2015-08-09T09:13:27.6216250+00:00,Creation Time,EVT,WinEVTX,[4672 / 0x1240] Provider identifier: {54849625-5478-4994-a5ba-3e3b0328c30d} Source Name: Microsoft-Windows-Security-Auditing Strings: ['S-1-5-18'  'SYSTEM'  'NT AUTHORITY'  '0x00000000000003e7'  'SeAssignPrimaryTokenPrivilege\r\n\t\t\tSeTcbPrivilege\r\n\t\t\tSeSecurityPrivilege\r\n\t\t\tSeTakeOwnershipPrivilege\r\n\t\t\tSeLoadDriverPrivilege\r\n\t\t\tSeBackupPrivilege\r\n\t\t\tSeRestorePrivilege\r\n\t\t\tSeDebugPrivilege\r\n\t\t\tSeAuditPrivilege\r\n\t\t\tSeSystemEnvironmentPrivilege\r\n\t\t\tSeImpersonatePrivilege'] Computer Name: GREENDALEGOLD Record Number: 169 Event Level: 0 Message string: Special privileges assigned to new logon.\n\nSubject:\n\tSecurity ID:\t\tS-1-5-18\n\tAccount Name:\t\tSYSTEM\n\tAccount Domain:\t\tNT AUTHORITY\n\tLogon ID:\t\t0x00000000000003e7\n\nPrivileges:\t\tSeAssignPrimaryTokenPrivilege			SeTcbPrivilege			SeSecurityPrivilege			SeTakeOwnershipPrivilege			SeLoadDriverPrivilege			SeBackupPrivilege			SeRestorePrivilege			SeDebugPrivilege			SeAuditPrivilege			SeSystemEnvironmentPrivilege			SeImpersonatePrivilege,winevtx,-
2015-08-09T09:13:29.9028750+00:00,Content Modification Time,EVT,WinEVTX,[5033 / 0x13a9] Provider identifier: {54849625-5478-4994-a5ba-3e3b0328c30d} Source Name: Microsoft-Windows-Security-Auditing Strings: [] Computer Name: GREENDALEGOLD Record Number: 170 Event Level: 0 Message string: The Windows Firewall Driver started successfully.,winevtx,-
2015-08-09T09:13:29.9028750+00:00,Creation Time,EVT,WinEVTX,[5033 / 0x13a9] Provider identifier: {54849625-5478-4994-a5ba-3e3b0328c30d} Source Name: Microsoft-Windows-Security-Auditing Strings: [] Computer Name: GREENDALEGOLD Record Number: 170 Event Level: 0 Message string: The Windows Firewall Driver started successfully.,winevtx,-
2015-08-09T09:13:31.6528750+00:00,Content Modification Time,EVT,WinEVTX,[5024 / 0x13a0] Provider identifier: {54849625-5478-4994-a5ba-3e3b0328c30d} Source Name: Microsoft-Windows-Security-Auditing Strings: [] Computer Name: GREENDALEGOLD Record Number: 171 Event Level: 0 Message string: The Windows Firewall service started successfully.,winevtx,-
2015-08-09T09:13:31.6528750+00:00,Creation Time,EVT,WinEVTX,[5024 / 0x13a0] Provider identifier: {54849625-5478-4994-a5ba-3e3b0328c30d} Source Name: Microsoft-Windows-Security-Auditing Strings: [] Computer Name: GREENDALEGOLD Record Number: 171 Event Level: 0 Message string: The Windows Firewall service started successfully.,winevtx,-
2015-08-09T09:13:38.7622500+00:00,Content Modification Time,EVT,WinEVTX,[4624 / 0x1210] Provider identifier: {54849625-5478-4994-a5ba-3e3b0328c30d} Source Name: Microsoft-Windows-Security-Auditing Strings: ['S-1-0-0'  '-'  '-'  '0x0000000000000000'  'S-1-5-7'  'ANONYMOUS LOGON'  'NT AUTHORITY'  '0x000000000001571a'  '3'  'NtLmSsp '  'NTLM'  None  '{00000000-0000-0000-0000-000000000000}'  '-'  'NTLM V1'  '0'  '0x0000000000000000'  '-'  '-'  '-'] Computer Name: GREENDALEGOLD Record Number: 172 Event Level: 0 Message string: An account was successfully logged on.\n\nSubject:\n\tSecurity ID:\t\tS-1-0-0\n\tAccount Name:\t\t-\n\tAccount Domain:\t\t-\n\tLogon ID:\t\t0x0000000000000000\n\nLogon Type:\t\t\t3\n\nNew Logon:\n\tSecurity ID:\t\tS-1-5-7\n\tAccount Name:\t\tANONYMOUS LOGON\n\tAccount Domain:\t\tNT AUTHORITY\n\tLogon ID:\t\t0x000000000001571a\n\tLogon GUID:\t\t{00000000-0000-0000-0000-000000000000}\n\nProcess Information:\n\tProcess ID:\t\t0x0000000000000000\n\tProcess Name:\t\t-\n\nNetwork Information:\n\tWorkstation Name:\t\n\tSource Network Address:\t-\n\tSource Port:\t\t-\n\nDetailed Authentication Information:\n\tLogon Process:\t\tNtLmSsp \n\tAuthentication Package:\tNTLM\n\tTransited Services:\t-\n\tPackage Name (NTLM only):\tNTLM V1\n\tKey Length:\t\t0\n\nThis event is generated when a logon session is created. It is generated on the computer that was accessed.\n\nThe subject fields indicate the account on the local system which requested the logon. This is most commonly a service such as the Server service  or a local process such as Winlogon.exe or Services.exe.\n\nThe logon type field indicates the kind of logon that occurred. The most common types are 2 (interactive) and 3 (network).\n\nThe New Logon fields indicate the account for whom the new logon was created  i.e. the account that was logged on.\n\nThe network fields indicate where a remote logon request originated. Workstation name is not always available and may be left blank in some cases.\n\nThe authentication information fields provide detailed information about this specific logon request.\n\t- Logon GUID is a unique identifier that can be used to correlate this event with a KDC event.\n\t- Transited services indicate which intermediate services have participated in this logon request.\n\t- Package name indicates which sub-protocol was used among the NTLM protocols.\n\t- Key length indicates the length of the generated session key. This will be 0 if no session key was requested.,winevtx,-
2015-08-09T09:13:38.7622500+00:00,Creation Time,EVT,WinEVTX,[4624 / 0x1210] Provider identifier: {54849625-5478-4994-a5ba-3e3b0328c30d} Source Name: Microsoft-Windows-Security-Auditing Strings: ['S-1-0-0'  '-'  '-'  '0x0000000000000000'  'S-1-5-7'  'ANONYMOUS LOGON'  'NT AUTHORITY'  '0x000000000001571a'  '3'  'NtLmSsp '  'NTLM'  None  '{00000000-0000-0000-0000-000000000000}'  '-'  'NTLM V1'  '0'  '0x0000000000000000'  '-'  '-'  '-'] Computer Name: GREENDALEGOLD Record Number: 172 Event Level: 0 Message string: An account was successfully logged on.\n\nSubject:\n\tSecurity ID:\t\tS-1-0-0\n\tAccount Name:\t\t-\n\tAccount Domain:\t\t-\n\tLogon ID:\t\t0x0000000000000000\n\nLogon Type:\t\t\t3\n\nNew Logon:\n\tSecurity ID:\t\tS-1-5-7\n\tAccount Name:\t\tANONYMOUS LOGON\n\tAccount Domain:\t\tNT AUTHORITY\n\tLogon ID:\t\t0x000000000001571a\n\tLogon GUID:\t\t{00000000-0000-0000-0000-000000000000}\n\nProcess Information:\n\tProcess ID:\t\t0x0000000000000000\n\tProcess Name:\t\t-\n\nNetwork Information:\n\tWorkstation Name:\t\n\tSource Network Address:\t-\n\tSource Port:\t\t-\n\nDetailed Authentication Information:\n\tLogon Process:\t\tNtLmSsp \n\tAuthentication Package:\tNTLM\n\tTransited Services:\t-\n\tPackage Name (NTLM only):\tNTLM V1\n\tKey Length:\t\t0\n\nThis event is generated when a logon session is created. It is generated on the computer that was accessed.\n\nThe subject fields indicate the account on the local system which requested the logon. This is most commonly a service such as the Server service  or a local process such as Winlogon.exe or Services.exe.\n\nThe logon type field indicates the kind of logon that occurred. The most common types are 2 (interactive) and 3 (network).\n\nThe New Logon fields indicate the account for whom the new logon was created  i.e. the account that was logged on.\n\nThe network fields indicate where a remote logon request originated. Workstation name is not always available and may be left blank in some cases.\n\nThe authentication information fields provide detailed information about this specific logon request.\n\t- Logon GUID is a unique identifier that can be used to correlate this event with a KDC event.\n\t- Transited services indicate which intermediate services have participated in this logon request.\n\t- Package name indicates which sub-protocol was used among the NTLM protocols.\n\t- Key length indicates the length of the generated session key. This will be 0 if no session key was requested.,winevtx,-
2015-08-09T09:14:56.0356875+00:00,Content Modification Time,EVT,WinEVTX,[4624 / 0x1210] Provider identifier: {54849625-5478-4994-a5ba-3e3b0328c30d} Source Name: Microsoft-Windows-Security-Auditing Strings: ['S-1-5-18'  'GREENDALEGOLD$'  'WORKGROUP'  '0x00000000000003e7'  'S-1-5-21-1539974973-2753941131-3212641383-1000'  'gold_administrator'  'GREENDALEGOLD'  '0x000000000001ab74'  '2'  'User32 '  'Negotiate'  'GREENDALEGOLD'  '{00000000-0000-0000-0000-000000000000}'  '-'  '-'  '0'  '0x00000000000001ac'  'C:\\Windows\\System32\\winlogon.exe'  '127.0.0.1'  '0'] Computer Name: GREENDALEGOLD Record Number: 174 Event Level: 0 Message string: An account was successfully logged on.\n\nSubject:\n\tSecurity ID:\t\tS-1-5-18\n\tAccount Name:\t\tGREENDALEGOLD$\n\tAccount Domain:\t\tWORKGROUP\n\tLogon ID:\t\t0x00000000000003e7\n\nLogon Type:\t\t\t2\n\nNew Logon:\n\tSecurity ID:\t\tS-1-5-21-1539974973-2753941131-3212641383-1000\n\tAccount Name:\t\tgold_administrator\n\tAccount Domain:\t\tGREENDALEGOLD\n\tLogon ID:\t\t0x000000000001ab74\n\tLogon GUID:\t\t{00000000-0000-0000-0000-000000000000}\n\nProcess Information:\n\tProcess ID:\t\t0x00000000000001ac\n\tProcess Name:\t\tC:\Windows\System32\winlogon.exe\n\nNetwork Information:\n\tWorkstation Name:\tGREENDALEGOLD\n\tSource Network Address:\t127.0.0.1\n\tSource Port:\t\t0\n\nDetailed Authentication Information:\n\tLogon Process:\t\tUser32 \n\tAuthentication Package:\tNegotiate\n\tTransited Services:\t-\n\tPackage Name (NTLM only):\t-\n\tKey Length:\t\t0\n\nThis event is generated when a logon session is created. It is generated on the computer that was accessed.\n\nThe subject fields indicate the account on the local system which requested the logon. This is most commonly a service such as the Server service  or a local process such as Winlogon.exe or Services.exe.\n\nThe logon type field indicates the kind of logon that occurred. The most common types are 2 (interactive) and 3 (network).\n\nThe New Logon fields indicate the account for whom the new logon was created  i.e. the account that was logged on.\n\nThe network fields indicate where a remote logon request originated. Workstation name is not always available and may be left blank in some cases.\n\nThe authentication information fields provide detailed information about this specific logon request.\n\t- Logon GUID is a unique identifier that can be used to correlate this event with a KDC event.\n\t- Transited services indicate which intermediate services have participated in this logon request.\n\t- Package name indicates which sub-protocol was used among the NTLM protocols.\n\t- Key length indicates the length of the generated session key. This will be 0 if no session key was requested.,winevtx,-
2015-08-09T09:14:56.0356875+00:00,Creation Time,EVT,WinEVTX,[4624 / 0x1210] Provider identifier: {54849625-5478-4994-a5ba-3e3b0328c30d} Source Name: Microsoft-Windows-Security-Auditing Strings: ['S-1-5-18'  'GREENDALEGOLD$'  'WORKGROUP'  '0x00000000000003e7'  'S-1-5-21-1539974973-2753941131-3212641383-1000'  'gold_administrator'  'GREENDALEGOLD'  '0x000000000001ab74'  '2'  'User32 '  'Negotiate'  'GREENDALEGOLD'  '{00000000-0000-0000-0000-000000000000}'  '-'  '-'  '0'  '0x00000000000001ac'  'C:\\Windows\\System32\\winlogon.exe'  '127.0.0.1'  '0'] Computer Name: GREENDALEGOLD Record Number: 174 Event Level: 0 Message string: An account was successfully logged on.\n\nSubject:\n\tSecurity ID:\t\tS-1-5-18\n\tAccount Name:\t\tGREENDALEGOLD$\n\tAccount Domain:\t\tWORKGROUP\n\tLogon ID:\t\t0x00000000000003e7\n\nLogon Type:\t\t\t2\n\nNew Logon:\n\tSecurity ID:\t\tS-1-5-21-1539974973-2753941131-3212641383-1000\n\tAccount Name:\t\tgold_administrator\n\tAccount Domain:\t\tGREENDALEGOLD\n\tLogon ID:\t\t0x000000000001ab74\n\tLogon GUID:\t\t{00000000-0000-0000-0000-000000000000}\n\nProcess Information:\n\tProcess ID:\t\t0x00000000000001ac\n\tProcess Name:\t\tC:\Windows\System32\winlogon.exe\n\nNetwork Information:\n\tWorkstation Name:\tGREENDALEGOLD\n\tSource Network Address:\t127.0.0.1\n\tSource Port:\t\t0\n\nDetailed Authentication Information:\n\tLogon Process:\t\tUser32 \n\tAuthentication Package:\tNegotiate\n\tTransited Services:\t-\n\tPackage Name (NTLM only):\t-\n\tKey Length:\t\t0\n\nThis event is generated when a logon session is created. It is generated on the computer that was accessed.\n\nThe subject fields indicate the account on the local system which requested the logon. This is most commonly a service such as the Server service  or a local process such as Winlogon.exe or Services.exe.\n\nThe logon type field indicates the kind of logon that occurred. The most common types are 2 (interactive) and 3 (network).\n\nThe New Logon fields indicate the account for whom the new logon was created  i.e. the account that was logged on.\n\nThe network fields indicate where a remote logon request originated. Workstation name is not always available and may be left blank in some cases.\n\nThe authentication information fields provide detailed information about this specific logon request.\n\t- Logon GUID is a unique identifier that can be used to correlate this event with a KDC event.\n\t- Transited services indicate which intermediate services have participated in this logon request.\n\t- Package name indicates which sub-protocol was used among the NTLM protocols.\n\t- Key length indicates the length of the generated session key. This will be 0 if no session key was requested.,winevtx,-
