2015-08-08T06:57:26.5156250+00:00,Content Modification Time,EVT,WinEVTX,[4624 / 0x1210] Provider identifier: {54849625-5478-4994-a5ba-3e3b0328c30d} Source Name: Microsoft-Windows-Security-Auditing Strings: ['S-1-5-18'  'WIN-LK5OF8CDD94$'  'WORKGROUP'  '0x00000000000003e7'  'S-1-5-18'  'SYSTEM'  'NT AUTHORITY'  '0x00000000000003e7'  '5'  'Advapi  '  'Negotiate'  None  '{00000000-0000-0000-0000-000000000000}'  '-'  '-'  '0'  '0x00000000000001b4'  'C:\\Windows\\System32\\services.exe'  '-'  '-'] Computer Name: GREENDALEGOLD Record Number: 52 Event Level: 0 Message string: An account was successfully logged on.\n\nSubject:\n\tSecurity ID:\t\tS-1-5-18\n\tAccount Name:\t\tWIN-LK5OF8CDD94$\n\tAccount Domain:\t\tWORKGROUP\n\tLogon ID:\t\t0x00000000000003e7\n\nLogon Type:\t\t\t5\n\nNew Logon:\n\tSecurity ID:\t\tS-1-5-18\n\tAccount Name:\t\tSYSTEM\n\tAccount Domain:\t\tNT AUTHORITY\n\tLogon ID:\t\t0x00000000000003e7\n\tLogon GUID:\t\t{00000000-0000-0000-0000-000000000000}\n\nProcess Information:\n\tProcess ID:\t\t0x00000000000001b4\n\tProcess Name:\t\tC:\Windows\System32\services.exe\n\nNetwork Information:\n\tWorkstation Name:\t\n\tSource Network Address:\t-\n\tSource Port:\t\t-\n\nDetailed Authentication Information:\n\tLogon Process:\t\tAdvapi  \n\tAuthentication Package:\tNegotiate\n\tTransited Services:\t-\n\tPackage Name (NTLM only):\t-\n\tKey Length:\t\t0\n\nThis event is generated when a logon session is created. It is generated on the computer that was accessed.\n\nThe subject fields indicate the account on the local system which requested the logon. This is most commonly a service such as the Server service  or a local process such as Winlogon.exe or Services.exe.\n\nThe logon type field indicates the kind of logon that occurred. The most common types are 2 (interactive) and 3 (network).\n\nThe New Logon fields indicate the account for whom the new logon was created  i.e. the account that was logged on.\n\nThe network fields indicate where a remote logon request originated. Workstation name is not always available and may be left blank in some cases.\n\nThe authentication information fields provide detailed information about this specific logon request.\n\t- Logon GUID is a unique identifier that can be used to correlate this event with a KDC event.\n\t- Transited services indicate which intermediate services have participated in this logon request.\n\t- Package name indicates which sub-protocol was used among the NTLM protocols.\n\t- Key length indicates the length of the generated session key. This will be 0 if no session key was requested.,winevtx,-
2015-08-08T06:57:26.5156250+00:00,Creation Time,EVT,WinEVTX,[4624 / 0x1210] Provider identifier: {54849625-5478-4994-a5ba-3e3b0328c30d} Source Name: Microsoft-Windows-Security-Auditing Strings: ['S-1-5-18'  'WIN-LK5OF8CDD94$'  'WORKGROUP'  '0x00000000000003e7'  'S-1-5-18'  'SYSTEM'  'NT AUTHORITY'  '0x00000000000003e7'  '5'  'Advapi  '  'Negotiate'  None  '{00000000-0000-0000-0000-000000000000}'  '-'  '-'  '0'  '0x00000000000001b4'  'C:\\Windows\\System32\\services.exe'  '-'  '-'] Computer Name: GREENDALEGOLD Record Number: 52 Event Level: 0 Message string: An account was successfully logged on.\n\nSubject:\n\tSecurity ID:\t\tS-1-5-18\n\tAccount Name:\t\tWIN-LK5OF8CDD94$\n\tAccount Domain:\t\tWORKGROUP\n\tLogon ID:\t\t0x00000000000003e7\n\nLogon Type:\t\t\t5\n\nNew Logon:\n\tSecurity ID:\t\tS-1-5-18\n\tAccount Name:\t\tSYSTEM\n\tAccount Domain:\t\tNT AUTHORITY\n\tLogon ID:\t\t0x00000000000003e7\n\tLogon GUID:\t\t{00000000-0000-0000-0000-000000000000}\n\nProcess Information:\n\tProcess ID:\t\t0x00000000000001b4\n\tProcess Name:\t\tC:\Windows\System32\services.exe\n\nNetwork Information:\n\tWorkstation Name:\t\n\tSource Network Address:\t-\n\tSource Port:\t\t-\n\nDetailed Authentication Information:\n\tLogon Process:\t\tAdvapi  \n\tAuthentication Package:\tNegotiate\n\tTransited Services:\t-\n\tPackage Name (NTLM only):\t-\n\tKey Length:\t\t0\n\nThis event is generated when a logon session is created. It is generated on the computer that was accessed.\n\nThe subject fields indicate the account on the local system which requested the logon. This is most commonly a service such as the Server service  or a local process such as Winlogon.exe or Services.exe.\n\nThe logon type field indicates the kind of logon that occurred. The most common types are 2 (interactive) and 3 (network).\n\nThe New Logon fields indicate the account for whom the new logon was created  i.e. the account that was logged on.\n\nThe network fields indicate where a remote logon request originated. Workstation name is not always available and may be left blank in some cases.\n\nThe authentication information fields provide detailed information about this specific logon request.\n\t- Logon GUID is a unique identifier that can be used to correlate this event with a KDC event.\n\t- Transited services indicate which intermediate services have participated in this logon request.\n\t- Package name indicates which sub-protocol was used among the NTLM protocols.\n\t- Key length indicates the length of the generated session key. This will be 0 if no session key was requested.,winevtx,-
2015-08-08T06:57:26.5156250+00:00,Content Modification Time,EVT,WinEVTX,[4672 / 0x1240] Provider identifier: {54849625-5478-4994-a5ba-3e3b0328c30d} Source Name: Microsoft-Windows-Security-Auditing Strings: ['S-1-5-18'  'SYSTEM'  'NT AUTHORITY'  '0x00000000000003e7'  'SeAssignPrimaryTokenPrivilege\r\n\t\t\tSeTcbPrivilege\r\n\t\t\tSeSecurityPrivilege\r\n\t\t\tSeTakeOwnershipPrivilege\r\n\t\t\tSeLoadDriverPrivilege\r\n\t\t\tSeBackupPrivilege\r\n\t\t\tSeRestorePrivilege\r\n\t\t\tSeDebugPrivilege\r\n\t\t\tSeAuditPrivilege\r\n\t\t\tSeSystemEnvironmentPrivilege\r\n\t\t\tSeImpersonatePrivilege'] Computer Name: GREENDALEGOLD Record Number: 53 Event Level: 0 Message string: Special privileges assigned to new logon.\n\nSubject:\n\tSecurity ID:\t\tS-1-5-18\n\tAccount Name:\t\tSYSTEM\n\tAccount Domain:\t\tNT AUTHORITY\n\tLogon ID:\t\t0x00000000000003e7\n\nPrivileges:\t\tSeAssignPrimaryTokenPrivilege			SeTcbPrivilege			SeSecurityPrivilege			SeTakeOwnershipPrivilege			SeLoadDriverPrivilege			SeBackupPrivilege			SeRestorePrivilege			SeDebugPrivilege			SeAuditPrivilege			SeSystemEnvironmentPrivilege			SeImpersonatePrivilege,winevtx,-
2015-08-08T06:57:26.5156250+00:00,Creation Time,EVT,WinEVTX,[4672 / 0x1240] Provider identifier: {54849625-5478-4994-a5ba-3e3b0328c30d} Source Name: Microsoft-Windows-Security-Auditing Strings: ['S-1-5-18'  'SYSTEM'  'NT AUTHORITY'  '0x00000000000003e7'  'SeAssignPrimaryTokenPrivilege\r\n\t\t\tSeTcbPrivilege\r\n\t\t\tSeSecurityPrivilege\r\n\t\t\tSeTakeOwnershipPrivilege\r\n\t\t\tSeLoadDriverPrivilege\r\n\t\t\tSeBackupPrivilege\r\n\t\t\tSeRestorePrivilege\r\n\t\t\tSeDebugPrivilege\r\n\t\t\tSeAuditPrivilege\r\n\t\t\tSeSystemEnvironmentPrivilege\r\n\t\t\tSeImpersonatePrivilege'] Computer Name: GREENDALEGOLD Record Number: 53 Event Level: 0 Message string: Special privileges assigned to new logon.\n\nSubject:\n\tSecurity ID:\t\tS-1-5-18\n\tAccount Name:\t\tSYSTEM\n\tAccount Domain:\t\tNT AUTHORITY\n\tLogon ID:\t\t0x00000000000003e7\n\nPrivileges:\t\tSeAssignPrimaryTokenPrivilege			SeTcbPrivilege			SeSecurityPrivilege			SeTakeOwnershipPrivilege			SeLoadDriverPrivilege			SeBackupPrivilege			SeRestorePrivilege			SeDebugPrivilege			SeAuditPrivilege			SeSystemEnvironmentPrivilege			SeImpersonatePrivilege,winevtx,-
2015-08-08T06:57:30.3437500+00:00,Content Modification Time,EVT,WinEVTX,[4624 / 0x1210] Provider identifier: {54849625-5478-4994-a5ba-3e3b0328c30d} Source Name: Microsoft-Windows-Security-Auditing Strings: ['S-1-5-18'  'WIN-LK5OF8CDD94$'  'WORKGROUP'  '0x00000000000003e7'  'S-1-5-18'  'SYSTEM'  'NT AUTHORITY'  '0x00000000000003e7'  '5'  'Advapi  '  'Negotiate'  None  '{00000000-0000-0000-0000-000000000000}'  '-'  '-'  '0'  '0x00000000000001b4'  'C:\\Windows\\System32\\services.exe'  '-'  '-'] Computer Name: GREENDALEGOLD Record Number: 54 Event Level: 0 Message string: An account was successfully logged on.\n\nSubject:\n\tSecurity ID:\t\tS-1-5-18\n\tAccount Name:\t\tWIN-LK5OF8CDD94$\n\tAccount Domain:\t\tWORKGROUP\n\tLogon ID:\t\t0x00000000000003e7\n\nLogon Type:\t\t\t5\n\nNew Logon:\n\tSecurity ID:\t\tS-1-5-18\n\tAccount Name:\t\tSYSTEM\n\tAccount Domain:\t\tNT AUTHORITY\n\tLogon ID:\t\t0x00000000000003e7\n\tLogon GUID:\t\t{00000000-0000-0000-0000-000000000000}\n\nProcess Information:\n\tProcess ID:\t\t0x00000000000001b4\n\tProcess Name:\t\tC:\Windows\System32\services.exe\n\nNetwork Information:\n\tWorkstation Name:\t\n\tSource Network Address:\t-\n\tSource Port:\t\t-\n\nDetailed Authentication Information:\n\tLogon Process:\t\tAdvapi  \n\tAuthentication Package:\tNegotiate\n\tTransited Services:\t-\n\tPackage Name (NTLM only):\t-\n\tKey Length:\t\t0\n\nThis event is generated when a logon session is created. It is generated on the computer that was accessed.\n\nThe subject fields indicate the account on the local system which requested the logon. This is most commonly a service such as the Server service  or a local process such as Winlogon.exe or Services.exe.\n\nThe logon type field indicates the kind of logon that occurred. The most common types are 2 (interactive) and 3 (network).\n\nThe New Logon fields indicate the account for whom the new logon was created  i.e. the account that was logged on.\n\nThe network fields indicate where a remote logon request originated. Workstation name is not always available and may be left blank in some cases.\n\nThe authentication information fields provide detailed information about this specific logon request.\n\t- Logon GUID is a unique identifier that can be used to correlate this event with a KDC event.\n\t- Transited services indicate which intermediate services have participated in this logon request.\n\t- Package name indicates which sub-protocol was used among the NTLM protocols.\n\t- Key length indicates the length of the generated session key. This will be 0 if no session key was requested.,winevtx,-
2015-08-08T06:57:30.3437500+00:00,Creation Time,EVT,WinEVTX,[4624 / 0x1210] Provider identifier: {54849625-5478-4994-a5ba-3e3b0328c30d} Source Name: Microsoft-Windows-Security-Auditing Strings: ['S-1-5-18'  'WIN-LK5OF8CDD94$'  'WORKGROUP'  '0x00000000000003e7'  'S-1-5-18'  'SYSTEM'  'NT AUTHORITY'  '0x00000000000003e7'  '5'  'Advapi  '  'Negotiate'  None  '{00000000-0000-0000-0000-000000000000}'  '-'  '-'  '0'  '0x00000000000001b4'  'C:\\Windows\\System32\\services.exe'  '-'  '-'] Computer Name: GREENDALEGOLD Record Number: 54 Event Level: 0 Message string: An account was successfully logged on.\n\nSubject:\n\tSecurity ID:\t\tS-1-5-18\n\tAccount Name:\t\tWIN-LK5OF8CDD94$\n\tAccount Domain:\t\tWORKGROUP\n\tLogon ID:\t\t0x00000000000003e7\n\nLogon Type:\t\t\t5\n\nNew Logon:\n\tSecurity ID:\t\tS-1-5-18\n\tAccount Name:\t\tSYSTEM\n\tAccount Domain:\t\tNT AUTHORITY\n\tLogon ID:\t\t0x00000000000003e7\n\tLogon GUID:\t\t{00000000-0000-0000-0000-000000000000}\n\nProcess Information:\n\tProcess ID:\t\t0x00000000000001b4\n\tProcess Name:\t\tC:\Windows\System32\services.exe\n\nNetwork Information:\n\tWorkstation Name:\t\n\tSource Network Address:\t-\n\tSource Port:\t\t-\n\nDetailed Authentication Information:\n\tLogon Process:\t\tAdvapi  \n\tAuthentication Package:\tNegotiate\n\tTransited Services:\t-\n\tPackage Name (NTLM only):\t-\n\tKey Length:\t\t0\n\nThis event is generated when a logon session is created. It is generated on the computer that was accessed.\n\nThe subject fields indicate the account on the local system which requested the logon. This is most commonly a service such as the Server service  or a local process such as Winlogon.exe or Services.exe.\n\nThe logon type field indicates the kind of logon that occurred. The most common types are 2 (interactive) and 3 (network).\n\nThe New Logon fields indicate the account for whom the new logon was created  i.e. the account that was logged on.\n\nThe network fields indicate where a remote logon request originated. Workstation name is not always available and may be left blank in some cases.\n\nThe authentication information fields provide detailed information about this specific logon request.\n\t- Logon GUID is a unique identifier that can be used to correlate this event with a KDC event.\n\t- Transited services indicate which intermediate services have participated in this logon request.\n\t- Package name indicates which sub-protocol was used among the NTLM protocols.\n\t- Key length indicates the length of the generated session key. This will be 0 if no session key was requested.,winevtx,-
2015-08-08T06:57:30.3437500+00:00,Content Modification Time,EVT,WinEVTX,[4672 / 0x1240] Provider identifier: {54849625-5478-4994-a5ba-3e3b0328c30d} Source Name: Microsoft-Windows-Security-Auditing Strings: ['S-1-5-18'  'SYSTEM'  'NT AUTHORITY'  '0x00000000000003e7'  'SeAssignPrimaryTokenPrivilege\r\n\t\t\tSeTcbPrivilege\r\n\t\t\tSeSecurityPrivilege\r\n\t\t\tSeTakeOwnershipPrivilege\r\n\t\t\tSeLoadDriverPrivilege\r\n\t\t\tSeBackupPrivilege\r\n\t\t\tSeRestorePrivilege\r\n\t\t\tSeDebugPrivilege\r\n\t\t\tSeAuditPrivilege\r\n\t\t\tSeSystemEnvironmentPrivilege\r\n\t\t\tSeImpersonatePrivilege'] Computer Name: GREENDALEGOLD Record Number: 55 Event Level: 0 Message string: Special privileges assigned to new logon.\n\nSubject:\n\tSecurity ID:\t\tS-1-5-18\n\tAccount Name:\t\tSYSTEM\n\tAccount Domain:\t\tNT AUTHORITY\n\tLogon ID:\t\t0x00000000000003e7\n\nPrivileges:\t\tSeAssignPrimaryTokenPrivilege			SeTcbPrivilege			SeSecurityPrivilege			SeTakeOwnershipPrivilege			SeLoadDriverPrivilege			SeBackupPrivilege			SeRestorePrivilege			SeDebugPrivilege			SeAuditPrivilege			SeSystemEnvironmentPrivilege			SeImpersonatePrivilege,winevtx,-
2015-08-08T06:57:30.3437500+00:00,Creation Time,EVT,WinEVTX,[4672 / 0x1240] Provider identifier: {54849625-5478-4994-a5ba-3e3b0328c30d} Source Name: Microsoft-Windows-Security-Auditing Strings: ['S-1-5-18'  'SYSTEM'  'NT AUTHORITY'  '0x00000000000003e7'  'SeAssignPrimaryTokenPrivilege\r\n\t\t\tSeTcbPrivilege\r\n\t\t\tSeSecurityPrivilege\r\n\t\t\tSeTakeOwnershipPrivilege\r\n\t\t\tSeLoadDriverPrivilege\r\n\t\t\tSeBackupPrivilege\r\n\t\t\tSeRestorePrivilege\r\n\t\t\tSeDebugPrivilege\r\n\t\t\tSeAuditPrivilege\r\n\t\t\tSeSystemEnvironmentPrivilege\r\n\t\t\tSeImpersonatePrivilege'] Computer Name: GREENDALEGOLD Record Number: 55 Event Level: 0 Message string: Special privileges assigned to new logon.\n\nSubject:\n\tSecurity ID:\t\tS-1-5-18\n\tAccount Name:\t\tSYSTEM\n\tAccount Domain:\t\tNT AUTHORITY\n\tLogon ID:\t\t0x00000000000003e7\n\nPrivileges:\t\tSeAssignPrimaryTokenPrivilege			SeTcbPrivilege			SeSecurityPrivilege			SeTakeOwnershipPrivilege			SeLoadDriverPrivilege			SeBackupPrivilege			SeRestorePrivilege			SeDebugPrivilege			SeAuditPrivilege			SeSystemEnvironmentPrivilege			SeImpersonatePrivilege,winevtx,-
2015-08-08T06:57:30.9062500+00:00,Content Modification Time,EVT,WinEVTX,[4735 / 0x127f] Provider identifier: {54849625-5478-4994-a5ba-3e3b0328c30d} Source Name: Microsoft-Windows-Security-Auditing Strings: ['Administrators'  'Builtin'  'S-1-5-32-544'  'S-1-5-18'  'WIN-LK5OF8CDD94$'  'WORKGROUP'  '0x00000000000003e7'  '-'  '-'  '-'] Computer Name: GREENDALEGOLD Record Number: 56 Event Level: 0 Message string: A security-enabled local group was changed.\n\nSubject:\n\tSecurity ID:\t\tS-1-5-18\n\tAccount Name:\t\tWIN-LK5OF8CDD94$\n\tAccount Domain:\t\tWORKGROUP\n\tLogon ID:\t\t0x00000000000003e7\n\nGroup:\n\tSecurity ID:\t\tS-1-5-32-544\n\tGroup Name:\t\tAdministrators\n\tGroup Domain:\t\tBuiltin\n\nChanged Attributes:\n\tSAM Account Name:\t-\n\tSID History:\t\t-\n\nAdditional Information:\n\tPrivileges:\t\t-,winevtx,-
2015-08-08T06:57:30.9062500+00:00,Creation Time,EVT,WinEVTX,[4735 / 0x127f] Provider identifier: {54849625-5478-4994-a5ba-3e3b0328c30d} Source Name: Microsoft-Windows-Security-Auditing Strings: ['Administrators'  'Builtin'  'S-1-5-32-544'  'S-1-5-18'  'WIN-LK5OF8CDD94$'  'WORKGROUP'  '0x00000000000003e7'  '-'  '-'  '-'] Computer Name: GREENDALEGOLD Record Number: 56 Event Level: 0 Message string: A security-enabled local group was changed.\n\nSubject:\n\tSecurity ID:\t\tS-1-5-18\n\tAccount Name:\t\tWIN-LK5OF8CDD94$\n\tAccount Domain:\t\tWORKGROUP\n\tLogon ID:\t\t0x00000000000003e7\n\nGroup:\n\tSecurity ID:\t\tS-1-5-32-544\n\tGroup Name:\t\tAdministrators\n\tGroup Domain:\t\tBuiltin\n\nChanged Attributes:\n\tSAM Account Name:\t-\n\tSID History:\t\t-\n\nAdditional Information:\n\tPrivileges:\t\t-,winevtx,-
2015-08-08T06:57:30.9375000+00:00,Content Modification Time,EVT,WinEVTX,[4735 / 0x127f] Provider identifier: {54849625-5478-4994-a5ba-3e3b0328c30d} Source Name: Microsoft-Windows-Security-Auditing Strings: ['Administrators'  'Builtin'  'S-1-5-32-544'  'S-1-5-18'  'WIN-LK5OF8CDD94$'  'WORKGROUP'  '0x00000000000003e7'  '-'  'Administrators'  '-'] Computer Name: GREENDALEGOLD Record Number: 58 Event Level: 0 Message string: A security-enabled local group was changed.\n\nSubject:\n\tSecurity ID:\t\tS-1-5-18\n\tAccount Name:\t\tWIN-LK5OF8CDD94$\n\tAccount Domain:\t\tWORKGROUP\n\tLogon ID:\t\t0x00000000000003e7\n\nGroup:\n\tSecurity ID:\t\tS-1-5-32-544\n\tGroup Name:\t\tAdministrators\n\tGroup Domain:\t\tBuiltin\n\nChanged Attributes:\n\tSAM Account Name:\tAdministrators\n\tSID History:\t\t-\n\nAdditional Information:\n\tPrivileges:\t\t-,winevtx,-
2015-08-08T06:57:30.9375000+00:00,Creation Time,EVT,WinEVTX,[4735 / 0x127f] Provider identifier: {54849625-5478-4994-a5ba-3e3b0328c30d} Source Name: Microsoft-Windows-Security-Auditing Strings: ['Administrators'  'Builtin'  'S-1-5-32-544'  'S-1-5-18'  'WIN-LK5OF8CDD94$'  'WORKGROUP'  '0x00000000000003e7'  '-'  'Administrators'  '-'] Computer Name: GREENDALEGOLD Record Number: 58 Event Level: 0 Message string: A security-enabled local group was changed.\n\nSubject:\n\tSecurity ID:\t\tS-1-5-18\n\tAccount Name:\t\tWIN-LK5OF8CDD94$\n\tAccount Domain:\t\tWORKGROUP\n\tLogon ID:\t\t0x00000000000003e7\n\nGroup:\n\tSecurity ID:\t\tS-1-5-32-544\n\tGroup Name:\t\tAdministrators\n\tGroup Domain:\t\tBuiltin\n\nChanged Attributes:\n\tSAM Account Name:\tAdministrators\n\tSID History:\t\t-\n\nAdditional Information:\n\tPrivileges:\t\t-,winevtx,-
2015-08-08T06:57:30.9375000+00:00,Content Modification Time,EVT,WinEVTX,[4735 / 0x127f] Provider identifier: {54849625-5478-4994-a5ba-3e3b0328c30d} Source Name: Microsoft-Windows-Security-Auditing Strings: ['Backup Operators'  'Builtin'  'S-1-5-32-551'  'S-1-5-18'  'WIN-LK5OF8CDD94$'  'WORKGROUP'  '0x00000000000003e7'  '-'  '-'  '-'] Computer Name: GREENDALEGOLD Record Number: 65 Event Level: 0 Message string: A security-enabled local group was changed.\n\nSubject:\n\tSecurity ID:\t\tS-1-5-18\n\tAccount Name:\t\tWIN-LK5OF8CDD94$\n\tAccount Domain:\t\tWORKGROUP\n\tLogon ID:\t\t0x00000000000003e7\n\nGroup:\n\tSecurity ID:\t\tS-1-5-32-551\n\tGroup Name:\t\tBackup Operators\n\tGroup Domain:\t\tBuiltin\n\nChanged Attributes:\n\tSAM Account Name:\t-\n\tSID History:\t\t-\n\nAdditional Information:\n\tPrivileges:\t\t-,winevtx,-
2015-08-08T06:57:30.9375000+00:00,Creation Time,EVT,WinEVTX,[4735 / 0x127f] Provider identifier: {54849625-5478-4994-a5ba-3e3b0328c30d} Source Name: Microsoft-Windows-Security-Auditing Strings: ['Backup Operators'  'Builtin'  'S-1-5-32-551'  'S-1-5-18'  'WIN-LK5OF8CDD94$'  'WORKGROUP'  '0x00000000000003e7'  '-'  '-'  '-'] Computer Name: GREENDALEGOLD Record Number: 65 Event Level: 0 Message string: A security-enabled local group was changed.\n\nSubject:\n\tSecurity ID:\t\tS-1-5-18\n\tAccount Name:\t\tWIN-LK5OF8CDD94$\n\tAccount Domain:\t\tWORKGROUP\n\tLogon ID:\t\t0x00000000000003e7\n\nGroup:\n\tSecurity ID:\t\tS-1-5-32-551\n\tGroup Name:\t\tBackup Operators\n\tGroup Domain:\t\tBuiltin\n\nChanged Attributes:\n\tSAM Account Name:\t-\n\tSID History:\t\t-\n\nAdditional Information:\n\tPrivileges:\t\t-,winevtx,-
2015-08-08T06:57:30.9375000+00:00,Content Modification Time,EVT,WinEVTX,[4735 / 0x127f] Provider identifier: {54849625-5478-4994-a5ba-3e3b0328c30d} Source Name: Microsoft-Windows-Security-Auditing Strings: ['Backup Operators'  'Builtin'  'S-1-5-32-551'  'S-1-5-18'  'WIN-LK5OF8CDD94$'  'WORKGROUP'  '0x00000000000003e7'  '-'  'Backup Operators'  '-'] Computer Name: GREENDALEGOLD Record Number: 67 Event Level: 0 Message string: A security-enabled local group was changed.\n\nSubject:\n\tSecurity ID:\t\tS-1-5-18\n\tAccount Name:\t\tWIN-LK5OF8CDD94$\n\tAccount Domain:\t\tWORKGROUP\n\tLogon ID:\t\t0x00000000000003e7\n\nGroup:\n\tSecurity ID:\t\tS-1-5-32-551\n\tGroup Name:\t\tBackup Operators\n\tGroup Domain:\t\tBuiltin\n\nChanged Attributes:\n\tSAM Account Name:\tBackup Operators\n\tSID History:\t\t-\n\nAdditional Information:\n\tPrivileges:\t\t-,winevtx,-
2015-08-08T06:57:30.9375000+00:00,Creation Time,EVT,WinEVTX,[4735 / 0x127f] Provider identifier: {54849625-5478-4994-a5ba-3e3b0328c30d} Source Name: Microsoft-Windows-Security-Auditing Strings: ['Backup Operators'  'Builtin'  'S-1-5-32-551'  'S-1-5-18'  'WIN-LK5OF8CDD94$'  'WORKGROUP'  '0x00000000000003e7'  '-'  'Backup Operators'  '-'] Computer Name: GREENDALEGOLD Record Number: 67 Event Level: 0 Message string: A security-enabled local group was changed.\n\nSubject:\n\tSecurity ID:\t\tS-1-5-18\n\tAccount Name:\t\tWIN-LK5OF8CDD94$\n\tAccount Domain:\t\tWORKGROUP\n\tLogon ID:\t\t0x00000000000003e7\n\nGroup:\n\tSecurity ID:\t\tS-1-5-32-551\n\tGroup Name:\t\tBackup Operators\n\tGroup Domain:\t\tBuiltin\n\nChanged Attributes:\n\tSAM Account Name:\tBackup Operators\n\tSID History:\t\t-\n\nAdditional Information:\n\tPrivileges:\t\t-,winevtx,-
2015-08-08T06:57:30.9375000+00:00,Content Modification Time,EVT,WinEVTX,[4735 / 0x127f] Provider identifier: {54849625-5478-4994-a5ba-3e3b0328c30d} Source Name: Microsoft-Windows-Security-Auditing Strings: ['Guests'  'Builtin'  'S-1-5-32-546'  'S-1-5-18'  'WIN-LK5OF8CDD94$'  'WORKGROUP'  '0x00000000000003e7'  '-'  '-'  '-'] Computer Name: GREENDALEGOLD Record Number: 62 Event Level: 0 Message string: A security-enabled local group was changed.\n\nSubject:\n\tSecurity ID:\t\tS-1-5-18\n\tAccount Name:\t\tWIN-LK5OF8CDD94$\n\tAccount Domain:\t\tWORKGROUP\n\tLogon ID:\t\t0x00000000000003e7\n\nGroup:\n\tSecurity ID:\t\tS-1-5-32-546\n\tGroup Name:\t\tGuests\n\tGroup Domain:\t\tBuiltin\n\nChanged Attributes:\n\tSAM Account Name:\t-\n\tSID History:\t\t-\n\nAdditional Information:\n\tPrivileges:\t\t-,winevtx,-
2015-08-08T06:57:30.9375000+00:00,Creation Time,EVT,WinEVTX,[4735 / 0x127f] Provider identifier: {54849625-5478-4994-a5ba-3e3b0328c30d} Source Name: Microsoft-Windows-Security-Auditing Strings: ['Guests'  'Builtin'  'S-1-5-32-546'  'S-1-5-18'  'WIN-LK5OF8CDD94$'  'WORKGROUP'  '0x00000000000003e7'  '-'  '-'  '-'] Computer Name: GREENDALEGOLD Record Number: 62 Event Level: 0 Message string: A security-enabled local group was changed.\n\nSubject:\n\tSecurity ID:\t\tS-1-5-18\n\tAccount Name:\t\tWIN-LK5OF8CDD94$\n\tAccount Domain:\t\tWORKGROUP\n\tLogon ID:\t\t0x00000000000003e7\n\nGroup:\n\tSecurity ID:\t\tS-1-5-32-546\n\tGroup Name:\t\tGuests\n\tGroup Domain:\t\tBuiltin\n\nChanged Attributes:\n\tSAM Account Name:\t-\n\tSID History:\t\t-\n\nAdditional Information:\n\tPrivileges:\t\t-,winevtx,-
2015-08-08T06:57:30.9375000+00:00,Content Modification Time,EVT,WinEVTX,[4735 / 0x127f] Provider identifier: {54849625-5478-4994-a5ba-3e3b0328c30d} Source Name: Microsoft-Windows-Security-Auditing Strings: ['Guests'  'Builtin'  'S-1-5-32-546'  'S-1-5-18'  'WIN-LK5OF8CDD94$'  'WORKGROUP'  '0x00000000000003e7'  '-'  'Guests'  '-'] Computer Name: GREENDALEGOLD Record Number: 64 Event Level: 0 Message string: A security-enabled local group was changed.\n\nSubject:\n\tSecurity ID:\t\tS-1-5-18\n\tAccount Name:\t\tWIN-LK5OF8CDD94$\n\tAccount Domain:\t\tWORKGROUP\n\tLogon ID:\t\t0x00000000000003e7\n\nGroup:\n\tSecurity ID:\t\tS-1-5-32-546\n\tGroup Name:\t\tGuests\n\tGroup Domain:\t\tBuiltin\n\nChanged Attributes:\n\tSAM Account Name:\tGuests\n\tSID History:\t\t-\n\nAdditional Information:\n\tPrivileges:\t\t-,winevtx,-
2015-08-08T06:57:30.9375000+00:00,Creation Time,EVT,WinEVTX,[4735 / 0x127f] Provider identifier: {54849625-5478-4994-a5ba-3e3b0328c30d} Source Name: Microsoft-Windows-Security-Auditing Strings: ['Guests'  'Builtin'  'S-1-5-32-546'  'S-1-5-18'  'WIN-LK5OF8CDD94$'  'WORKGROUP'  '0x00000000000003e7'  '-'  'Guests'  '-'] Computer Name: GREENDALEGOLD Record Number: 64 Event Level: 0 Message string: A security-enabled local group was changed.\n\nSubject:\n\tSecurity ID:\t\tS-1-5-18\n\tAccount Name:\t\tWIN-LK5OF8CDD94$\n\tAccount Domain:\t\tWORKGROUP\n\tLogon ID:\t\t0x00000000000003e7\n\nGroup:\n\tSecurity ID:\t\tS-1-5-32-546\n\tGroup Name:\t\tGuests\n\tGroup Domain:\t\tBuiltin\n\nChanged Attributes:\n\tSAM Account Name:\tGuests\n\tSID History:\t\t-\n\nAdditional Information:\n\tPrivileges:\t\t-,winevtx,-
2015-08-08T06:57:30.9375000+00:00,Content Modification Time,EVT,WinEVTX,[4735 / 0x127f] Provider identifier: {54849625-5478-4994-a5ba-3e3b0328c30d} Source Name: Microsoft-Windows-Security-Auditing Strings: ['Remote Desktop Users'  'Builtin'  'S-1-5-32-555'  'S-1-5-18'  'WIN-LK5OF8CDD94$'  'WORKGROUP'  '0x00000000000003e7'  '-'  '-'  '-'] Computer Name: GREENDALEGOLD Record Number: 71 Event Level: 0 Message string: A security-enabled local group was changed.\n\nSubject:\n\tSecurity ID:\t\tS-1-5-18\n\tAccount Name:\t\tWIN-LK5OF8CDD94$\n\tAccount Domain:\t\tWORKGROUP\n\tLogon ID:\t\t0x00000000000003e7\n\nGroup:\n\tSecurity ID:\t\tS-1-5-32-555\n\tGroup Name:\t\tRemote Desktop Users\n\tGroup Domain:\t\tBuiltin\n\nChanged Attributes:\n\tSAM Account Name:\t-\n\tSID History:\t\t-\n\nAdditional Information:\n\tPrivileges:\t\t-,winevtx,-
2015-08-08T06:57:30.9375000+00:00,Creation Time,EVT,WinEVTX,[4735 / 0x127f] Provider identifier: {54849625-5478-4994-a5ba-3e3b0328c30d} Source Name: Microsoft-Windows-Security-Auditing Strings: ['Remote Desktop Users'  'Builtin'  'S-1-5-32-555'  'S-1-5-18'  'WIN-LK5OF8CDD94$'  'WORKGROUP'  '0x00000000000003e7'  '-'  '-'  '-'] Computer Name: GREENDALEGOLD Record Number: 71 Event Level: 0 Message string: A security-enabled local group was changed.\n\nSubject:\n\tSecurity ID:\t\tS-1-5-18\n\tAccount Name:\t\tWIN-LK5OF8CDD94$\n\tAccount Domain:\t\tWORKGROUP\n\tLogon ID:\t\t0x00000000000003e7\n\nGroup:\n\tSecurity ID:\t\tS-1-5-32-555\n\tGroup Name:\t\tRemote Desktop Users\n\tGroup Domain:\t\tBuiltin\n\nChanged Attributes:\n\tSAM Account Name:\t-\n\tSID History:\t\t-\n\nAdditional Information:\n\tPrivileges:\t\t-,winevtx,-
2015-08-08T06:57:30.9375000+00:00,Content Modification Time,EVT,WinEVTX,[4735 / 0x127f] Provider identifier: {54849625-5478-4994-a5ba-3e3b0328c30d} Source Name: Microsoft-Windows-Security-Auditing Strings: ['Replicator'  'Builtin'  'S-1-5-32-552'  'S-1-5-18'  'WIN-LK5OF8CDD94$'  'WORKGROUP'  '0x00000000000003e7'  '-'  '-'  '-'] Computer Name: GREENDALEGOLD Record Number: 68 Event Level: 0 Message string: A security-enabled local group was changed.\n\nSubject:\n\tSecurity ID:\t\tS-1-5-18\n\tAccount Name:\t\tWIN-LK5OF8CDD94$\n\tAccount Domain:\t\tWORKGROUP\n\tLogon ID:\t\t0x00000000000003e7\n\nGroup:\n\tSecurity ID:\t\tS-1-5-32-552\n\tGroup Name:\t\tReplicator\n\tGroup Domain:\t\tBuiltin\n\nChanged Attributes:\n\tSAM Account Name:\t-\n\tSID History:\t\t-\n\nAdditional Information:\n\tPrivileges:\t\t-,winevtx,-
2015-08-08T06:57:30.9375000+00:00,Creation Time,EVT,WinEVTX,[4735 / 0x127f] Provider identifier: {54849625-5478-4994-a5ba-3e3b0328c30d} Source Name: Microsoft-Windows-Security-Auditing Strings: ['Replicator'  'Builtin'  'S-1-5-32-552'  'S-1-5-18'  'WIN-LK5OF8CDD94$'  'WORKGROUP'  '0x00000000000003e7'  '-'  '-'  '-'] Computer Name: GREENDALEGOLD Record Number: 68 Event Level: 0 Message string: A security-enabled local group was changed.\n\nSubject:\n\tSecurity ID:\t\tS-1-5-18\n\tAccount Name:\t\tWIN-LK5OF8CDD94$\n\tAccount Domain:\t\tWORKGROUP\n\tLogon ID:\t\t0x00000000000003e7\n\nGroup:\n\tSecurity ID:\t\tS-1-5-32-552\n\tGroup Name:\t\tReplicator\n\tGroup Domain:\t\tBuiltin\n\nChanged Attributes:\n\tSAM Account Name:\t-\n\tSID History:\t\t-\n\nAdditional Information:\n\tPrivileges:\t\t-,winevtx,-
2015-08-08T06:57:30.9375000+00:00,Content Modification Time,EVT,WinEVTX,[4735 / 0x127f] Provider identifier: {54849625-5478-4994-a5ba-3e3b0328c30d} Source Name: Microsoft-Windows-Security-Auditing Strings: ['Replicator'  'Builtin'  'S-1-5-32-552'  'S-1-5-18'  'WIN-LK5OF8CDD94$'  'WORKGROUP'  '0x00000000000003e7'  '-'  'Replicator'  '-'] Computer Name: GREENDALEGOLD Record Number: 70 Event Level: 0 Message string: A security-enabled local group was changed.\n\nSubject:\n\tSecurity ID:\t\tS-1-5-18\n\tAccount Name:\t\tWIN-LK5OF8CDD94$\n\tAccount Domain:\t\tWORKGROUP\n\tLogon ID:\t\t0x00000000000003e7\n\nGroup:\n\tSecurity ID:\t\tS-1-5-32-552\n\tGroup Name:\t\tReplicator\n\tGroup Domain:\t\tBuiltin\n\nChanged Attributes:\n\tSAM Account Name:\tReplicator\n\tSID History:\t\t-\n\nAdditional Information:\n\tPrivileges:\t\t-,winevtx,-
2015-08-08T06:57:30.9375000+00:00,Creation Time,EVT,WinEVTX,[4735 / 0x127f] Provider identifier: {54849625-5478-4994-a5ba-3e3b0328c30d} Source Name: Microsoft-Windows-Security-Auditing Strings: ['Replicator'  'Builtin'  'S-1-5-32-552'  'S-1-5-18'  'WIN-LK5OF8CDD94$'  'WORKGROUP'  '0x00000000000003e7'  '-'  'Replicator'  '-'] Computer Name: GREENDALEGOLD Record Number: 70 Event Level: 0 Message string: A security-enabled local group was changed.\n\nSubject:\n\tSecurity ID:\t\tS-1-5-18\n\tAccount Name:\t\tWIN-LK5OF8CDD94$\n\tAccount Domain:\t\tWORKGROUP\n\tLogon ID:\t\t0x00000000000003e7\n\nGroup:\n\tSecurity ID:\t\tS-1-5-32-552\n\tGroup Name:\t\tReplicator\n\tGroup Domain:\t\tBuiltin\n\nChanged Attributes:\n\tSAM Account Name:\tReplicator\n\tSID History:\t\t-\n\nAdditional Information:\n\tPrivileges:\t\t-,winevtx,-
2015-08-08T06:57:30.9375000+00:00,Content Modification Time,EVT,WinEVTX,[4735 / 0x127f] Provider identifier: {54849625-5478-4994-a5ba-3e3b0328c30d} Source Name: Microsoft-Windows-Security-Auditing Strings: ['Users'  'Builtin'  'S-1-5-32-545'  'S-1-5-18'  'WIN-LK5OF8CDD94$'  'WORKGROUP'  '0x00000000000003e7'  '-'  '-'  '-'] Computer Name: GREENDALEGOLD Record Number: 59 Event Level: 0 Message string: A security-enabled local group was changed.\n\nSubject:\n\tSecurity ID:\t\tS-1-5-18\n\tAccount Name:\t\tWIN-LK5OF8CDD94$\n\tAccount Domain:\t\tWORKGROUP\n\tLogon ID:\t\t0x00000000000003e7\n\nGroup:\n\tSecurity ID:\t\tS-1-5-32-545\n\tGroup Name:\t\tUsers\n\tGroup Domain:\t\tBuiltin\n\nChanged Attributes:\n\tSAM Account Name:\t-\n\tSID History:\t\t-\n\nAdditional Information:\n\tPrivileges:\t\t-,winevtx,-
2015-08-08T06:57:30.9375000+00:00,Creation Time,EVT,WinEVTX,[4735 / 0x127f] Provider identifier: {54849625-5478-4994-a5ba-3e3b0328c30d} Source Name: Microsoft-Windows-Security-Auditing Strings: ['Users'  'Builtin'  'S-1-5-32-545'  'S-1-5-18'  'WIN-LK5OF8CDD94$'  'WORKGROUP'  '0x00000000000003e7'  '-'  '-'  '-'] Computer Name: GREENDALEGOLD Record Number: 59 Event Level: 0 Message string: A security-enabled local group was changed.\n\nSubject:\n\tSecurity ID:\t\tS-1-5-18\n\tAccount Name:\t\tWIN-LK5OF8CDD94$\n\tAccount Domain:\t\tWORKGROUP\n\tLogon ID:\t\t0x00000000000003e7\n\nGroup:\n\tSecurity ID:\t\tS-1-5-32-545\n\tGroup Name:\t\tUsers\n\tGroup Domain:\t\tBuiltin\n\nChanged Attributes:\n\tSAM Account Name:\t-\n\tSID History:\t\t-\n\nAdditional Information:\n\tPrivileges:\t\t-,winevtx,-
2015-08-08T06:57:30.9375000+00:00,Content Modification Time,EVT,WinEVTX,[4735 / 0x127f] Provider identifier: {54849625-5478-4994-a5ba-3e3b0328c30d} Source Name: Microsoft-Windows-Security-Auditing Strings: ['Users'  'Builtin'  'S-1-5-32-545'  'S-1-5-18'  'WIN-LK5OF8CDD94$'  'WORKGROUP'  '0x00000000000003e7'  '-'  'Users'  '-'] Computer Name: GREENDALEGOLD Record Number: 61 Event Level: 0 Message string: A security-enabled local group was changed.\n\nSubject:\n\tSecurity ID:\t\tS-1-5-18\n\tAccount Name:\t\tWIN-LK5OF8CDD94$\n\tAccount Domain:\t\tWORKGROUP\n\tLogon ID:\t\t0x00000000000003e7\n\nGroup:\n\tSecurity ID:\t\tS-1-5-32-545\n\tGroup Name:\t\tUsers\n\tGroup Domain:\t\tBuiltin\n\nChanged Attributes:\n\tSAM Account Name:\tUsers\n\tSID History:\t\t-\n\nAdditional Information:\n\tPrivileges:\t\t-,winevtx,-
2015-08-08T06:57:30.9375000+00:00,Creation Time,EVT,WinEVTX,[4735 / 0x127f] Provider identifier: {54849625-5478-4994-a5ba-3e3b0328c30d} Source Name: Microsoft-Windows-Security-Auditing Strings: ['Users'  'Builtin'  'S-1-5-32-545'  'S-1-5-18'  'WIN-LK5OF8CDD94$'  'WORKGROUP'  '0x00000000000003e7'  '-'  'Users'  '-'] Computer Name: GREENDALEGOLD Record Number: 61 Event Level: 0 Message string: A security-enabled local group was changed.\n\nSubject:\n\tSecurity ID:\t\tS-1-5-18\n\tAccount Name:\t\tWIN-LK5OF8CDD94$\n\tAccount Domain:\t\tWORKGROUP\n\tLogon ID:\t\t0x00000000000003e7\n\nGroup:\n\tSecurity ID:\t\tS-1-5-32-545\n\tGroup Name:\t\tUsers\n\tGroup Domain:\t\tBuiltin\n\nChanged Attributes:\n\tSAM Account Name:\tUsers\n\tSID History:\t\t-\n\nAdditional Information:\n\tPrivileges:\t\t-,winevtx,-
2015-08-08T06:57:30.9375000+00:00,Content Modification Time,EVT,WinEVTX,[4781 / 0x12ad] Provider identifier: {54849625-5478-4994-a5ba-3e3b0328c30d} Source Name: Microsoft-Windows-Security-Auditing Strings: ['Administrators'  'Administrators'  'Builtin'  'S-1-5-32-544'  'S-1-5-18'  'WIN-LK5OF8CDD94$'  'WORKGROUP'  '0x00000000000003e7'  '-'] Computer Name: GREENDALEGOLD Record Number: 57 Event Level: 0 Message string: The name of an account was changed:\n\nSubject:\n\tSecurity ID:\t\tS-1-5-18\n\tAccount Name:\t\tWIN-LK5OF8CDD94$\n\tAccount Domain:\t\tWORKGROUP\n\tLogon ID:\t\t0x00000000000003e7\n\nTarget Account:\n\tSecurity ID:\t\tS-1-5-32-544\n\tAccount Domain:\t\tBuiltin\n\tOld Account Name:\tAdministrators\n\tNew Account Name:\tAdministrators\n\nAdditional Information:\n\tPrivileges:\t\t-,winevtx,-
2015-08-08T06:57:30.9375000+00:00,Creation Time,EVT,WinEVTX,[4781 / 0x12ad] Provider identifier: {54849625-5478-4994-a5ba-3e3b0328c30d} Source Name: Microsoft-Windows-Security-Auditing Strings: ['Administrators'  'Administrators'  'Builtin'  'S-1-5-32-544'  'S-1-5-18'  'WIN-LK5OF8CDD94$'  'WORKGROUP'  '0x00000000000003e7'  '-'] Computer Name: GREENDALEGOLD Record Number: 57 Event Level: 0 Message string: The name of an account was changed:\n\nSubject:\n\tSecurity ID:\t\tS-1-5-18\n\tAccount Name:\t\tWIN-LK5OF8CDD94$\n\tAccount Domain:\t\tWORKGROUP\n\tLogon ID:\t\t0x00000000000003e7\n\nTarget Account:\n\tSecurity ID:\t\tS-1-5-32-544\n\tAccount Domain:\t\tBuiltin\n\tOld Account Name:\tAdministrators\n\tNew Account Name:\tAdministrators\n\nAdditional Information:\n\tPrivileges:\t\t-,winevtx,-
2015-08-08T06:57:30.9375000+00:00,Content Modification Time,EVT,WinEVTX,[4781 / 0x12ad] Provider identifier: {54849625-5478-4994-a5ba-3e3b0328c30d} Source Name: Microsoft-Windows-Security-Auditing Strings: ['Backup Operators'  'Backup Operators'  'Builtin'  'S-1-5-32-551'  'S-1-5-18'  'WIN-LK5OF8CDD94$'  'WORKGROUP'  '0x00000000000003e7'  '-'] Computer Name: GREENDALEGOLD Record Number: 66 Event Level: 0 Message string: The name of an account was changed:\n\nSubject:\n\tSecurity ID:\t\tS-1-5-18\n\tAccount Name:\t\tWIN-LK5OF8CDD94$\n\tAccount Domain:\t\tWORKGROUP\n\tLogon ID:\t\t0x00000000000003e7\n\nTarget Account:\n\tSecurity ID:\t\tS-1-5-32-551\n\tAccount Domain:\t\tBuiltin\n\tOld Account Name:\tBackup Operators\n\tNew Account Name:\tBackup Operators\n\nAdditional Information:\n\tPrivileges:\t\t-,winevtx,-
2015-08-08T06:57:30.9375000+00:00,Creation Time,EVT,WinEVTX,[4781 / 0x12ad] Provider identifier: {54849625-5478-4994-a5ba-3e3b0328c30d} Source Name: Microsoft-Windows-Security-Auditing Strings: ['Backup Operators'  'Backup Operators'  'Builtin'  'S-1-5-32-551'  'S-1-5-18'  'WIN-LK5OF8CDD94$'  'WORKGROUP'  '0x00000000000003e7'  '-'] Computer Name: GREENDALEGOLD Record Number: 66 Event Level: 0 Message string: The name of an account was changed:\n\nSubject:\n\tSecurity ID:\t\tS-1-5-18\n\tAccount Name:\t\tWIN-LK5OF8CDD94$\n\tAccount Domain:\t\tWORKGROUP\n\tLogon ID:\t\t0x00000000000003e7\n\nTarget Account:\n\tSecurity ID:\t\tS-1-5-32-551\n\tAccount Domain:\t\tBuiltin\n\tOld Account Name:\tBackup Operators\n\tNew Account Name:\tBackup Operators\n\nAdditional Information:\n\tPrivileges:\t\t-,winevtx,-
2015-08-08T06:57:30.9375000+00:00,Content Modification Time,EVT,WinEVTX,[4781 / 0x12ad] Provider identifier: {54849625-5478-4994-a5ba-3e3b0328c30d} Source Name: Microsoft-Windows-Security-Auditing Strings: ['Guests'  'Guests'  'Builtin'  'S-1-5-32-546'  'S-1-5-18'  'WIN-LK5OF8CDD94$'  'WORKGROUP'  '0x00000000000003e7'  '-'] Computer Name: GREENDALEGOLD Record Number: 63 Event Level: 0 Message string: The name of an account was changed:\n\nSubject:\n\tSecurity ID:\t\tS-1-5-18\n\tAccount Name:\t\tWIN-LK5OF8CDD94$\n\tAccount Domain:\t\tWORKGROUP\n\tLogon ID:\t\t0x00000000000003e7\n\nTarget Account:\n\tSecurity ID:\t\tS-1-5-32-546\n\tAccount Domain:\t\tBuiltin\n\tOld Account Name:\tGuests\n\tNew Account Name:\tGuests\n\nAdditional Information:\n\tPrivileges:\t\t-,winevtx,-
2015-08-08T06:57:30.9375000+00:00,Creation Time,EVT,WinEVTX,[4781 / 0x12ad] Provider identifier: {54849625-5478-4994-a5ba-3e3b0328c30d} Source Name: Microsoft-Windows-Security-Auditing Strings: ['Guests'  'Guests'  'Builtin'  'S-1-5-32-546'  'S-1-5-18'  'WIN-LK5OF8CDD94$'  'WORKGROUP'  '0x00000000000003e7'  '-'] Computer Name: GREENDALEGOLD Record Number: 63 Event Level: 0 Message string: The name of an account was changed:\n\nSubject:\n\tSecurity ID:\t\tS-1-5-18\n\tAccount Name:\t\tWIN-LK5OF8CDD94$\n\tAccount Domain:\t\tWORKGROUP\n\tLogon ID:\t\t0x00000000000003e7\n\nTarget Account:\n\tSecurity ID:\t\tS-1-5-32-546\n\tAccount Domain:\t\tBuiltin\n\tOld Account Name:\tGuests\n\tNew Account Name:\tGuests\n\nAdditional Information:\n\tPrivileges:\t\t-,winevtx,-
2015-08-08T06:57:30.9375000+00:00,Content Modification Time,EVT,WinEVTX,[4781 / 0x12ad] Provider identifier: {54849625-5478-4994-a5ba-3e3b0328c30d} Source Name: Microsoft-Windows-Security-Auditing Strings: ['Replicator'  'Replicator'  'Builtin'  'S-1-5-32-552'  'S-1-5-18'  'WIN-LK5OF8CDD94$'  'WORKGROUP'  '0x00000000000003e7'  '-'] Computer Name: GREENDALEGOLD Record Number: 69 Event Level: 0 Message string: The name of an account was changed:\n\nSubject:\n\tSecurity ID:\t\tS-1-5-18\n\tAccount Name:\t\tWIN-LK5OF8CDD94$\n\tAccount Domain:\t\tWORKGROUP\n\tLogon ID:\t\t0x00000000000003e7\n\nTarget Account:\n\tSecurity ID:\t\tS-1-5-32-552\n\tAccount Domain:\t\tBuiltin\n\tOld Account Name:\tReplicator\n\tNew Account Name:\tReplicator\n\nAdditional Information:\n\tPrivileges:\t\t-,winevtx,-
2015-08-08T06:57:30.9375000+00:00,Creation Time,EVT,WinEVTX,[4781 / 0x12ad] Provider identifier: {54849625-5478-4994-a5ba-3e3b0328c30d} Source Name: Microsoft-Windows-Security-Auditing Strings: ['Replicator'  'Replicator'  'Builtin'  'S-1-5-32-552'  'S-1-5-18'  'WIN-LK5OF8CDD94$'  'WORKGROUP'  '0x00000000000003e7'  '-'] Computer Name: GREENDALEGOLD Record Number: 69 Event Level: 0 Message string: The name of an account was changed:\n\nSubject:\n\tSecurity ID:\t\tS-1-5-18\n\tAccount Name:\t\tWIN-LK5OF8CDD94$\n\tAccount Domain:\t\tWORKGROUP\n\tLogon ID:\t\t0x00000000000003e7\n\nTarget Account:\n\tSecurity ID:\t\tS-1-5-32-552\n\tAccount Domain:\t\tBuiltin\n\tOld Account Name:\tReplicator\n\tNew Account Name:\tReplicator\n\nAdditional Information:\n\tPrivileges:\t\t-,winevtx,-
2015-08-08T06:57:30.9375000+00:00,Content Modification Time,EVT,WinEVTX,[4781 / 0x12ad] Provider identifier: {54849625-5478-4994-a5ba-3e3b0328c30d} Source Name: Microsoft-Windows-Security-Auditing Strings: ['Users'  'Users'  'Builtin'  'S-1-5-32-545'  'S-1-5-18'  'WIN-LK5OF8CDD94$'  'WORKGROUP'  '0x00000000000003e7'  '-'] Computer Name: GREENDALEGOLD Record Number: 60 Event Level: 0 Message string: The name of an account was changed:\n\nSubject:\n\tSecurity ID:\t\tS-1-5-18\n\tAccount Name:\t\tWIN-LK5OF8CDD94$\n\tAccount Domain:\t\tWORKGROUP\n\tLogon ID:\t\t0x00000000000003e7\n\nTarget Account:\n\tSecurity ID:\t\tS-1-5-32-545\n\tAccount Domain:\t\tBuiltin\n\tOld Account Name:\tUsers\n\tNew Account Name:\tUsers\n\nAdditional Information:\n\tPrivileges:\t\t-,winevtx,-
2015-08-08T06:57:30.9375000+00:00,Creation Time,EVT,WinEVTX,[4781 / 0x12ad] Provider identifier: {54849625-5478-4994-a5ba-3e3b0328c30d} Source Name: Microsoft-Windows-Security-Auditing Strings: ['Users'  'Users'  'Builtin'  'S-1-5-32-545'  'S-1-5-18'  'WIN-LK5OF8CDD94$'  'WORKGROUP'  '0x00000000000003e7'  '-'] Computer Name: GREENDALEGOLD Record Number: 60 Event Level: 0 Message string: The name of an account was changed:\n\nSubject:\n\tSecurity ID:\t\tS-1-5-18\n\tAccount Name:\t\tWIN-LK5OF8CDD94$\n\tAccount Domain:\t\tWORKGROUP\n\tLogon ID:\t\t0x00000000000003e7\n\nTarget Account:\n\tSecurity ID:\t\tS-1-5-32-545\n\tAccount Domain:\t\tBuiltin\n\tOld Account Name:\tUsers\n\tNew Account Name:\tUsers\n\nAdditional Information:\n\tPrivileges:\t\t-,winevtx,-
2015-08-08T06:57:30.9531250+00:00,Content Modification Time,EVT,WinEVTX,[4735 / 0x127f] Provider identifier: {54849625-5478-4994-a5ba-3e3b0328c30d} Source Name: Microsoft-Windows-Security-Auditing Strings: ['Cryptographic Operators'  'Builtin'  'S-1-5-32-569'  'S-1-5-18'  'WIN-LK5OF8CDD94$'  'WORKGROUP'  '0x00000000000003e7'  '-'  '-'  '-'] Computer Name: GREENDALEGOLD Record Number: 92 Event Level: 0 Message string: A security-enabled local group was changed.\n\nSubject:\n\tSecurity ID:\t\tS-1-5-18\n\tAccount Name:\t\tWIN-LK5OF8CDD94$\n\tAccount Domain:\t\tWORKGROUP\n\tLogon ID:\t\t0x00000000000003e7\n\nGroup:\n\tSecurity ID:\t\tS-1-5-32-569\n\tGroup Name:\t\tCryptographic Operators\n\tGroup Domain:\t\tBuiltin\n\nChanged Attributes:\n\tSAM Account Name:\t-\n\tSID History:\t\t-\n\nAdditional Information:\n\tPrivileges:\t\t-,winevtx,-
2015-08-08T06:57:30.9531250+00:00,Creation Time,EVT,WinEVTX,[4735 / 0x127f] Provider identifier: {54849625-5478-4994-a5ba-3e3b0328c30d} Source Name: Microsoft-Windows-Security-Auditing Strings: ['Cryptographic Operators'  'Builtin'  'S-1-5-32-569'  'S-1-5-18'  'WIN-LK5OF8CDD94$'  'WORKGROUP'  '0x00000000000003e7'  '-'  '-'  '-'] Computer Name: GREENDALEGOLD Record Number: 92 Event Level: 0 Message string: A security-enabled local group was changed.\n\nSubject:\n\tSecurity ID:\t\tS-1-5-18\n\tAccount Name:\t\tWIN-LK5OF8CDD94$\n\tAccount Domain:\t\tWORKGROUP\n\tLogon ID:\t\t0x00000000000003e7\n\nGroup:\n\tSecurity ID:\t\tS-1-5-32-569\n\tGroup Name:\t\tCryptographic Operators\n\tGroup Domain:\t\tBuiltin\n\nChanged Attributes:\n\tSAM Account Name:\t-\n\tSID History:\t\t-\n\nAdditional Information:\n\tPrivileges:\t\t-,winevtx,-
2015-08-08T06:57:30.9531250+00:00,Content Modification Time,EVT,WinEVTX,[4735 / 0x127f] Provider identifier: {54849625-5478-4994-a5ba-3e3b0328c30d} Source Name: Microsoft-Windows-Security-Auditing Strings: ['Cryptographic Operators'  'Builtin'  'S-1-5-32-569'  'S-1-5-18'  'WIN-LK5OF8CDD94$'  'WORKGROUP'  '0x00000000000003e7'  '-'  'Cryptographic Operators'  '-'] Computer Name: GREENDALEGOLD Record Number: 94 Event Level: 0 Message string: A security-enabled local group was changed.\n\nSubject:\n\tSecurity ID:\t\tS-1-5-18\n\tAccount Name:\t\tWIN-LK5OF8CDD94$\n\tAccount Domain:\t\tWORKGROUP\n\tLogon ID:\t\t0x00000000000003e7\n\nGroup:\n\tSecurity ID:\t\tS-1-5-32-569\n\tGroup Name:\t\tCryptographic Operators\n\tGroup Domain:\t\tBuiltin\n\nChanged Attributes:\n\tSAM Account Name:\tCryptographic Operators\n\tSID History:\t\t-\n\nAdditional Information:\n\tPrivileges:\t\t-,winevtx,-
2015-08-08T06:57:30.9531250+00:00,Creation Time,EVT,WinEVTX,[4735 / 0x127f] Provider identifier: {54849625-5478-4994-a5ba-3e3b0328c30d} Source Name: Microsoft-Windows-Security-Auditing Strings: ['Cryptographic Operators'  'Builtin'  'S-1-5-32-569'  'S-1-5-18'  'WIN-LK5OF8CDD94$'  'WORKGROUP'  '0x00000000000003e7'  '-'  'Cryptographic Operators'  '-'] Computer Name: GREENDALEGOLD Record Number: 94 Event Level: 0 Message string: A security-enabled local group was changed.\n\nSubject:\n\tSecurity ID:\t\tS-1-5-18\n\tAccount Name:\t\tWIN-LK5OF8CDD94$\n\tAccount Domain:\t\tWORKGROUP\n\tLogon ID:\t\t0x00000000000003e7\n\nGroup:\n\tSecurity ID:\t\tS-1-5-32-569\n\tGroup Name:\t\tCryptographic Operators\n\tGroup Domain:\t\tBuiltin\n\nChanged Attributes:\n\tSAM Account Name:\tCryptographic Operators\n\tSID History:\t\t-\n\nAdditional Information:\n\tPrivileges:\t\t-,winevtx,-
2015-08-08T06:57:30.9531250+00:00,Content Modification Time,EVT,WinEVTX,[4735 / 0x127f] Provider identifier: {54849625-5478-4994-a5ba-3e3b0328c30d} Source Name: Microsoft-Windows-Security-Auditing Strings: ['Distributed COM Users'  'Builtin'  'S-1-5-32-562'  'S-1-5-18'  'WIN-LK5OF8CDD94$'  'WORKGROUP'  '0x00000000000003e7'  '-'  '-'  '-'] Computer Name: GREENDALEGOLD Record Number: 86 Event Level: 0 Message string: A security-enabled local group was changed.\n\nSubject:\n\tSecurity ID:\t\tS-1-5-18\n\tAccount Name:\t\tWIN-LK5OF8CDD94$\n\tAccount Domain:\t\tWORKGROUP\n\tLogon ID:\t\t0x00000000000003e7\n\nGroup:\n\tSecurity ID:\t\tS-1-5-32-562\n\tGroup Name:\t\tDistributed COM Users\n\tGroup Domain:\t\tBuiltin\n\nChanged Attributes:\n\tSAM Account Name:\t-\n\tSID History:\t\t-\n\nAdditional Information:\n\tPrivileges:\t\t-,winevtx,-
2015-08-08T06:57:30.9531250+00:00,Creation Time,EVT,WinEVTX,[4735 / 0x127f] Provider identifier: {54849625-5478-4994-a5ba-3e3b0328c30d} Source Name: Microsoft-Windows-Security-Auditing Strings: ['Distributed COM Users'  'Builtin'  'S-1-5-32-562'  'S-1-5-18'  'WIN-LK5OF8CDD94$'  'WORKGROUP'  '0x00000000000003e7'  '-'  '-'  '-'] Computer Name: GREENDALEGOLD Record Number: 86 Event Level: 0 Message string: A security-enabled local group was changed.\n\nSubject:\n\tSecurity ID:\t\tS-1-5-18\n\tAccount Name:\t\tWIN-LK5OF8CDD94$\n\tAccount Domain:\t\tWORKGROUP\n\tLogon ID:\t\t0x00000000000003e7\n\nGroup:\n\tSecurity ID:\t\tS-1-5-32-562\n\tGroup Name:\t\tDistributed COM Users\n\tGroup Domain:\t\tBuiltin\n\nChanged Attributes:\n\tSAM Account Name:\t-\n\tSID History:\t\t-\n\nAdditional Information:\n\tPrivileges:\t\t-,winevtx,-
2015-08-08T06:57:30.9531250+00:00,Content Modification Time,EVT,WinEVTX,[4735 / 0x127f] Provider identifier: {54849625-5478-4994-a5ba-3e3b0328c30d} Source Name: Microsoft-Windows-Security-Auditing Strings: ['Distributed COM Users'  'Builtin'  'S-1-5-32-562'  'S-1-5-18'  'WIN-LK5OF8CDD94$'  'WORKGROUP'  '0x00000000000003e7'  '-'  'Distributed COM Users'  '-'] Computer Name: GREENDALEGOLD Record Number: 88 Event Level: 0 Message string: A security-enabled local group was changed.\n\nSubject:\n\tSecurity ID:\t\tS-1-5-18\n\tAccount Name:\t\tWIN-LK5OF8CDD94$\n\tAccount Domain:\t\tWORKGROUP\n\tLogon ID:\t\t0x00000000000003e7\n\nGroup:\n\tSecurity ID:\t\tS-1-5-32-562\n\tGroup Name:\t\tDistributed COM Users\n\tGroup Domain:\t\tBuiltin\n\nChanged Attributes:\n\tSAM Account Name:\tDistributed COM Users\n\tSID History:\t\t-\n\nAdditional Information:\n\tPrivileges:\t\t-,winevtx,-
2015-08-08T06:57:30.9531250+00:00,Creation Time,EVT,WinEVTX,[4735 / 0x127f] Provider identifier: {54849625-5478-4994-a5ba-3e3b0328c30d} Source Name: Microsoft-Windows-Security-Auditing Strings: ['Distributed COM Users'  'Builtin'  'S-1-5-32-562'  'S-1-5-18'  'WIN-LK5OF8CDD94$'  'WORKGROUP'  '0x00000000000003e7'  '-'  'Distributed COM Users'  '-'] Computer Name: GREENDALEGOLD Record Number: 88 Event Level: 0 Message string: A security-enabled local group was changed.\n\nSubject:\n\tSecurity ID:\t\tS-1-5-18\n\tAccount Name:\t\tWIN-LK5OF8CDD94$\n\tAccount Domain:\t\tWORKGROUP\n\tLogon ID:\t\t0x00000000000003e7\n\nGroup:\n\tSecurity ID:\t\tS-1-5-32-562\n\tGroup Name:\t\tDistributed COM Users\n\tGroup Domain:\t\tBuiltin\n\nChanged Attributes:\n\tSAM Account Name:\tDistributed COM Users\n\tSID History:\t\t-\n\nAdditional Information:\n\tPrivileges:\t\t-,winevtx,-
2015-08-08T06:57:30.9531250+00:00,Content Modification Time,EVT,WinEVTX,[4735 / 0x127f] Provider identifier: {54849625-5478-4994-a5ba-3e3b0328c30d} Source Name: Microsoft-Windows-Security-Auditing Strings: ['Event Log Readers'  'Builtin'  'S-1-5-32-573'  'S-1-5-18'  'WIN-LK5OF8CDD94$'  'WORKGROUP'  '0x00000000000003e7'  '-'  '-'  '-'] Computer Name: GREENDALEGOLD Record Number: 95 Event Level: 0 Message string: A security-enabled local group was changed.\n\nSubject:\n\tSecurity ID:\t\tS-1-5-18\n\tAccount Name:\t\tWIN-LK5OF8CDD94$\n\tAccount Domain:\t\tWORKGROUP\n\tLogon ID:\t\t0x00000000000003e7\n\nGroup:\n\tSecurity ID:\t\tS-1-5-32-573\n\tGroup Name:\t\tEvent Log Readers\n\tGroup Domain:\t\tBuiltin\n\nChanged Attributes:\n\tSAM Account Name:\t-\n\tSID History:\t\t-\n\nAdditional Information:\n\tPrivileges:\t\t-,winevtx,-
2015-08-08T06:57:30.9531250+00:00,Creation Time,EVT,WinEVTX,[4735 / 0x127f] Provider identifier: {54849625-5478-4994-a5ba-3e3b0328c30d} Source Name: Microsoft-Windows-Security-Auditing Strings: ['Event Log Readers'  'Builtin'  'S-1-5-32-573'  'S-1-5-18'  'WIN-LK5OF8CDD94$'  'WORKGROUP'  '0x00000000000003e7'  '-'  '-'  '-'] Computer Name: GREENDALEGOLD Record Number: 95 Event Level: 0 Message string: A security-enabled local group was changed.\n\nSubject:\n\tSecurity ID:\t\tS-1-5-18\n\tAccount Name:\t\tWIN-LK5OF8CDD94$\n\tAccount Domain:\t\tWORKGROUP\n\tLogon ID:\t\t0x00000000000003e7\n\nGroup:\n\tSecurity ID:\t\tS-1-5-32-573\n\tGroup Name:\t\tEvent Log Readers\n\tGroup Domain:\t\tBuiltin\n\nChanged Attributes:\n\tSAM Account Name:\t-\n\tSID History:\t\t-\n\nAdditional Information:\n\tPrivileges:\t\t-,winevtx,-
