2015-08-08T15:01:57.1401250+00:00,Creation Time,EVT,WinEVTX,[4624 / 0x1210] Provider identifier: {54849625-5478-4994-a5ba-3e3b0328c30d} Source Name: Microsoft-Windows-Security-Auditing Strings: ['S-1-0-0'  '-'  '-'  '0x0000000000000000'  'S-1-5-7'  'ANONYMOUS LOGON'  'NT AUTHORITY'  '0x0000000000015518'  '3'  'NtLmSsp '  'NTLM'  None  '{00000000-0000-0000-0000-000000000000}'  '-'  'NTLM V1'  '0'  '0x0000000000000000'  '-'  '-'  '-'] Computer Name: GREENDALEGOLD Record Number: 152 Event Level: 0 Message string: An account was successfully logged on.\n\nSubject:\n\tSecurity ID:\t\tS-1-0-0\n\tAccount Name:\t\t-\n\tAccount Domain:\t\t-\n\tLogon ID:\t\t0x0000000000000000\n\nLogon Type:\t\t\t3\n\nNew Logon:\n\tSecurity ID:\t\tS-1-5-7\n\tAccount Name:\t\tANONYMOUS LOGON\n\tAccount Domain:\t\tNT AUTHORITY\n\tLogon ID:\t\t0x0000000000015518\n\tLogon GUID:\t\t{00000000-0000-0000-0000-000000000000}\n\nProcess Information:\n\tProcess ID:\t\t0x0000000000000000\n\tProcess Name:\t\t-\n\nNetwork Information:\n\tWorkstation Name:\t\n\tSource Network Address:\t-\n\tSource Port:\t\t-\n\nDetailed Authentication Information:\n\tLogon Process:\t\tNtLmSsp \n\tAuthentication Package:\tNTLM\n\tTransited Services:\t-\n\tPackage Name (NTLM only):\tNTLM V1\n\tKey Length:\t\t0\n\nThis event is generated when a logon session is created. It is generated on the computer that was accessed.\n\nThe subject fields indicate the account on the local system which requested the logon. This is most commonly a service such as the Server service  or a local process such as Winlogon.exe or Services.exe.\n\nThe logon type field indicates the kind of logon that occurred. The most common types are 2 (interactive) and 3 (network).\n\nThe New Logon fields indicate the account for whom the new logon was created  i.e. the account that was logged on.\n\nThe network fields indicate where a remote logon request originated. Workstation name is not always available and may be left blank in some cases.\n\nThe authentication information fields provide detailed information about this specific logon request.\n\t- Logon GUID is a unique identifier that can be used to correlate this event with a KDC event.\n\t- Transited services indicate which intermediate services have participated in this logon request.\n\t- Package name indicates which sub-protocol was used among the NTLM protocols.\n\t- Key length indicates the length of the generated session key. This will be 0 if no session key was requested.,winevtx,-
2015-08-08T15:02:03.3276250+00:00,Content Modification Time,EVT,WinEVTX,[1100 / 0x044c] Provider identifier: {fc65ddd8-d6ef-4962-83d5-6e5cfe9ce148} Source Name: Microsoft-Windows-Eventlog Strings: [] Computer Name: GREENDALEGOLD Record Number: 153 Event Level: 4 Message string: The event logging service has shut down.,winevtx,-
2015-08-08T15:02:03.3276250+00:00,Creation Time,EVT,WinEVTX,[1100 / 0x044c] Provider identifier: {fc65ddd8-d6ef-4962-83d5-6e5cfe9ce148} Source Name: Microsoft-Windows-Eventlog Strings: [] Computer Name: GREENDALEGOLD Record Number: 153 Event Level: 4 Message string: The event logging service has shut down.,winevtx,-
2015-08-08T16:58:30.1400000+00:00,Content Modification Time,EVT,WinEVTX,[4616 / 0x1208] Provider identifier: {54849625-5478-4994-a5ba-3e3b0328c30d} Source Name: Microsoft-Windows-Security-Auditing Strings: ['S-1-5-18'  'WIN-LK5OF8CDD94$'  'WORKGROUP'  '0x00000000000003e7'  '2015-08-08T06:58:30.343750000Z'  '2015-08-08T16:58:30.140000000Z'  '0x0000000000000320'  'C:\\Windows\\System32\\oobe\\msoobe.exe'] Computer Name: GREENDALEGOLD Record Number: 105 Event Level: 0 Message string: The system time was changed.\n\nSubject:\n\tSecurity ID:\t\tS-1-5-18\n\tAccount Name:\t\tWIN-LK5OF8CDD94$\n\tAccount Domain:\t\tWORKGROUP\n\tLogon ID:\t\t0x00000000000003e7\n\nProcess Information:\n\tProcess ID:\t0x0000000000000320\n\tName:\t\tC:\Windows\System32\oobe\msoobe.exe\n\nPrevious Time:\t\t2015-08-08T06:58:30.343750000Z\nNew Time:\t\t2015-08-08T16:58:30.140000000Z\n\nThis event is generated when the system time is changed. It is normal for the Windows Time Service  which runs with System privilege  to change the system time on a regular basis. Other system time changes may be indicative of attempts to tamper with the computer.,winevtx,-
2015-08-08T16:58:30.1400000+00:00,Creation Time,EVT,WinEVTX,[4616 / 0x1208] Provider identifier: {54849625-5478-4994-a5ba-3e3b0328c30d} Source Name: Microsoft-Windows-Security-Auditing Strings: ['S-1-5-18'  'WIN-LK5OF8CDD94$'  'WORKGROUP'  '0x00000000000003e7'  '2015-08-08T06:58:30.343750000Z'  '2015-08-08T16:58:30.140000000Z'  '0x0000000000000320'  'C:\\Windows\\System32\\oobe\\msoobe.exe'] Computer Name: GREENDALEGOLD Record Number: 105 Event Level: 0 Message string: The system time was changed.\n\nSubject:\n\tSecurity ID:\t\tS-1-5-18\n\tAccount Name:\t\tWIN-LK5OF8CDD94$\n\tAccount Domain:\t\tWORKGROUP\n\tLogon ID:\t\t0x00000000000003e7\n\nProcess Information:\n\tProcess ID:\t0x0000000000000320\n\tName:\t\tC:\Windows\System32\oobe\msoobe.exe\n\nPrevious Time:\t\t2015-08-08T06:58:30.343750000Z\nNew Time:\t\t2015-08-08T16:58:30.140000000Z\n\nThis event is generated when the system time is changed. It is normal for the Windows Time Service  which runs with System privilege  to change the system time on a regular basis. Other system time changes may be indicative of attempts to tamper with the computer.,winevtx,-
2015-08-08T16:58:33.1556250+00:00,Content Modification Time,EVT,WinEVTX,[4720 / 0x1270] Provider identifier: {54849625-5478-4994-a5ba-3e3b0328c30d} Source Name: Microsoft-Windows-Security-Auditing Strings: ['gold_administrator'  'GREENDALEGOLD'  'S-1-5-21-1539974973-2753941131-3212641383-1000'  'S-1-5-18'  'WIN-LK5OF8CDD94$'  'WORKGROUP'  '0x00000000000003e7'  '-'  'gold_administrator'  '%%1793'  '-'  '%%1793'  '%%1793'  '%%1793'  '%%1793'  '%%1793'  '%%1794'  '%%1794'  '513'  '-'  '0x0'  '0x15'  '\r\n\t\t%%2080\r\n\t\t%%2082\r\n\t\t%%2084'  '%%1793'  '-'  '%%1797'] Computer Name: GREENDALEGOLD Record Number: 107 Event Level: 0 Message string: A user account was created.\n\nSubject:\n\tSecurity ID:\t\tS-1-5-18\n\tAccount Name:\t\tWIN-LK5OF8CDD94$\n\tAccount Domain:\t\tWORKGROUP\n\tLogon ID:\t\t0x00000000000003e7\n\nNew Account:\n\tSecurity ID:\t\tS-1-5-21-1539974973-2753941131-3212641383-1000\n\tAccount Name:\t\tgold_administrator\n\tAccount Domain:\t\tGREENDALEGOLD\n\nAttributes:\n\tSAM Account Name:\tgold_administrator\n\tDisplay Name:\t\t%%1793\n\tUser Principal Name:\t-\n\tHome Directory:\t\t%%1793\n\tHome Drive:\t\t%%1793\n\tScript Path:\t\t%%1793\n\tProfile Path:\t\t%%1793\n\tUser Workstations:\t%%1793\n\tPassword Last Set:\t%%1794\n\tAccount Expires:\t\t%%1794\n\tPrimary Group ID:\t513\n\tAllowed To Delegate To:\t-\n\tOld UAC Value:\t\t0x0\n\tNew UAC Value:\t\t0x15\n\tUser Account Control:\t		%%2080		%%2082		%%2084\n\tUser Parameters:\t%%1793\n\tSID History:\t\t-\n\tLogon Hours:\t\t%%1797\n\nAdditional Information:\n\tPrivileges\t\t-,winevtx,-
2015-08-08T16:58:33.1556250+00:00,Creation Time,EVT,WinEVTX,[4720 / 0x1270] Provider identifier: {54849625-5478-4994-a5ba-3e3b0328c30d} Source Name: Microsoft-Windows-Security-Auditing Strings: ['gold_administrator'  'GREENDALEGOLD'  'S-1-5-21-1539974973-2753941131-3212641383-1000'  'S-1-5-18'  'WIN-LK5OF8CDD94$'  'WORKGROUP'  '0x00000000000003e7'  '-'  'gold_administrator'  '%%1793'  '-'  '%%1793'  '%%1793'  '%%1793'  '%%1793'  '%%1793'  '%%1794'  '%%1794'  '513'  '-'  '0x0'  '0x15'  '\r\n\t\t%%2080\r\n\t\t%%2082\r\n\t\t%%2084'  '%%1793'  '-'  '%%1797'] Computer Name: GREENDALEGOLD Record Number: 107 Event Level: 0 Message string: A user account was created.\n\nSubject:\n\tSecurity ID:\t\tS-1-5-18\n\tAccount Name:\t\tWIN-LK5OF8CDD94$\n\tAccount Domain:\t\tWORKGROUP\n\tLogon ID:\t\t0x00000000000003e7\n\nNew Account:\n\tSecurity ID:\t\tS-1-5-21-1539974973-2753941131-3212641383-1000\n\tAccount Name:\t\tgold_administrator\n\tAccount Domain:\t\tGREENDALEGOLD\n\nAttributes:\n\tSAM Account Name:\tgold_administrator\n\tDisplay Name:\t\t%%1793\n\tUser Principal Name:\t-\n\tHome Directory:\t\t%%1793\n\tHome Drive:\t\t%%1793\n\tScript Path:\t\t%%1793\n\tProfile Path:\t\t%%1793\n\tUser Workstations:\t%%1793\n\tPassword Last Set:\t%%1794\n\tAccount Expires:\t\t%%1794\n\tPrimary Group ID:\t513\n\tAllowed To Delegate To:\t-\n\tOld UAC Value:\t\t0x0\n\tNew UAC Value:\t\t0x15\n\tUser Account Control:\t		%%2080		%%2082		%%2084\n\tUser Parameters:\t%%1793\n\tSID History:\t\t-\n\tLogon Hours:\t\t%%1797\n\nAdditional Information:\n\tPrivileges\t\t-,winevtx,-
2015-08-08T16:58:33.1556250+00:00,Content Modification Time,EVT,WinEVTX,[4728 / 0x1278] Provider identifier: {54849625-5478-4994-a5ba-3e3b0328c30d} Source Name: Microsoft-Windows-Security-Auditing Strings: ['-'  'S-1-5-21-1539974973-2753941131-3212641383-1000'  'None'  'GREENDALEGOLD'  'S-1-5-21-1539974973-2753941131-3212641383-513'  'S-1-5-18'  'WIN-LK5OF8CDD94$'  'WORKGROUP'  '0x00000000000003e7'  '-'] Computer Name: GREENDALEGOLD Record Number: 106 Event Level: 0 Message string: A member was added to a security-enabled global group.\n\nSubject:\n\tSecurity ID:\t\tS-1-5-18\n\tAccount Name:\t\tWIN-LK5OF8CDD94$\n\tAccount Domain:\t\tWORKGROUP\n\tLogon ID:\t\t0x00000000000003e7\n\nMember:\n\tSecurity ID:\t\tS-1-5-21-1539974973-2753941131-3212641383-1000\n\tAccount Name:\t\t-\n\nGroup:\n\tSecurity ID:\t\tS-1-5-21-1539974973-2753941131-3212641383-513\n\tGroup Name:\t\tNone\n\tGroup Domain:\t\tGREENDALEGOLD\n\nAdditional Information:\n\tPrivileges:\t\t-,winevtx,-
2015-08-08T16:58:33.1556250+00:00,Creation Time,EVT,WinEVTX,[4728 / 0x1278] Provider identifier: {54849625-5478-4994-a5ba-3e3b0328c30d} Source Name: Microsoft-Windows-Security-Auditing Strings: ['-'  'S-1-5-21-1539974973-2753941131-3212641383-1000'  'None'  'GREENDALEGOLD'  'S-1-5-21-1539974973-2753941131-3212641383-513'  'S-1-5-18'  'WIN-LK5OF8CDD94$'  'WORKGROUP'  '0x00000000000003e7'  '-'] Computer Name: GREENDALEGOLD Record Number: 106 Event Level: 0 Message string: A member was added to a security-enabled global group.\n\nSubject:\n\tSecurity ID:\t\tS-1-5-18\n\tAccount Name:\t\tWIN-LK5OF8CDD94$\n\tAccount Domain:\t\tWORKGROUP\n\tLogon ID:\t\t0x00000000000003e7\n\nMember:\n\tSecurity ID:\t\tS-1-5-21-1539974973-2753941131-3212641383-1000\n\tAccount Name:\t\t-\n\nGroup:\n\tSecurity ID:\t\tS-1-5-21-1539974973-2753941131-3212641383-513\n\tGroup Name:\t\tNone\n\tGroup Domain:\t\tGREENDALEGOLD\n\nAdditional Information:\n\tPrivileges:\t\t-,winevtx,-
2015-08-08T16:58:33.2025000+00:00,Content Modification Time,EVT,WinEVTX,[4732 / 0x127c] Provider identifier: {54849625-5478-4994-a5ba-3e3b0328c30d} Source Name: Microsoft-Windows-Security-Auditing Strings: ['-'  'S-1-5-21-1539974973-2753941131-3212641383-1000'  'Users'  'Builtin'  'S-1-5-32-545'  'S-1-5-18'  'WIN-LK5OF8CDD94$'  'WORKGROUP'  '0x00000000000003e7'  '-'] Computer Name: GREENDALEGOLD Record Number: 108 Event Level: 0 Message string: A member was added to a security-enabled local group.\n\nSubject:\n\tSecurity ID:\t\tS-1-5-18\n\tAccount Name:\t\tWIN-LK5OF8CDD94$\n\tAccount Domain:\t\tWORKGROUP\n\tLogon ID:\t\t0x00000000000003e7\n\nMember:\n\tSecurity ID:\t\tS-1-5-21-1539974973-2753941131-3212641383-1000\n\tAccount Name:\t\t-\n\nGroup:\n\tSecurity ID:\t\tS-1-5-32-545\n\tGroup Name:\t\tUsers\n\tGroup Domain:\t\tBuiltin\n\nAdditional Information:\n\tPrivileges:\t\t-,winevtx,-
2015-08-08T16:58:33.2025000+00:00,Creation Time,EVT,WinEVTX,[4732 / 0x127c] Provider identifier: {54849625-5478-4994-a5ba-3e3b0328c30d} Source Name: Microsoft-Windows-Security-Auditing Strings: ['-'  'S-1-5-21-1539974973-2753941131-3212641383-1000'  'Users'  'Builtin'  'S-1-5-32-545'  'S-1-5-18'  'WIN-LK5OF8CDD94$'  'WORKGROUP'  '0x00000000000003e7'  '-'] Computer Name: GREENDALEGOLD Record Number: 108 Event Level: 0 Message string: A member was added to a security-enabled local group.\n\nSubject:\n\tSecurity ID:\t\tS-1-5-18\n\tAccount Name:\t\tWIN-LK5OF8CDD94$\n\tAccount Domain:\t\tWORKGROUP\n\tLogon ID:\t\t0x00000000000003e7\n\nMember:\n\tSecurity ID:\t\tS-1-5-21-1539974973-2753941131-3212641383-1000\n\tAccount Name:\t\t-\n\nGroup:\n\tSecurity ID:\t\tS-1-5-32-545\n\tGroup Name:\t\tUsers\n\tGroup Domain:\t\tBuiltin\n\nAdditional Information:\n\tPrivileges:\t\t-,winevtx,-
2015-08-08T16:58:33.2181250+00:00,Content Modification Time,EVT,WinEVTX,[4722 / 0x1272] Provider identifier: {54849625-5478-4994-a5ba-3e3b0328c30d} Source Name: Microsoft-Windows-Security-Auditing Strings: ['gold_administrator'  'GREENDALEGOLD'  'S-1-5-21-1539974973-2753941131-3212641383-1000'  'S-1-5-18'  'WIN-LK5OF8CDD94$'  'WORKGROUP'  '0x00000000000003e7'] Computer Name: GREENDALEGOLD Record Number: 109 Event Level: 0 Message string: A user account was enabled.\n\nSubject:\n\tSecurity ID:\t\tS-1-5-18\n\tAccount Name:\t\tWIN-LK5OF8CDD94$\n\tAccount Domain:\t\tWORKGROUP\n\tLogon ID:\t\t0x00000000000003e7\n\nTarget Account:\n\tSecurity ID:\t\tS-1-5-21-1539974973-2753941131-3212641383-1000\n\tAccount Name:\t\tgold_administrator\n\tAccount Domain:\t\tGREENDALEGOLD,winevtx,-
2015-08-08T16:58:33.2181250+00:00,Creation Time,EVT,WinEVTX,[4722 / 0x1272] Provider identifier: {54849625-5478-4994-a5ba-3e3b0328c30d} Source Name: Microsoft-Windows-Security-Auditing Strings: ['gold_administrator'  'GREENDALEGOLD'  'S-1-5-21-1539974973-2753941131-3212641383-1000'  'S-1-5-18'  'WIN-LK5OF8CDD94$'  'WORKGROUP'  '0x00000000000003e7'] Computer Name: GREENDALEGOLD Record Number: 109 Event Level: 0 Message string: A user account was enabled.\n\nSubject:\n\tSecurity ID:\t\tS-1-5-18\n\tAccount Name:\t\tWIN-LK5OF8CDD94$\n\tAccount Domain:\t\tWORKGROUP\n\tLogon ID:\t\t0x00000000000003e7\n\nTarget Account:\n\tSecurity ID:\t\tS-1-5-21-1539974973-2753941131-3212641383-1000\n\tAccount Name:\t\tgold_administrator\n\tAccount Domain:\t\tGREENDALEGOLD,winevtx,-
2015-08-08T16:58:33.2181250+00:00,Content Modification Time,EVT,WinEVTX,[4738 / 0x1282] Provider identifier: {54849625-5478-4994-a5ba-3e3b0328c30d} Source Name: Microsoft-Windows-Security-Auditing Strings: ['-'  'gold_administrator'  'GREENDALEGOLD'  'S-1-5-21-1539974973-2753941131-3212641383-1000'  'S-1-5-18'  'WIN-LK5OF8CDD94$'  'WORKGROUP'  '0x00000000000003e7'  '-'  'gold_administrator'  '%%1793'  '-'  '%%1793'  '%%1793'  '%%1793'  '%%1793'  '%%1793'  '%%1794'  '%%1794'  '513'  '-'  '0x15'  '0x14'  '\r\n\t\t%%2048'  '%%1793'  '-'  '%%1797'] Computer Name: GREENDALEGOLD Record Number: 110 Event Level: 0 Message string: A user account was changed.\n\nSubject:\n\tSecurity ID:\t\tS-1-5-18\n\tAccount Name:\t\tWIN-LK5OF8CDD94$\n\tAccount Domain:\t\tWORKGROUP\n\tLogon ID:\t\t0x00000000000003e7\n\nTarget Account:\n\tSecurity ID:\t\tS-1-5-21-1539974973-2753941131-3212641383-1000\n\tAccount Name:\t\tgold_administrator\n\tAccount Domain:\t\tGREENDALEGOLD\n\nChanged Attributes:\n\tSAM Account Name:\tgold_administrator\n\tDisplay Name:\t\t%%1793\n\tUser Principal Name:\t-\n\tHome Directory:\t\t%%1793\n\tHome Drive:\t\t%%1793\n\tScript Path:\t\t%%1793\n\tProfile Path:\t\t%%1793\n\tUser Workstations:\t%%1793\n\tPassword Last Set:\t%%1794\n\tAccount Expires:\t\t%%1794\n\tPrimary Group ID:\t513\n\tAllowedToDelegateTo:\t-\n\tOld UAC Value:\t\t0x15\n\tNew UAC Value:\t\t0x14\n\tUser Account Control:\t		%%2048\n\tUser Parameters:\t%%1793\n\tSID History:\t\t-\n\tLogon Hours:\t\t%%1797\n\nAdditional Information:\n\tPrivileges:\t\t-,winevtx,-
2015-08-08T16:58:33.2181250+00:00,Creation Time,EVT,WinEVTX,[4738 / 0x1282] Provider identifier: {54849625-5478-4994-a5ba-3e3b0328c30d} Source Name: Microsoft-Windows-Security-Auditing Strings: ['-'  'gold_administrator'  'GREENDALEGOLD'  'S-1-5-21-1539974973-2753941131-3212641383-1000'  'S-1-5-18'  'WIN-LK5OF8CDD94$'  'WORKGROUP'  '0x00000000000003e7'  '-'  'gold_administrator'  '%%1793'  '-'  '%%1793'  '%%1793'  '%%1793'  '%%1793'  '%%1793'  '%%1794'  '%%1794'  '513'  '-'  '0x15'  '0x14'  '\r\n\t\t%%2048'  '%%1793'  '-'  '%%1797'] Computer Name: GREENDALEGOLD Record Number: 110 Event Level: 0 Message string: A user account was changed.\n\nSubject:\n\tSecurity ID:\t\tS-1-5-18\n\tAccount Name:\t\tWIN-LK5OF8CDD94$\n\tAccount Domain:\t\tWORKGROUP\n\tLogon ID:\t\t0x00000000000003e7\n\nTarget Account:\n\tSecurity ID:\t\tS-1-5-21-1539974973-2753941131-3212641383-1000\n\tAccount Name:\t\tgold_administrator\n\tAccount Domain:\t\tGREENDALEGOLD\n\nChanged Attributes:\n\tSAM Account Name:\tgold_administrator\n\tDisplay Name:\t\t%%1793\n\tUser Principal Name:\t-\n\tHome Directory:\t\t%%1793\n\tHome Drive:\t\t%%1793\n\tScript Path:\t\t%%1793\n\tProfile Path:\t\t%%1793\n\tUser Workstations:\t%%1793\n\tPassword Last Set:\t%%1794\n\tAccount Expires:\t\t%%1794\n\tPrimary Group ID:\t513\n\tAllowedToDelegateTo:\t-\n\tOld UAC Value:\t\t0x15\n\tNew UAC Value:\t\t0x14\n\tUser Account Control:\t		%%2048\n\tUser Parameters:\t%%1793\n\tSID History:\t\t-\n\tLogon Hours:\t\t%%1797\n\nAdditional Information:\n\tPrivileges:\t\t-,winevtx,-
2015-08-08T16:58:33.2337500+00:00,Content Modification Time,EVT,WinEVTX,[4732 / 0x127c] Provider identifier: {54849625-5478-4994-a5ba-3e3b0328c30d} Source Name: Microsoft-Windows-Security-Auditing Strings: ['-'  'S-1-5-21-1539974973-2753941131-3212641383-1000'  'Administrators'  'Builtin'  'S-1-5-32-544'  'S-1-5-18'  'WIN-LK5OF8CDD94$'  'WORKGROUP'  '0x00000000000003e7'  '-'] Computer Name: GREENDALEGOLD Record Number: 111 Event Level: 0 Message string: A member was added to a security-enabled local group.\n\nSubject:\n\tSecurity ID:\t\tS-1-5-18\n\tAccount Name:\t\tWIN-LK5OF8CDD94$\n\tAccount Domain:\t\tWORKGROUP\n\tLogon ID:\t\t0x00000000000003e7\n\nMember:\n\tSecurity ID:\t\tS-1-5-21-1539974973-2753941131-3212641383-1000\n\tAccount Name:\t\t-\n\nGroup:\n\tSecurity ID:\t\tS-1-5-32-544\n\tGroup Name:\t\tAdministrators\n\tGroup Domain:\t\tBuiltin\n\nAdditional Information:\n\tPrivileges:\t\t-,winevtx,-
2015-08-08T16:58:33.2337500+00:00,Creation Time,EVT,WinEVTX,[4732 / 0x127c] Provider identifier: {54849625-5478-4994-a5ba-3e3b0328c30d} Source Name: Microsoft-Windows-Security-Auditing Strings: ['-'  'S-1-5-21-1539974973-2753941131-3212641383-1000'  'Administrators'  'Builtin'  'S-1-5-32-544'  'S-1-5-18'  'WIN-LK5OF8CDD94$'  'WORKGROUP'  '0x00000000000003e7'  '-'] Computer Name: GREENDALEGOLD Record Number: 111 Event Level: 0 Message string: A member was added to a security-enabled local group.\n\nSubject:\n\tSecurity ID:\t\tS-1-5-18\n\tAccount Name:\t\tWIN-LK5OF8CDD94$\n\tAccount Domain:\t\tWORKGROUP\n\tLogon ID:\t\t0x00000000000003e7\n\nMember:\n\tSecurity ID:\t\tS-1-5-21-1539974973-2753941131-3212641383-1000\n\tAccount Name:\t\t-\n\nGroup:\n\tSecurity ID:\t\tS-1-5-32-544\n\tGroup Name:\t\tAdministrators\n\tGroup Domain:\t\tBuiltin\n\nAdditional Information:\n\tPrivileges:\t\t-,winevtx,-
2015-08-08T16:58:33.2650000+00:00,Content Modification Time,EVT,WinEVTX,[4733 / 0x127d] Provider identifier: {54849625-5478-4994-a5ba-3e3b0328c30d} Source Name: Microsoft-Windows-Security-Auditing Strings: ['-'  'S-1-5-21-1539974973-2753941131-3212641383-1000'  'Users'  'Builtin'  'S-1-5-32-545'  'S-1-5-18'  'WIN-LK5OF8CDD94$'  'WORKGROUP'  '0x00000000000003e7'  '-'] Computer Name: GREENDALEGOLD Record Number: 112 Event Level: 0 Message string: A member was removed from a security-enabled local group.\n\nSubject:\n\tSecurity ID:\t\tS-1-5-18\n\tAccount Name:\t\tWIN-LK5OF8CDD94$\n\tAccount Domain:\t\tWORKGROUP\n\tLogon ID:\t\t0x00000000000003e7\n\nMember:\n\tSecurity ID:\t\tS-1-5-21-1539974973-2753941131-3212641383-1000\n\tAccount Name:\t\t-\n\nGroup:\n\tSecurity ID:\t\tS-1-5-32-545\n\tGroup Name:\t\tUsers\n\tGroup Domain:\t\tBuiltin\n\nAdditional Information:\n\tPrivileges:\t\t-,winevtx,-
2015-08-08T16:58:33.2650000+00:00,Creation Time,EVT,WinEVTX,[4733 / 0x127d] Provider identifier: {54849625-5478-4994-a5ba-3e3b0328c30d} Source Name: Microsoft-Windows-Security-Auditing Strings: ['-'  'S-1-5-21-1539974973-2753941131-3212641383-1000'  'Users'  'Builtin'  'S-1-5-32-545'  'S-1-5-18'  'WIN-LK5OF8CDD94$'  'WORKGROUP'  '0x00000000000003e7'  '-'] Computer Name: GREENDALEGOLD Record Number: 112 Event Level: 0 Message string: A member was removed from a security-enabled local group.\n\nSubject:\n\tSecurity ID:\t\tS-1-5-18\n\tAccount Name:\t\tWIN-LK5OF8CDD94$\n\tAccount Domain:\t\tWORKGROUP\n\tLogon ID:\t\t0x00000000000003e7\n\nMember:\n\tSecurity ID:\t\tS-1-5-21-1539974973-2753941131-3212641383-1000\n\tAccount Name:\t\t-\n\nGroup:\n\tSecurity ID:\t\tS-1-5-32-545\n\tGroup Name:\t\tUsers\n\tGroup Domain:\t\tBuiltin\n\nAdditional Information:\n\tPrivileges:\t\t-,winevtx,-
2015-08-08T16:58:33.2806250+00:00,Content Modification Time,EVT,WinEVTX,[4724 / 0x1274] Provider identifier: {54849625-5478-4994-a5ba-3e3b0328c30d} Source Name: Microsoft-Windows-Security-Auditing Strings: ['gold_administrator'  'GREENDALEGOLD'  'S-1-5-21-1539974973-2753941131-3212641383-1000'  'S-1-5-18'  'WIN-LK5OF8CDD94$'  'WORKGROUP'  '0x00000000000003e7'] Computer Name: GREENDALEGOLD Record Number: 114 Event Level: 0 Message string: An attempt was made to reset an account's password.\n\nSubject:\n\tSecurity ID:\t\tS-1-5-18\n\tAccount Name:\t\tWIN-LK5OF8CDD94$\n\tAccount Domain:\t\tWORKGROUP\n\tLogon ID:\t\t0x00000000000003e7\n\nTarget Account:\n\tSecurity ID:\t\tS-1-5-21-1539974973-2753941131-3212641383-1000\n\tAccount Name:\t\tgold_administrator\n\tAccount Domain:\t\tGREENDALEGOLD,winevtx,-
2015-08-08T16:58:33.2806250+00:00,Creation Time,EVT,WinEVTX,[4724 / 0x1274] Provider identifier: {54849625-5478-4994-a5ba-3e3b0328c30d} Source Name: Microsoft-Windows-Security-Auditing Strings: ['gold_administrator'  'GREENDALEGOLD'  'S-1-5-21-1539974973-2753941131-3212641383-1000'  'S-1-5-18'  'WIN-LK5OF8CDD94$'  'WORKGROUP'  '0x00000000000003e7'] Computer Name: GREENDALEGOLD Record Number: 114 Event Level: 0 Message string: An attempt was made to reset an account's password.\n\nSubject:\n\tSecurity ID:\t\tS-1-5-18\n\tAccount Name:\t\tWIN-LK5OF8CDD94$\n\tAccount Domain:\t\tWORKGROUP\n\tLogon ID:\t\t0x00000000000003e7\n\nTarget Account:\n\tSecurity ID:\t\tS-1-5-21-1539974973-2753941131-3212641383-1000\n\tAccount Name:\t\tgold_administrator\n\tAccount Domain:\t\tGREENDALEGOLD,winevtx,-
2015-08-08T16:58:33.2806250+00:00,Content Modification Time,EVT,WinEVTX,[4738 / 0x1282] Provider identifier: {54849625-5478-4994-a5ba-3e3b0328c30d} Source Name: Microsoft-Windows-Security-Auditing Strings: ['-'  'gold_administrator'  'GREENDALEGOLD'  'S-1-5-21-1539974973-2753941131-3212641383-1000'  'S-1-5-18'  'WIN-LK5OF8CDD94$'  'WORKGROUP'  '0x00000000000003e7'  '-'  '-'  '-'  '-'  '-'  '-'  '-'  '-'  '-'  '-'  '-'  '-'  '-'  '-'  '-'  '-'  '-'  '-'  '-'] Computer Name: GREENDALEGOLD Record Number: 115 Event Level: 0 Message string: A user account was changed.\n\nSubject:\n\tSecurity ID:\t\tS-1-5-18\n\tAccount Name:\t\tWIN-LK5OF8CDD94$\n\tAccount Domain:\t\tWORKGROUP\n\tLogon ID:\t\t0x00000000000003e7\n\nTarget Account:\n\tSecurity ID:\t\tS-1-5-21-1539974973-2753941131-3212641383-1000\n\tAccount Name:\t\tgold_administrator\n\tAccount Domain:\t\tGREENDALEGOLD\n\nChanged Attributes:\n\tSAM Account Name:\t-\n\tDisplay Name:\t\t-\n\tUser Principal Name:\t-\n\tHome Directory:\t\t-\n\tHome Drive:\t\t-\n\tScript Path:\t\t-\n\tProfile Path:\t\t-\n\tUser Workstations:\t-\n\tPassword Last Set:\t-\n\tAccount Expires:\t\t-\n\tPrimary Group ID:\t-\n\tAllowedToDelegateTo:\t-\n\tOld UAC Value:\t\t-\n\tNew UAC Value:\t\t-\n\tUser Account Control:\t-\n\tUser Parameters:\t-\n\tSID History:\t\t-\n\tLogon Hours:\t\t-\n\nAdditional Information:\n\tPrivileges:\t\t-,winevtx,-
2015-08-08T16:58:33.2806250+00:00,Creation Time,EVT,WinEVTX,[4738 / 0x1282] Provider identifier: {54849625-5478-4994-a5ba-3e3b0328c30d} Source Name: Microsoft-Windows-Security-Auditing Strings: ['-'  'gold_administrator'  'GREENDALEGOLD'  'S-1-5-21-1539974973-2753941131-3212641383-1000'  'S-1-5-18'  'WIN-LK5OF8CDD94$'  'WORKGROUP'  '0x00000000000003e7'  '-'  '-'  '-'  '-'  '-'  '-'  '-'  '-'  '-'  '-'  '-'  '-'  '-'  '-'  '-'  '-'  '-'  '-'  '-'] Computer Name: GREENDALEGOLD Record Number: 115 Event Level: 0 Message string: A user account was changed.\n\nSubject:\n\tSecurity ID:\t\tS-1-5-18\n\tAccount Name:\t\tWIN-LK5OF8CDD94$\n\tAccount Domain:\t\tWORKGROUP\n\tLogon ID:\t\t0x00000000000003e7\n\nTarget Account:\n\tSecurity ID:\t\tS-1-5-21-1539974973-2753941131-3212641383-1000\n\tAccount Name:\t\tgold_administrator\n\tAccount Domain:\t\tGREENDALEGOLD\n\nChanged Attributes:\n\tSAM Account Name:\t-\n\tDisplay Name:\t\t-\n\tUser Principal Name:\t-\n\tHome Directory:\t\t-\n\tHome Drive:\t\t-\n\tScript Path:\t\t-\n\tProfile Path:\t\t-\n\tUser Workstations:\t-\n\tPassword Last Set:\t-\n\tAccount Expires:\t\t-\n\tPrimary Group ID:\t-\n\tAllowedToDelegateTo:\t-\n\tOld UAC Value:\t\t-\n\tNew UAC Value:\t\t-\n\tUser Account Control:\t-\n\tUser Parameters:\t-\n\tSID History:\t\t-\n\tLogon Hours:\t\t-\n\nAdditional Information:\n\tPrivileges:\t\t-,winevtx,-
2015-08-08T16:58:33.2806250+00:00,Content Modification Time,EVT,WinEVTX,[4738 / 0x1282] Provider identifier: {54849625-5478-4994-a5ba-3e3b0328c30d} Source Name: Microsoft-Windows-Security-Auditing Strings: ['-'  'gold_administrator'  'GREENDALEGOLD'  'S-1-5-21-1539974973-2753941131-3212641383-1000'  'S-1-5-18'  'WIN-LK5OF8CDD94$'  'WORKGROUP'  '0x00000000000003e7'  '-'  'gold_administrator'  '%%1793'  '-'  '%%1793'  '%%1793'  '%%1793'  '%%1793'  '%%1793'  '8/08/2015 4:58:33 PM'  '%%1794'  '513'  '-'  '0x14'  '0x214'  '\r\n\t\t%%2089'  '-'  '-'  '%%1797'] Computer Name: GREENDALEGOLD Record Number: 113 Event Level: 0 Message string: A user account was changed.\n\nSubject:\n\tSecurity ID:\t\tS-1-5-18\n\tAccount Name:\t\tWIN-LK5OF8CDD94$\n\tAccount Domain:\t\tWORKGROUP\n\tLogon ID:\t\t0x00000000000003e7\n\nTarget Account:\n\tSecurity ID:\t\tS-1-5-21-1539974973-2753941131-3212641383-1000\n\tAccount Name:\t\tgold_administrator\n\tAccount Domain:\t\tGREENDALEGOLD\n\nChanged Attributes:\n\tSAM Account Name:\tgold_administrator\n\tDisplay Name:\t\t%%1793\n\tUser Principal Name:\t-\n\tHome Directory:\t\t%%1793\n\tHome Drive:\t\t%%1793\n\tScript Path:\t\t%%1793\n\tProfile Path:\t\t%%1793\n\tUser Workstations:\t%%1793\n\tPassword Last Set:\t8/08/2015 4:58:33 PM\n\tAccount Expires:\t\t%%1794\n\tPrimary Group ID:\t513\n\tAllowedToDelegateTo:\t-\n\tOld UAC Value:\t\t0x14\n\tNew UAC Value:\t\t0x214\n\tUser Account Control:\t		%%2089\n\tUser Parameters:\t-\n\tSID History:\t\t-\n\tLogon Hours:\t\t%%1797\n\nAdditional Information:\n\tPrivileges:\t\t-,winevtx,-
2015-08-08T16:58:33.2806250+00:00,Creation Time,EVT,WinEVTX,[4738 / 0x1282] Provider identifier: {54849625-5478-4994-a5ba-3e3b0328c30d} Source Name: Microsoft-Windows-Security-Auditing Strings: ['-'  'gold_administrator'  'GREENDALEGOLD'  'S-1-5-21-1539974973-2753941131-3212641383-1000'  'S-1-5-18'  'WIN-LK5OF8CDD94$'  'WORKGROUP'  '0x00000000000003e7'  '-'  'gold_administrator'  '%%1793'  '-'  '%%1793'  '%%1793'  '%%1793'  '%%1793'  '%%1793'  '8/08/2015 4:58:33 PM'  '%%1794'  '513'  '-'  '0x14'  '0x214'  '\r\n\t\t%%2089'  '-'  '-'  '%%1797'] Computer Name: GREENDALEGOLD Record Number: 113 Event Level: 0 Message string: A user account was changed.\n\nSubject:\n\tSecurity ID:\t\tS-1-5-18\n\tAccount Name:\t\tWIN-LK5OF8CDD94$\n\tAccount Domain:\t\tWORKGROUP\n\tLogon ID:\t\t0x00000000000003e7\n\nTarget Account:\n\tSecurity ID:\t\tS-1-5-21-1539974973-2753941131-3212641383-1000\n\tAccount Name:\t\tgold_administrator\n\tAccount Domain:\t\tGREENDALEGOLD\n\nChanged Attributes:\n\tSAM Account Name:\tgold_administrator\n\tDisplay Name:\t\t%%1793\n\tUser Principal Name:\t-\n\tHome Directory:\t\t%%1793\n\tHome Drive:\t\t%%1793\n\tScript Path:\t\t%%1793\n\tProfile Path:\t\t%%1793\n\tUser Workstations:\t%%1793\n\tPassword Last Set:\t8/08/2015 4:58:33 PM\n\tAccount Expires:\t\t%%1794\n\tPrimary Group ID:\t513\n\tAllowedToDelegateTo:\t-\n\tOld UAC Value:\t\t0x14\n\tNew UAC Value:\t\t0x214\n\tUser Account Control:\t		%%2089\n\tUser Parameters:\t-\n\tSID History:\t\t-\n\tLogon Hours:\t\t%%1797\n\nAdditional Information:\n\tPrivileges:\t\t-,winevtx,-
2015-08-08T16:58:33.8431250+00:00,Content Modification Time,EVT,WinEVTX,[4624 / 0x1210] Provider identifier: {54849625-5478-4994-a5ba-3e3b0328c30d} Source Name: Microsoft-Windows-Security-Auditing Strings: ['S-1-5-18'  'WIN-LK5OF8CDD94$'  'WORKGROUP'  '0x00000000000003e7'  'S-1-5-18'  'SYSTEM'  'NT AUTHORITY'  '0x00000000000003e7'  '5'  'Advapi  '  'Negotiate'  None  '{00000000-0000-0000-0000-000000000000}'  '-'  '-'  '0'  '0x00000000000001b4'  'C:\\Windows\\System32\\services.exe'  '-'  '-'] Computer Name: GREENDALEGOLD Record Number: 116 Event Level: 0 Message string: An account was successfully logged on.\n\nSubject:\n\tSecurity ID:\t\tS-1-5-18\n\tAccount Name:\t\tWIN-LK5OF8CDD94$\n\tAccount Domain:\t\tWORKGROUP\n\tLogon ID:\t\t0x00000000000003e7\n\nLogon Type:\t\t\t5\n\nNew Logon:\n\tSecurity ID:\t\tS-1-5-18\n\tAccount Name:\t\tSYSTEM\n\tAccount Domain:\t\tNT AUTHORITY\n\tLogon ID:\t\t0x00000000000003e7\n\tLogon GUID:\t\t{00000000-0000-0000-0000-000000000000}\n\nProcess Information:\n\tProcess ID:\t\t0x00000000000001b4\n\tProcess Name:\t\tC:\Windows\System32\services.exe\n\nNetwork Information:\n\tWorkstation Name:\t\n\tSource Network Address:\t-\n\tSource Port:\t\t-\n\nDetailed Authentication Information:\n\tLogon Process:\t\tAdvapi  \n\tAuthentication Package:\tNegotiate\n\tTransited Services:\t-\n\tPackage Name (NTLM only):\t-\n\tKey Length:\t\t0\n\nThis event is generated when a logon session is created. It is generated on the computer that was accessed.\n\nThe subject fields indicate the account on the local system which requested the logon. This is most commonly a service such as the Server service  or a local process such as Winlogon.exe or Services.exe.\n\nThe logon type field indicates the kind of logon that occurred. The most common types are 2 (interactive) and 3 (network).\n\nThe New Logon fields indicate the account for whom the new logon was created  i.e. the account that was logged on.\n\nThe network fields indicate where a remote logon request originated. Workstation name is not always available and may be left blank in some cases.\n\nThe authentication information fields provide detailed information about this specific logon request.\n\t- Logon GUID is a unique identifier that can be used to correlate this event with a KDC event.\n\t- Transited services indicate which intermediate services have participated in this logon request.\n\t- Package name indicates which sub-protocol was used among the NTLM protocols.\n\t- Key length indicates the length of the generated session key. This will be 0 if no session key was requested.,winevtx,-
2015-08-08T16:58:33.8431250+00:00,Creation Time,EVT,WinEVTX,[4624 / 0x1210] Provider identifier: {54849625-5478-4994-a5ba-3e3b0328c30d} Source Name: Microsoft-Windows-Security-Auditing Strings: ['S-1-5-18'  'WIN-LK5OF8CDD94$'  'WORKGROUP'  '0x00000000000003e7'  'S-1-5-18'  'SYSTEM'  'NT AUTHORITY'  '0x00000000000003e7'  '5'  'Advapi  '  'Negotiate'  None  '{00000000-0000-0000-0000-000000000000}'  '-'  '-'  '0'  '0x00000000000001b4'  'C:\\Windows\\System32\\services.exe'  '-'  '-'] Computer Name: GREENDALEGOLD Record Number: 116 Event Level: 0 Message string: An account was successfully logged on.\n\nSubject:\n\tSecurity ID:\t\tS-1-5-18\n\tAccount Name:\t\tWIN-LK5OF8CDD94$\n\tAccount Domain:\t\tWORKGROUP\n\tLogon ID:\t\t0x00000000000003e7\n\nLogon Type:\t\t\t5\n\nNew Logon:\n\tSecurity ID:\t\tS-1-5-18\n\tAccount Name:\t\tSYSTEM\n\tAccount Domain:\t\tNT AUTHORITY\n\tLogon ID:\t\t0x00000000000003e7\n\tLogon GUID:\t\t{00000000-0000-0000-0000-000000000000}\n\nProcess Information:\n\tProcess ID:\t\t0x00000000000001b4\n\tProcess Name:\t\tC:\Windows\System32\services.exe\n\nNetwork Information:\n\tWorkstation Name:\t\n\tSource Network Address:\t-\n\tSource Port:\t\t-\n\nDetailed Authentication Information:\n\tLogon Process:\t\tAdvapi  \n\tAuthentication Package:\tNegotiate\n\tTransited Services:\t-\n\tPackage Name (NTLM only):\t-\n\tKey Length:\t\t0\n\nThis event is generated when a logon session is created. It is generated on the computer that was accessed.\n\nThe subject fields indicate the account on the local system which requested the logon. This is most commonly a service such as the Server service  or a local process such as Winlogon.exe or Services.exe.\n\nThe logon type field indicates the kind of logon that occurred. The most common types are 2 (interactive) and 3 (network).\n\nThe New Logon fields indicate the account for whom the new logon was created  i.e. the account that was logged on.\n\nThe network fields indicate where a remote logon request originated. Workstation name is not always available and may be left blank in some cases.\n\nThe authentication information fields provide detailed information about this specific logon request.\n\t- Logon GUID is a unique identifier that can be used to correlate this event with a KDC event.\n\t- Transited services indicate which intermediate services have participated in this logon request.\n\t- Package name indicates which sub-protocol was used among the NTLM protocols.\n\t- Key length indicates the length of the generated session key. This will be 0 if no session key was requested.,winevtx,-
2015-08-08T16:58:33.8431250+00:00,Content Modification Time,EVT,WinEVTX,[4672 / 0x1240] Provider identifier: {54849625-5478-4994-a5ba-3e3b0328c30d} Source Name: Microsoft-Windows-Security-Auditing Strings: ['S-1-5-18'  'SYSTEM'  'NT AUTHORITY'  '0x00000000000003e7'  'SeAssignPrimaryTokenPrivilege\r\n\t\t\tSeTcbPrivilege\r\n\t\t\tSeSecurityPrivilege\r\n\t\t\tSeTakeOwnershipPrivilege\r\n\t\t\tSeLoadDriverPrivilege\r\n\t\t\tSeBackupPrivilege\r\n\t\t\tSeRestorePrivilege\r\n\t\t\tSeDebugPrivilege\r\n\t\t\tSeAuditPrivilege\r\n\t\t\tSeSystemEnvironmentPrivilege\r\n\t\t\tSeImpersonatePrivilege'] Computer Name: GREENDALEGOLD Record Number: 117 Event Level: 0 Message string: Special privileges assigned to new logon.\n\nSubject:\n\tSecurity ID:\t\tS-1-5-18\n\tAccount Name:\t\tSYSTEM\n\tAccount Domain:\t\tNT AUTHORITY\n\tLogon ID:\t\t0x00000000000003e7\n\nPrivileges:\t\tSeAssignPrimaryTokenPrivilege			SeTcbPrivilege			SeSecurityPrivilege			SeTakeOwnershipPrivilege			SeLoadDriverPrivilege			SeBackupPrivilege			SeRestorePrivilege			SeDebugPrivilege			SeAuditPrivilege			SeSystemEnvironmentPrivilege			SeImpersonatePrivilege,winevtx,-
2015-08-08T16:58:33.8431250+00:00,Creation Time,EVT,WinEVTX,[4672 / 0x1240] Provider identifier: {54849625-5478-4994-a5ba-3e3b0328c30d} Source Name: Microsoft-Windows-Security-Auditing Strings: ['S-1-5-18'  'SYSTEM'  'NT AUTHORITY'  '0x00000000000003e7'  'SeAssignPrimaryTokenPrivilege\r\n\t\t\tSeTcbPrivilege\r\n\t\t\tSeSecurityPrivilege\r\n\t\t\tSeTakeOwnershipPrivilege\r\n\t\t\tSeLoadDriverPrivilege\r\n\t\t\tSeBackupPrivilege\r\n\t\t\tSeRestorePrivilege\r\n\t\t\tSeDebugPrivilege\r\n\t\t\tSeAuditPrivilege\r\n\t\t\tSeSystemEnvironmentPrivilege\r\n\t\t\tSeImpersonatePrivilege'] Computer Name: GREENDALEGOLD Record Number: 117 Event Level: 0 Message string: Special privileges assigned to new logon.\n\nSubject:\n\tSecurity ID:\t\tS-1-5-18\n\tAccount Name:\t\tSYSTEM\n\tAccount Domain:\t\tNT AUTHORITY\n\tLogon ID:\t\t0x00000000000003e7\n\nPrivileges:\t\tSeAssignPrimaryTokenPrivilege			SeTcbPrivilege			SeSecurityPrivilege			SeTakeOwnershipPrivilege			SeLoadDriverPrivilege			SeBackupPrivilege			SeRestorePrivilege			SeDebugPrivilege			SeAuditPrivilege			SeSystemEnvironmentPrivilege			SeImpersonatePrivilege,winevtx,-
2015-08-08T16:58:39.3177343+00:00,Content Modification Time,EVT,WinEVTX,[4624 / 0x1210] Provider identifier: {54849625-5478-4994-a5ba-3e3b0328c30d} Source Name: Microsoft-Windows-Security-Auditing Strings: ['S-1-5-18'  'WIN-LK5OF8CDD94$'  'WORKGROUP'  '0x00000000000003e7'  'S-1-5-21-1539974973-2753941131-3212641383-1000'  'gold_administrator'  'GREENDALEGOLD'  '0x000000000003c695'  '2'  'User32 '  'Negotiate'  'WIN-LK5OF8CDD94'  '{00000000-0000-0000-0000-000000000000}'  '-'  '-'  '0'  '0x0000000000000178'  'C:\\Windows\\System32\\winlogon.exe'  '127.0.0.1'  '0'] Computer Name: GREENDALEGOLD Record Number: 119 Event Level: 0 Message string: An account was successfully logged on.\n\nSubject:\n\tSecurity ID:\t\tS-1-5-18\n\tAccount Name:\t\tWIN-LK5OF8CDD94$\n\tAccount Domain:\t\tWORKGROUP\n\tLogon ID:\t\t0x00000000000003e7\n\nLogon Type:\t\t\t2\n\nNew Logon:\n\tSecurity ID:\t\tS-1-5-21-1539974973-2753941131-3212641383-1000\n\tAccount Name:\t\tgold_administrator\n\tAccount Domain:\t\tGREENDALEGOLD\n\tLogon ID:\t\t0x000000000003c695\n\tLogon GUID:\t\t{00000000-0000-0000-0000-000000000000}\n\nProcess Information:\n\tProcess ID:\t\t0x0000000000000178\n\tProcess Name:\t\tC:\Windows\System32\winlogon.exe\n\nNetwork Information:\n\tWorkstation Name:\tWIN-LK5OF8CDD94\n\tSource Network Address:\t127.0.0.1\n\tSource Port:\t\t0\n\nDetailed Authentication Information:\n\tLogon Process:\t\tUser32 \n\tAuthentication Package:\tNegotiate\n\tTransited Services:\t-\n\tPackage Name (NTLM only):\t-\n\tKey Length:\t\t0\n\nThis event is generated when a logon session is created. It is generated on the computer that was accessed.\n\nThe subject fields indicate the account on the local system which requested the logon. This is most commonly a service such as the Server service  or a local process such as Winlogon.exe or Services.exe.\n\nThe logon type field indicates the kind of logon that occurred. The most common types are 2 (interactive) and 3 (network).\n\nThe New Logon fields indicate the account for whom the new logon was created  i.e. the account that was logged on.\n\nThe network fields indicate where a remote logon request originated. Workstation name is not always available and may be left blank in some cases.\n\nThe authentication information fields provide detailed information about this specific logon request.\n\t- Logon GUID is a unique identifier that can be used to correlate this event with a KDC event.\n\t- Transited services indicate which intermediate services have participated in this logon request.\n\t- Package name indicates which sub-protocol was used among the NTLM protocols.\n\t- Key length indicates the length of the generated session key. This will be 0 if no session key was requested.,winevtx,-
2015-08-08T16:58:39.3177343+00:00,Creation Time,EVT,WinEVTX,[4624 / 0x1210] Provider identifier: {54849625-5478-4994-a5ba-3e3b0328c30d} Source Name: Microsoft-Windows-Security-Auditing Strings: ['S-1-5-18'  'WIN-LK5OF8CDD94$'  'WORKGROUP'  '0x00000000000003e7'  'S-1-5-21-1539974973-2753941131-3212641383-1000'  'gold_administrator'  'GREENDALEGOLD'  '0x000000000003c695'  '2'  'User32 '  'Negotiate'  'WIN-LK5OF8CDD94'  '{00000000-0000-0000-0000-000000000000}'  '-'  '-'  '0'  '0x0000000000000178'  'C:\\Windows\\System32\\winlogon.exe'  '127.0.0.1'  '0'] Computer Name: GREENDALEGOLD Record Number: 119 Event Level: 0 Message string: An account was successfully logged on.\n\nSubject:\n\tSecurity ID:\t\tS-1-5-18\n\tAccount Name:\t\tWIN-LK5OF8CDD94$\n\tAccount Domain:\t\tWORKGROUP\n\tLogon ID:\t\t0x00000000000003e7\n\nLogon Type:\t\t\t2\n\nNew Logon:\n\tSecurity ID:\t\tS-1-5-21-1539974973-2753941131-3212641383-1000\n\tAccount Name:\t\tgold_administrator\n\tAccount Domain:\t\tGREENDALEGOLD\n\tLogon ID:\t\t0x000000000003c695\n\tLogon GUID:\t\t{00000000-0000-0000-0000-000000000000}\n\nProcess Information:\n\tProcess ID:\t\t0x0000000000000178\n\tProcess Name:\t\tC:\Windows\System32\winlogon.exe\n\nNetwork Information:\n\tWorkstation Name:\tWIN-LK5OF8CDD94\n\tSource Network Address:\t127.0.0.1\n\tSource Port:\t\t0\n\nDetailed Authentication Information:\n\tLogon Process:\t\tUser32 \n\tAuthentication Package:\tNegotiate\n\tTransited Services:\t-\n\tPackage Name (NTLM only):\t-\n\tKey Length:\t\t0\n\nThis event is generated when a logon session is created. It is generated on the computer that was accessed.\n\nThe subject fields indicate the account on the local system which requested the logon. This is most commonly a service such as the Server service  or a local process such as Winlogon.exe or Services.exe.\n\nThe logon type field indicates the kind of logon that occurred. The most common types are 2 (interactive) and 3 (network).\n\nThe New Logon fields indicate the account for whom the new logon was created  i.e. the account that was logged on.\n\nThe network fields indicate where a remote logon request originated. Workstation name is not always available and may be left blank in some cases.\n\nThe authentication information fields provide detailed information about this specific logon request.\n\t- Logon GUID is a unique identifier that can be used to correlate this event with a KDC event.\n\t- Transited services indicate which intermediate services have participated in this logon request.\n\t- Package name indicates which sub-protocol was used among the NTLM protocols.\n\t- Key length indicates the length of the generated session key. This will be 0 if no session key was requested.,winevtx,-
2015-08-08T16:58:39.3177343+00:00,Content Modification Time,EVT,WinEVTX,[4624 / 0x1210] Provider identifier: {54849625-5478-4994-a5ba-3e3b0328c30d} Source Name: Microsoft-Windows-Security-Auditing Strings: ['S-1-5-18'  'WIN-LK5OF8CDD94$'  'WORKGROUP'  '0x00000000000003e7'  'S-1-5-21-1539974973-2753941131-3212641383-1000'  'gold_administrator'  'GREENDALEGOLD'  '0x000000000003dd12'  '2'  'User32 '  'Negotiate'  'WIN-LK5OF8CDD94'  '{00000000-0000-0000-0000-000000000000}'  '-'  '-'  '0'  '0x0000000000000178'  'C:\\Windows\\System32\\winlogon.exe'  '127.0.0.1'  '0'] Computer Name: GREENDALEGOLD Record Number: 120 Event Level: 0 Message string: An account was successfully logged on.\n\nSubject:\n\tSecurity ID:\t\tS-1-5-18\n\tAccount Name:\t\tWIN-LK5OF8CDD94$\n\tAccount Domain:\t\tWORKGROUP\n\tLogon ID:\t\t0x00000000000003e7\n\nLogon Type:\t\t\t2\n\nNew Logon:\n\tSecurity ID:\t\tS-1-5-21-1539974973-2753941131-3212641383-1000\n\tAccount Name:\t\tgold_administrator\n\tAccount Domain:\t\tGREENDALEGOLD\n\tLogon ID:\t\t0x000000000003dd12\n\tLogon GUID:\t\t{00000000-0000-0000-0000-000000000000}\n\nProcess Information:\n\tProcess ID:\t\t0x0000000000000178\n\tProcess Name:\t\tC:\Windows\System32\winlogon.exe\n\nNetwork Information:\n\tWorkstation Name:\tWIN-LK5OF8CDD94\n\tSource Network Address:\t127.0.0.1\n\tSource Port:\t\t0\n\nDetailed Authentication Information:\n\tLogon Process:\t\tUser32 \n\tAuthentication Package:\tNegotiate\n\tTransited Services:\t-\n\tPackage Name (NTLM only):\t-\n\tKey Length:\t\t0\n\nThis event is generated when a logon session is created. It is generated on the computer that was accessed.\n\nThe subject fields indicate the account on the local system which requested the logon. This is most commonly a service such as the Server service  or a local process such as Winlogon.exe or Services.exe.\n\nThe logon type field indicates the kind of logon that occurred. The most common types are 2 (interactive) and 3 (network).\n\nThe New Logon fields indicate the account for whom the new logon was created  i.e. the account that was logged on.\n\nThe network fields indicate where a remote logon request originated. Workstation name is not always available and may be left blank in some cases.\n\nThe authentication information fields provide detailed information about this specific logon request.\n\t- Logon GUID is a unique identifier that can be used to correlate this event with a KDC event.\n\t- Transited services indicate which intermediate services have participated in this logon request.\n\t- Package name indicates which sub-protocol was used among the NTLM protocols.\n\t- Key length indicates the length of the generated session key. This will be 0 if no session key was requested.,winevtx,-
2015-08-08T16:58:39.3177343+00:00,Creation Time,EVT,WinEVTX,[4624 / 0x1210] Provider identifier: {54849625-5478-4994-a5ba-3e3b0328c30d} Source Name: Microsoft-Windows-Security-Auditing Strings: ['S-1-5-18'  'WIN-LK5OF8CDD94$'  'WORKGROUP'  '0x00000000000003e7'  'S-1-5-21-1539974973-2753941131-3212641383-1000'  'gold_administrator'  'GREENDALEGOLD'  '0x000000000003dd12'  '2'  'User32 '  'Negotiate'  'WIN-LK5OF8CDD94'  '{00000000-0000-0000-0000-000000000000}'  '-'  '-'  '0'  '0x0000000000000178'  'C:\\Windows\\System32\\winlogon.exe'  '127.0.0.1'  '0'] Computer Name: GREENDALEGOLD Record Number: 120 Event Level: 0 Message string: An account was successfully logged on.\n\nSubject:\n\tSecurity ID:\t\tS-1-5-18\n\tAccount Name:\t\tWIN-LK5OF8CDD94$\n\tAccount Domain:\t\tWORKGROUP\n\tLogon ID:\t\t0x00000000000003e7\n\nLogon Type:\t\t\t2\n\nNew Logon:\n\tSecurity ID:\t\tS-1-5-21-1539974973-2753941131-3212641383-1000\n\tAccount Name:\t\tgold_administrator\n\tAccount Domain:\t\tGREENDALEGOLD\n\tLogon ID:\t\t0x000000000003dd12\n\tLogon GUID:\t\t{00000000-0000-0000-0000-000000000000}\n\nProcess Information:\n\tProcess ID:\t\t0x0000000000000178\n\tProcess Name:\t\tC:\Windows\System32\winlogon.exe\n\nNetwork Information:\n\tWorkstation Name:\tWIN-LK5OF8CDD94\n\tSource Network Address:\t127.0.0.1\n\tSource Port:\t\t0\n\nDetailed Authentication Information:\n\tLogon Process:\t\tUser32 \n\tAuthentication Package:\tNegotiate\n\tTransited Services:\t-\n\tPackage Name (NTLM only):\t-\n\tKey Length:\t\t0\n\nThis event is generated when a logon session is created. It is generated on the computer that was accessed.\n\nThe subject fields indicate the account on the local system which requested the logon. This is most commonly a service such as the Server service  or a local process such as Winlogon.exe or Services.exe.\n\nThe logon type field indicates the kind of logon that occurred. The most common types are 2 (interactive) and 3 (network).\n\nThe New Logon fields indicate the account for whom the new logon was created  i.e. the account that was logged on.\n\nThe network fields indicate where a remote logon request originated. Workstation name is not always available and may be left blank in some cases.\n\nThe authentication information fields provide detailed information about this specific logon request.\n\t- Logon GUID is a unique identifier that can be used to correlate this event with a KDC event.\n\t- Transited services indicate which intermediate services have participated in this logon request.\n\t- Package name indicates which sub-protocol was used among the NTLM protocols.\n\t- Key length indicates the length of the generated session key. This will be 0 if no session key was requested.,winevtx,-
2015-08-08T16:58:39.3177343+00:00,Content Modification Time,EVT,WinEVTX,[4648 / 0x1228] Provider identifier: {54849625-5478-4994-a5ba-3e3b0328c30d} Source Name: Microsoft-Windows-Security-Auditing Strings: ['S-1-5-18'  'WIN-LK5OF8CDD94$'  'WORKGROUP'  '0x00000000000003e7'  '{00000000-0000-0000-0000-000000000000}'  'gold_administrator'  'GREENDALEGOLD'  '{00000000-0000-0000-0000-000000000000}'  'localhost'  'localhost'  '0x0000000000000178'  'C:\\Windows\\System32\\winlogon.exe'  '127.0.0.1'  '0'] Computer Name: GREENDALEGOLD Record Number: 118 Event Level: 0 Message string: A logon was attempted using explicit credentials.\n\nSubject:\n\tSecurity ID:\t\tS-1-5-18\n\tAccount Name:\t\tWIN-LK5OF8CDD94$\n\tAccount Domain:\t\tWORKGROUP\n\tLogon ID:\t\t0x00000000000003e7\n\tLogon GUID:\t\t{00000000-0000-0000-0000-000000000000}\n\nAccount Whose Credentials Were Used:\n\tAccount Name:\t\tgold_administrator\n\tAccount Domain:\t\tGREENDALEGOLD\n\tLogon GUID:\t\t{00000000-0000-0000-0000-000000000000}\n\nTarget Server:\n\tTarget Server Name:\tlocalhost\n\tAdditional Information:\tlocalhost\n\nProcess Information:\n\tProcess ID:\t\t0x0000000000000178\n\tProcess Name:\t\tC:\Windows\System32\winlogon.exe\n\nNetwork Information:\n\tNetwork Address:\t127.0.0.1\n\tPort:\t\t\t0\n\nThis event is generated when a process attempts to log on an account by explicitly specifying that accounts credentials.  This most commonly occurs in batch-type configurations such as scheduled tasks  or when using the RUNAS command.,winevtx,-
2015-08-08T16:58:39.3177343+00:00,Creation Time,EVT,WinEVTX,[4648 / 0x1228] Provider identifier: {54849625-5478-4994-a5ba-3e3b0328c30d} Source Name: Microsoft-Windows-Security-Auditing Strings: ['S-1-5-18'  'WIN-LK5OF8CDD94$'  'WORKGROUP'  '0x00000000000003e7'  '{00000000-0000-0000-0000-000000000000}'  'gold_administrator'  'GREENDALEGOLD'  '{00000000-0000-0000-0000-000000000000}'  'localhost'  'localhost'  '0x0000000000000178'  'C:\\Windows\\System32\\winlogon.exe'  '127.0.0.1'  '0'] Computer Name: GREENDALEGOLD Record Number: 118 Event Level: 0 Message string: A logon was attempted using explicit credentials.\n\nSubject:\n\tSecurity ID:\t\tS-1-5-18\n\tAccount Name:\t\tWIN-LK5OF8CDD94$\n\tAccount Domain:\t\tWORKGROUP\n\tLogon ID:\t\t0x00000000000003e7\n\tLogon GUID:\t\t{00000000-0000-0000-0000-000000000000}\n\nAccount Whose Credentials Were Used:\n\tAccount Name:\t\tgold_administrator\n\tAccount Domain:\t\tGREENDALEGOLD\n\tLogon GUID:\t\t{00000000-0000-0000-0000-000000000000}\n\nTarget Server:\n\tTarget Server Name:\tlocalhost\n\tAdditional Information:\tlocalhost\n\nProcess Information:\n\tProcess ID:\t\t0x0000000000000178\n\tProcess Name:\t\tC:\Windows\System32\winlogon.exe\n\nNetwork Information:\n\tNetwork Address:\t127.0.0.1\n\tPort:\t\t\t0\n\nThis event is generated when a process attempts to log on an account by explicitly specifying that accounts credentials.  This most commonly occurs in batch-type configurations such as scheduled tasks  or when using the RUNAS command.,winevtx,-
