2015-08-08T02:06:31.4531250+00:00,Content Modification Time,EVT,WinEVTX,[4624 / 0x1210] Provider identifier: {54849625-5478-4994-a5ba-3e3b0328c30d} Source Name: Microsoft-Windows-Security-Auditing Strings: ['S-1-5-18'  '37L4247E29-32$'  'WORKGROUP'  '0x00000000000003e7'  'S-1-5-18'  'SYSTEM'  'NT AUTHORITY'  '0x00000000000003e7'  '5'  'Advapi  '  'Negotiate'  None  '{00000000-0000-0000-0000-000000000000}'  '-'  '-'  '0'  '0x00000000000001b4'  'C:\\Windows\\System32\\services.exe'  '-'  '-'] Computer Name: 37L4247E29-32 Record Number: 22 Event Level: 0 Message string: An account was successfully logged on.\n\nSubject:\n\tSecurity ID:\t\tS-1-5-18\n\tAccount Name:\t\t37L4247E29-32$\n\tAccount Domain:\t\tWORKGROUP\n\tLogon ID:\t\t0x00000000000003e7\n\nLogon Type:\t\t\t5\n\nNew Logon:\n\tSecurity ID:\t\tS-1-5-18\n\tAccount Name:\t\tSYSTEM\n\tAccount Domain:\t\tNT AUTHORITY\n\tLogon ID:\t\t0x00000000000003e7\n\tLogon GUID:\t\t{00000000-0000-0000-0000-000000000000}\n\nProcess Information:\n\tProcess ID:\t\t0x00000000000001b4\n\tProcess Name:\t\tC:\Windows\System32\services.exe\n\nNetwork Information:\n\tWorkstation Name:\t\n\tSource Network Address:\t-\n\tSource Port:\t\t-\n\nDetailed Authentication Information:\n\tLogon Process:\t\tAdvapi  \n\tAuthentication Package:\tNegotiate\n\tTransited Services:\t-\n\tPackage Name (NTLM only):\t-\n\tKey Length:\t\t0\n\nThis event is generated when a logon session is created. It is generated on the computer that was accessed.\n\nThe subject fields indicate the account on the local system which requested the logon. This is most commonly a service such as the Server service  or a local process such as Winlogon.exe or Services.exe.\n\nThe logon type field indicates the kind of logon that occurred. The most common types are 2 (interactive) and 3 (network).\n\nThe New Logon fields indicate the account for whom the new logon was created  i.e. the account that was logged on.\n\nThe network fields indicate where a remote logon request originated. Workstation name is not always available and may be left blank in some cases.\n\nThe authentication information fields provide detailed information about this specific logon request.\n\t- Logon GUID is a unique identifier that can be used to correlate this event with a KDC event.\n\t- Transited services indicate which intermediate services have participated in this logon request.\n\t- Package name indicates which sub-protocol was used among the NTLM protocols.\n\t- Key length indicates the length of the generated session key. This will be 0 if no session key was requested.,winevtx,-
2015-08-08T02:06:31.4531250+00:00,Creation Time,EVT,WinEVTX,[4624 / 0x1210] Provider identifier: {54849625-5478-4994-a5ba-3e3b0328c30d} Source Name: Microsoft-Windows-Security-Auditing Strings: ['S-1-5-18'  '37L4247E29-32$'  'WORKGROUP'  '0x00000000000003e7'  'S-1-5-18'  'SYSTEM'  'NT AUTHORITY'  '0x00000000000003e7'  '5'  'Advapi  '  'Negotiate'  None  '{00000000-0000-0000-0000-000000000000}'  '-'  '-'  '0'  '0x00000000000001b4'  'C:\\Windows\\System32\\services.exe'  '-'  '-'] Computer Name: 37L4247E29-32 Record Number: 22 Event Level: 0 Message string: An account was successfully logged on.\n\nSubject:\n\tSecurity ID:\t\tS-1-5-18\n\tAccount Name:\t\t37L4247E29-32$\n\tAccount Domain:\t\tWORKGROUP\n\tLogon ID:\t\t0x00000000000003e7\n\nLogon Type:\t\t\t5\n\nNew Logon:\n\tSecurity ID:\t\tS-1-5-18\n\tAccount Name:\t\tSYSTEM\n\tAccount Domain:\t\tNT AUTHORITY\n\tLogon ID:\t\t0x00000000000003e7\n\tLogon GUID:\t\t{00000000-0000-0000-0000-000000000000}\n\nProcess Information:\n\tProcess ID:\t\t0x00000000000001b4\n\tProcess Name:\t\tC:\Windows\System32\services.exe\n\nNetwork Information:\n\tWorkstation Name:\t\n\tSource Network Address:\t-\n\tSource Port:\t\t-\n\nDetailed Authentication Information:\n\tLogon Process:\t\tAdvapi  \n\tAuthentication Package:\tNegotiate\n\tTransited Services:\t-\n\tPackage Name (NTLM only):\t-\n\tKey Length:\t\t0\n\nThis event is generated when a logon session is created. It is generated on the computer that was accessed.\n\nThe subject fields indicate the account on the local system which requested the logon. This is most commonly a service such as the Server service  or a local process such as Winlogon.exe or Services.exe.\n\nThe logon type field indicates the kind of logon that occurred. The most common types are 2 (interactive) and 3 (network).\n\nThe New Logon fields indicate the account for whom the new logon was created  i.e. the account that was logged on.\n\nThe network fields indicate where a remote logon request originated. Workstation name is not always available and may be left blank in some cases.\n\nThe authentication information fields provide detailed information about this specific logon request.\n\t- Logon GUID is a unique identifier that can be used to correlate this event with a KDC event.\n\t- Transited services indicate which intermediate services have participated in this logon request.\n\t- Package name indicates which sub-protocol was used among the NTLM protocols.\n\t- Key length indicates the length of the generated session key. This will be 0 if no session key was requested.,winevtx,-
2015-08-08T02:06:31.4531250+00:00,Content Modification Time,EVT,WinEVTX,[4672 / 0x1240] Provider identifier: {54849625-5478-4994-a5ba-3e3b0328c30d} Source Name: Microsoft-Windows-Security-Auditing Strings: ['S-1-5-18'  'SYSTEM'  'NT AUTHORITY'  '0x00000000000003e7'  'SeAssignPrimaryTokenPrivilege\r\n\t\t\tSeTcbPrivilege\r\n\t\t\tSeSecurityPrivilege\r\n\t\t\tSeTakeOwnershipPrivilege\r\n\t\t\tSeLoadDriverPrivilege\r\n\t\t\tSeBackupPrivilege\r\n\t\t\tSeRestorePrivilege\r\n\t\t\tSeDebugPrivilege\r\n\t\t\tSeAuditPrivilege\r\n\t\t\tSeSystemEnvironmentPrivilege\r\n\t\t\tSeImpersonatePrivilege'] Computer Name: 37L4247E29-32 Record Number: 23 Event Level: 0 Message string: Special privileges assigned to new logon.\n\nSubject:\n\tSecurity ID:\t\tS-1-5-18\n\tAccount Name:\t\tSYSTEM\n\tAccount Domain:\t\tNT AUTHORITY\n\tLogon ID:\t\t0x00000000000003e7\n\nPrivileges:\t\tSeAssignPrimaryTokenPrivilege			SeTcbPrivilege			SeSecurityPrivilege			SeTakeOwnershipPrivilege			SeLoadDriverPrivilege			SeBackupPrivilege			SeRestorePrivilege			SeDebugPrivilege			SeAuditPrivilege			SeSystemEnvironmentPrivilege			SeImpersonatePrivilege,winevtx,-
2015-08-08T02:06:31.4531250+00:00,Creation Time,EVT,WinEVTX,[4672 / 0x1240] Provider identifier: {54849625-5478-4994-a5ba-3e3b0328c30d} Source Name: Microsoft-Windows-Security-Auditing Strings: ['S-1-5-18'  'SYSTEM'  'NT AUTHORITY'  '0x00000000000003e7'  'SeAssignPrimaryTokenPrivilege\r\n\t\t\tSeTcbPrivilege\r\n\t\t\tSeSecurityPrivilege\r\n\t\t\tSeTakeOwnershipPrivilege\r\n\t\t\tSeLoadDriverPrivilege\r\n\t\t\tSeBackupPrivilege\r\n\t\t\tSeRestorePrivilege\r\n\t\t\tSeDebugPrivilege\r\n\t\t\tSeAuditPrivilege\r\n\t\t\tSeSystemEnvironmentPrivilege\r\n\t\t\tSeImpersonatePrivilege'] Computer Name: 37L4247E29-32 Record Number: 23 Event Level: 0 Message string: Special privileges assigned to new logon.\n\nSubject:\n\tSecurity ID:\t\tS-1-5-18\n\tAccount Name:\t\tSYSTEM\n\tAccount Domain:\t\tNT AUTHORITY\n\tLogon ID:\t\t0x00000000000003e7\n\nPrivileges:\t\tSeAssignPrimaryTokenPrivilege			SeTcbPrivilege			SeSecurityPrivilege			SeTakeOwnershipPrivilege			SeLoadDriverPrivilege			SeBackupPrivilege			SeRestorePrivilege			SeDebugPrivilege			SeAuditPrivilege			SeSystemEnvironmentPrivilege			SeImpersonatePrivilege,winevtx,-
2015-08-08T02:06:31.4687500+00:00,Content Modification Time,EVT,WinEVTX,[4624 / 0x1210] Provider identifier: {54849625-5478-4994-a5ba-3e3b0328c30d} Source Name: Microsoft-Windows-Security-Auditing Strings: ['S-1-5-18'  '37L4247E29-32$'  'WORKGROUP'  '0x00000000000003e7'  'S-1-5-18'  'SYSTEM'  'NT AUTHORITY'  '0x00000000000003e7'  '5'  'Advapi  '  'Negotiate'  None  '{00000000-0000-0000-0000-000000000000}'  '-'  '-'  '0'  '0x00000000000001b4'  'C:\\Windows\\System32\\services.exe'  '-'  '-'] Computer Name: 37L4247E29-32 Record Number: 24 Event Level: 0 Message string: An account was successfully logged on.\n\nSubject:\n\tSecurity ID:\t\tS-1-5-18\n\tAccount Name:\t\t37L4247E29-32$\n\tAccount Domain:\t\tWORKGROUP\n\tLogon ID:\t\t0x00000000000003e7\n\nLogon Type:\t\t\t5\n\nNew Logon:\n\tSecurity ID:\t\tS-1-5-18\n\tAccount Name:\t\tSYSTEM\n\tAccount Domain:\t\tNT AUTHORITY\n\tLogon ID:\t\t0x00000000000003e7\n\tLogon GUID:\t\t{00000000-0000-0000-0000-000000000000}\n\nProcess Information:\n\tProcess ID:\t\t0x00000000000001b4\n\tProcess Name:\t\tC:\Windows\System32\services.exe\n\nNetwork Information:\n\tWorkstation Name:\t\n\tSource Network Address:\t-\n\tSource Port:\t\t-\n\nDetailed Authentication Information:\n\tLogon Process:\t\tAdvapi  \n\tAuthentication Package:\tNegotiate\n\tTransited Services:\t-\n\tPackage Name (NTLM only):\t-\n\tKey Length:\t\t0\n\nThis event is generated when a logon session is created. It is generated on the computer that was accessed.\n\nThe subject fields indicate the account on the local system which requested the logon. This is most commonly a service such as the Server service  or a local process such as Winlogon.exe or Services.exe.\n\nThe logon type field indicates the kind of logon that occurred. The most common types are 2 (interactive) and 3 (network).\n\nThe New Logon fields indicate the account for whom the new logon was created  i.e. the account that was logged on.\n\nThe network fields indicate where a remote logon request originated. Workstation name is not always available and may be left blank in some cases.\n\nThe authentication information fields provide detailed information about this specific logon request.\n\t- Logon GUID is a unique identifier that can be used to correlate this event with a KDC event.\n\t- Transited services indicate which intermediate services have participated in this logon request.\n\t- Package name indicates which sub-protocol was used among the NTLM protocols.\n\t- Key length indicates the length of the generated session key. This will be 0 if no session key was requested.,winevtx,-
2015-08-08T02:06:31.4687500+00:00,Creation Time,EVT,WinEVTX,[4624 / 0x1210] Provider identifier: {54849625-5478-4994-a5ba-3e3b0328c30d} Source Name: Microsoft-Windows-Security-Auditing Strings: ['S-1-5-18'  '37L4247E29-32$'  'WORKGROUP'  '0x00000000000003e7'  'S-1-5-18'  'SYSTEM'  'NT AUTHORITY'  '0x00000000000003e7'  '5'  'Advapi  '  'Negotiate'  None  '{00000000-0000-0000-0000-000000000000}'  '-'  '-'  '0'  '0x00000000000001b4'  'C:\\Windows\\System32\\services.exe'  '-'  '-'] Computer Name: 37L4247E29-32 Record Number: 24 Event Level: 0 Message string: An account was successfully logged on.\n\nSubject:\n\tSecurity ID:\t\tS-1-5-18\n\tAccount Name:\t\t37L4247E29-32$\n\tAccount Domain:\t\tWORKGROUP\n\tLogon ID:\t\t0x00000000000003e7\n\nLogon Type:\t\t\t5\n\nNew Logon:\n\tSecurity ID:\t\tS-1-5-18\n\tAccount Name:\t\tSYSTEM\n\tAccount Domain:\t\tNT AUTHORITY\n\tLogon ID:\t\t0x00000000000003e7\n\tLogon GUID:\t\t{00000000-0000-0000-0000-000000000000}\n\nProcess Information:\n\tProcess ID:\t\t0x00000000000001b4\n\tProcess Name:\t\tC:\Windows\System32\services.exe\n\nNetwork Information:\n\tWorkstation Name:\t\n\tSource Network Address:\t-\n\tSource Port:\t\t-\n\nDetailed Authentication Information:\n\tLogon Process:\t\tAdvapi  \n\tAuthentication Package:\tNegotiate\n\tTransited Services:\t-\n\tPackage Name (NTLM only):\t-\n\tKey Length:\t\t0\n\nThis event is generated when a logon session is created. It is generated on the computer that was accessed.\n\nThe subject fields indicate the account on the local system which requested the logon. This is most commonly a service such as the Server service  or a local process such as Winlogon.exe or Services.exe.\n\nThe logon type field indicates the kind of logon that occurred. The most common types are 2 (interactive) and 3 (network).\n\nThe New Logon fields indicate the account for whom the new logon was created  i.e. the account that was logged on.\n\nThe network fields indicate where a remote logon request originated. Workstation name is not always available and may be left blank in some cases.\n\nThe authentication information fields provide detailed information about this specific logon request.\n\t- Logon GUID is a unique identifier that can be used to correlate this event with a KDC event.\n\t- Transited services indicate which intermediate services have participated in this logon request.\n\t- Package name indicates which sub-protocol was used among the NTLM protocols.\n\t- Key length indicates the length of the generated session key. This will be 0 if no session key was requested.,winevtx,-
2015-08-08T02:06:31.4687500+00:00,Content Modification Time,EVT,WinEVTX,[4672 / 0x1240] Provider identifier: {54849625-5478-4994-a5ba-3e3b0328c30d} Source Name: Microsoft-Windows-Security-Auditing Strings: ['S-1-5-18'  'SYSTEM'  'NT AUTHORITY'  '0x00000000000003e7'  'SeAssignPrimaryTokenPrivilege\r\n\t\t\tSeTcbPrivilege\r\n\t\t\tSeSecurityPrivilege\r\n\t\t\tSeTakeOwnershipPrivilege\r\n\t\t\tSeLoadDriverPrivilege\r\n\t\t\tSeBackupPrivilege\r\n\t\t\tSeRestorePrivilege\r\n\t\t\tSeDebugPrivilege\r\n\t\t\tSeAuditPrivilege\r\n\t\t\tSeSystemEnvironmentPrivilege\r\n\t\t\tSeImpersonatePrivilege'] Computer Name: 37L4247E29-32 Record Number: 25 Event Level: 0 Message string: Special privileges assigned to new logon.\n\nSubject:\n\tSecurity ID:\t\tS-1-5-18\n\tAccount Name:\t\tSYSTEM\n\tAccount Domain:\t\tNT AUTHORITY\n\tLogon ID:\t\t0x00000000000003e7\n\nPrivileges:\t\tSeAssignPrimaryTokenPrivilege			SeTcbPrivilege			SeSecurityPrivilege			SeTakeOwnershipPrivilege			SeLoadDriverPrivilege			SeBackupPrivilege			SeRestorePrivilege			SeDebugPrivilege			SeAuditPrivilege			SeSystemEnvironmentPrivilege			SeImpersonatePrivilege,winevtx,-
2015-08-08T02:06:31.4687500+00:00,Creation Time,EVT,WinEVTX,[4672 / 0x1240] Provider identifier: {54849625-5478-4994-a5ba-3e3b0328c30d} Source Name: Microsoft-Windows-Security-Auditing Strings: ['S-1-5-18'  'SYSTEM'  'NT AUTHORITY'  '0x00000000000003e7'  'SeAssignPrimaryTokenPrivilege\r\n\t\t\tSeTcbPrivilege\r\n\t\t\tSeSecurityPrivilege\r\n\t\t\tSeTakeOwnershipPrivilege\r\n\t\t\tSeLoadDriverPrivilege\r\n\t\t\tSeBackupPrivilege\r\n\t\t\tSeRestorePrivilege\r\n\t\t\tSeDebugPrivilege\r\n\t\t\tSeAuditPrivilege\r\n\t\t\tSeSystemEnvironmentPrivilege\r\n\t\t\tSeImpersonatePrivilege'] Computer Name: 37L4247E29-32 Record Number: 25 Event Level: 0 Message string: Special privileges assigned to new logon.\n\nSubject:\n\tSecurity ID:\t\tS-1-5-18\n\tAccount Name:\t\tSYSTEM\n\tAccount Domain:\t\tNT AUTHORITY\n\tLogon ID:\t\t0x00000000000003e7\n\nPrivileges:\t\tSeAssignPrimaryTokenPrivilege			SeTcbPrivilege			SeSecurityPrivilege			SeTakeOwnershipPrivilege			SeLoadDriverPrivilege			SeBackupPrivilege			SeRestorePrivilege			SeDebugPrivilege			SeAuditPrivilege			SeSystemEnvironmentPrivilege			SeImpersonatePrivilege,winevtx,-
2015-08-08T02:06:31.9375000+00:00,Content Modification Time,EVT,WinEVTX,[4624 / 0x1210] Provider identifier: {54849625-5478-4994-a5ba-3e3b0328c30d} Source Name: Microsoft-Windows-Security-Auditing Strings: ['S-1-5-18'  '37L4247E29-32$'  'WORKGROUP'  '0x00000000000003e7'  'S-1-5-18'  'SYSTEM'  'NT AUTHORITY'  '0x00000000000003e7'  '5'  'Advapi  '  'Negotiate'  None  '{00000000-0000-0000-0000-000000000000}'  '-'  '-'  '0'  '0x00000000000001b4'  'C:\\Windows\\System32\\services.exe'  '-'  '-'] Computer Name: 37L4247E29-32 Record Number: 26 Event Level: 0 Message string: An account was successfully logged on.\n\nSubject:\n\tSecurity ID:\t\tS-1-5-18\n\tAccount Name:\t\t37L4247E29-32$\n\tAccount Domain:\t\tWORKGROUP\n\tLogon ID:\t\t0x00000000000003e7\n\nLogon Type:\t\t\t5\n\nNew Logon:\n\tSecurity ID:\t\tS-1-5-18\n\tAccount Name:\t\tSYSTEM\n\tAccount Domain:\t\tNT AUTHORITY\n\tLogon ID:\t\t0x00000000000003e7\n\tLogon GUID:\t\t{00000000-0000-0000-0000-000000000000}\n\nProcess Information:\n\tProcess ID:\t\t0x00000000000001b4\n\tProcess Name:\t\tC:\Windows\System32\services.exe\n\nNetwork Information:\n\tWorkstation Name:\t\n\tSource Network Address:\t-\n\tSource Port:\t\t-\n\nDetailed Authentication Information:\n\tLogon Process:\t\tAdvapi  \n\tAuthentication Package:\tNegotiate\n\tTransited Services:\t-\n\tPackage Name (NTLM only):\t-\n\tKey Length:\t\t0\n\nThis event is generated when a logon session is created. It is generated on the computer that was accessed.\n\nThe subject fields indicate the account on the local system which requested the logon. This is most commonly a service such as the Server service  or a local process such as Winlogon.exe or Services.exe.\n\nThe logon type field indicates the kind of logon that occurred. The most common types are 2 (interactive) and 3 (network).\n\nThe New Logon fields indicate the account for whom the new logon was created  i.e. the account that was logged on.\n\nThe network fields indicate where a remote logon request originated. Workstation name is not always available and may be left blank in some cases.\n\nThe authentication information fields provide detailed information about this specific logon request.\n\t- Logon GUID is a unique identifier that can be used to correlate this event with a KDC event.\n\t- Transited services indicate which intermediate services have participated in this logon request.\n\t- Package name indicates which sub-protocol was used among the NTLM protocols.\n\t- Key length indicates the length of the generated session key. This will be 0 if no session key was requested.,winevtx,-
2015-08-08T02:06:31.9375000+00:00,Creation Time,EVT,WinEVTX,[4624 / 0x1210] Provider identifier: {54849625-5478-4994-a5ba-3e3b0328c30d} Source Name: Microsoft-Windows-Security-Auditing Strings: ['S-1-5-18'  '37L4247E29-32$'  'WORKGROUP'  '0x00000000000003e7'  'S-1-5-18'  'SYSTEM'  'NT AUTHORITY'  '0x00000000000003e7'  '5'  'Advapi  '  'Negotiate'  None  '{00000000-0000-0000-0000-000000000000}'  '-'  '-'  '0'  '0x00000000000001b4'  'C:\\Windows\\System32\\services.exe'  '-'  '-'] Computer Name: 37L4247E29-32 Record Number: 26 Event Level: 0 Message string: An account was successfully logged on.\n\nSubject:\n\tSecurity ID:\t\tS-1-5-18\n\tAccount Name:\t\t37L4247E29-32$\n\tAccount Domain:\t\tWORKGROUP\n\tLogon ID:\t\t0x00000000000003e7\n\nLogon Type:\t\t\t5\n\nNew Logon:\n\tSecurity ID:\t\tS-1-5-18\n\tAccount Name:\t\tSYSTEM\n\tAccount Domain:\t\tNT AUTHORITY\n\tLogon ID:\t\t0x00000000000003e7\n\tLogon GUID:\t\t{00000000-0000-0000-0000-000000000000}\n\nProcess Information:\n\tProcess ID:\t\t0x00000000000001b4\n\tProcess Name:\t\tC:\Windows\System32\services.exe\n\nNetwork Information:\n\tWorkstation Name:\t\n\tSource Network Address:\t-\n\tSource Port:\t\t-\n\nDetailed Authentication Information:\n\tLogon Process:\t\tAdvapi  \n\tAuthentication Package:\tNegotiate\n\tTransited Services:\t-\n\tPackage Name (NTLM only):\t-\n\tKey Length:\t\t0\n\nThis event is generated when a logon session is created. It is generated on the computer that was accessed.\n\nThe subject fields indicate the account on the local system which requested the logon. This is most commonly a service such as the Server service  or a local process such as Winlogon.exe or Services.exe.\n\nThe logon type field indicates the kind of logon that occurred. The most common types are 2 (interactive) and 3 (network).\n\nThe New Logon fields indicate the account for whom the new logon was created  i.e. the account that was logged on.\n\nThe network fields indicate where a remote logon request originated. Workstation name is not always available and may be left blank in some cases.\n\nThe authentication information fields provide detailed information about this specific logon request.\n\t- Logon GUID is a unique identifier that can be used to correlate this event with a KDC event.\n\t- Transited services indicate which intermediate services have participated in this logon request.\n\t- Package name indicates which sub-protocol was used among the NTLM protocols.\n\t- Key length indicates the length of the generated session key. This will be 0 if no session key was requested.,winevtx,-
2015-08-08T02:06:31.9375000+00:00,Content Modification Time,EVT,WinEVTX,[4672 / 0x1240] Provider identifier: {54849625-5478-4994-a5ba-3e3b0328c30d} Source Name: Microsoft-Windows-Security-Auditing Strings: ['S-1-5-18'  'SYSTEM'  'NT AUTHORITY'  '0x00000000000003e7'  'SeAssignPrimaryTokenPrivilege\r\n\t\t\tSeTcbPrivilege\r\n\t\t\tSeSecurityPrivilege\r\n\t\t\tSeTakeOwnershipPrivilege\r\n\t\t\tSeLoadDriverPrivilege\r\n\t\t\tSeBackupPrivilege\r\n\t\t\tSeRestorePrivilege\r\n\t\t\tSeDebugPrivilege\r\n\t\t\tSeAuditPrivilege\r\n\t\t\tSeSystemEnvironmentPrivilege\r\n\t\t\tSeImpersonatePrivilege'] Computer Name: 37L4247E29-32 Record Number: 27 Event Level: 0 Message string: Special privileges assigned to new logon.\n\nSubject:\n\tSecurity ID:\t\tS-1-5-18\n\tAccount Name:\t\tSYSTEM\n\tAccount Domain:\t\tNT AUTHORITY\n\tLogon ID:\t\t0x00000000000003e7\n\nPrivileges:\t\tSeAssignPrimaryTokenPrivilege			SeTcbPrivilege			SeSecurityPrivilege			SeTakeOwnershipPrivilege			SeLoadDriverPrivilege			SeBackupPrivilege			SeRestorePrivilege			SeDebugPrivilege			SeAuditPrivilege			SeSystemEnvironmentPrivilege			SeImpersonatePrivilege,winevtx,-
2015-08-08T02:06:31.9375000+00:00,Creation Time,EVT,WinEVTX,[4672 / 0x1240] Provider identifier: {54849625-5478-4994-a5ba-3e3b0328c30d} Source Name: Microsoft-Windows-Security-Auditing Strings: ['S-1-5-18'  'SYSTEM'  'NT AUTHORITY'  '0x00000000000003e7'  'SeAssignPrimaryTokenPrivilege\r\n\t\t\tSeTcbPrivilege\r\n\t\t\tSeSecurityPrivilege\r\n\t\t\tSeTakeOwnershipPrivilege\r\n\t\t\tSeLoadDriverPrivilege\r\n\t\t\tSeBackupPrivilege\r\n\t\t\tSeRestorePrivilege\r\n\t\t\tSeDebugPrivilege\r\n\t\t\tSeAuditPrivilege\r\n\t\t\tSeSystemEnvironmentPrivilege\r\n\t\t\tSeImpersonatePrivilege'] Computer Name: 37L4247E29-32 Record Number: 27 Event Level: 0 Message string: Special privileges assigned to new logon.\n\nSubject:\n\tSecurity ID:\t\tS-1-5-18\n\tAccount Name:\t\tSYSTEM\n\tAccount Domain:\t\tNT AUTHORITY\n\tLogon ID:\t\t0x00000000000003e7\n\nPrivileges:\t\tSeAssignPrimaryTokenPrivilege			SeTcbPrivilege			SeSecurityPrivilege			SeTakeOwnershipPrivilege			SeLoadDriverPrivilege			SeBackupPrivilege			SeRestorePrivilege			SeDebugPrivilege			SeAuditPrivilege			SeSystemEnvironmentPrivilege			SeImpersonatePrivilege,winevtx,-
2015-08-08T02:06:35.4218750+00:00,Content Modification Time,EVT,WinEVTX,[4624 / 0x1210] Provider identifier: {54849625-5478-4994-a5ba-3e3b0328c30d} Source Name: Microsoft-Windows-Security-Auditing Strings: ['S-1-5-18'  '37L4247E29-32$'  'WORKGROUP'  '0x00000000000003e7'  'S-1-5-18'  'SYSTEM'  'NT AUTHORITY'  '0x00000000000003e7'  '5'  'Advapi  '  'Negotiate'  None  '{00000000-0000-0000-0000-000000000000}'  '-'  '-'  '0'  '0x00000000000001b4'  'C:\\Windows\\System32\\services.exe'  '-'  '-'] Computer Name: 37L4247E29-32 Record Number: 28 Event Level: 0 Message string: An account was successfully logged on.\n\nSubject:\n\tSecurity ID:\t\tS-1-5-18\n\tAccount Name:\t\t37L4247E29-32$\n\tAccount Domain:\t\tWORKGROUP\n\tLogon ID:\t\t0x00000000000003e7\n\nLogon Type:\t\t\t5\n\nNew Logon:\n\tSecurity ID:\t\tS-1-5-18\n\tAccount Name:\t\tSYSTEM\n\tAccount Domain:\t\tNT AUTHORITY\n\tLogon ID:\t\t0x00000000000003e7\n\tLogon GUID:\t\t{00000000-0000-0000-0000-000000000000}\n\nProcess Information:\n\tProcess ID:\t\t0x00000000000001b4\n\tProcess Name:\t\tC:\Windows\System32\services.exe\n\nNetwork Information:\n\tWorkstation Name:\t\n\tSource Network Address:\t-\n\tSource Port:\t\t-\n\nDetailed Authentication Information:\n\tLogon Process:\t\tAdvapi  \n\tAuthentication Package:\tNegotiate\n\tTransited Services:\t-\n\tPackage Name (NTLM only):\t-\n\tKey Length:\t\t0\n\nThis event is generated when a logon session is created. It is generated on the computer that was accessed.\n\nThe subject fields indicate the account on the local system which requested the logon. This is most commonly a service such as the Server service  or a local process such as Winlogon.exe or Services.exe.\n\nThe logon type field indicates the kind of logon that occurred. The most common types are 2 (interactive) and 3 (network).\n\nThe New Logon fields indicate the account for whom the new logon was created  i.e. the account that was logged on.\n\nThe network fields indicate where a remote logon request originated. Workstation name is not always available and may be left blank in some cases.\n\nThe authentication information fields provide detailed information about this specific logon request.\n\t- Logon GUID is a unique identifier that can be used to correlate this event with a KDC event.\n\t- Transited services indicate which intermediate services have participated in this logon request.\n\t- Package name indicates which sub-protocol was used among the NTLM protocols.\n\t- Key length indicates the length of the generated session key. This will be 0 if no session key was requested.,winevtx,-
2015-08-08T02:06:35.4218750+00:00,Creation Time,EVT,WinEVTX,[4624 / 0x1210] Provider identifier: {54849625-5478-4994-a5ba-3e3b0328c30d} Source Name: Microsoft-Windows-Security-Auditing Strings: ['S-1-5-18'  '37L4247E29-32$'  'WORKGROUP'  '0x00000000000003e7'  'S-1-5-18'  'SYSTEM'  'NT AUTHORITY'  '0x00000000000003e7'  '5'  'Advapi  '  'Negotiate'  None  '{00000000-0000-0000-0000-000000000000}'  '-'  '-'  '0'  '0x00000000000001b4'  'C:\\Windows\\System32\\services.exe'  '-'  '-'] Computer Name: 37L4247E29-32 Record Number: 28 Event Level: 0 Message string: An account was successfully logged on.\n\nSubject:\n\tSecurity ID:\t\tS-1-5-18\n\tAccount Name:\t\t37L4247E29-32$\n\tAccount Domain:\t\tWORKGROUP\n\tLogon ID:\t\t0x00000000000003e7\n\nLogon Type:\t\t\t5\n\nNew Logon:\n\tSecurity ID:\t\tS-1-5-18\n\tAccount Name:\t\tSYSTEM\n\tAccount Domain:\t\tNT AUTHORITY\n\tLogon ID:\t\t0x00000000000003e7\n\tLogon GUID:\t\t{00000000-0000-0000-0000-000000000000}\n\nProcess Information:\n\tProcess ID:\t\t0x00000000000001b4\n\tProcess Name:\t\tC:\Windows\System32\services.exe\n\nNetwork Information:\n\tWorkstation Name:\t\n\tSource Network Address:\t-\n\tSource Port:\t\t-\n\nDetailed Authentication Information:\n\tLogon Process:\t\tAdvapi  \n\tAuthentication Package:\tNegotiate\n\tTransited Services:\t-\n\tPackage Name (NTLM only):\t-\n\tKey Length:\t\t0\n\nThis event is generated when a logon session is created. It is generated on the computer that was accessed.\n\nThe subject fields indicate the account on the local system which requested the logon. This is most commonly a service such as the Server service  or a local process such as Winlogon.exe or Services.exe.\n\nThe logon type field indicates the kind of logon that occurred. The most common types are 2 (interactive) and 3 (network).\n\nThe New Logon fields indicate the account for whom the new logon was created  i.e. the account that was logged on.\n\nThe network fields indicate where a remote logon request originated. Workstation name is not always available and may be left blank in some cases.\n\nThe authentication information fields provide detailed information about this specific logon request.\n\t- Logon GUID is a unique identifier that can be used to correlate this event with a KDC event.\n\t- Transited services indicate which intermediate services have participated in this logon request.\n\t- Package name indicates which sub-protocol was used among the NTLM protocols.\n\t- Key length indicates the length of the generated session key. This will be 0 if no session key was requested.,winevtx,-
2015-08-08T02:06:35.4218750+00:00,Content Modification Time,EVT,WinEVTX,[4672 / 0x1240] Provider identifier: {54849625-5478-4994-a5ba-3e3b0328c30d} Source Name: Microsoft-Windows-Security-Auditing Strings: ['S-1-5-18'  'SYSTEM'  'NT AUTHORITY'  '0x00000000000003e7'  'SeAssignPrimaryTokenPrivilege\r\n\t\t\tSeTcbPrivilege\r\n\t\t\tSeSecurityPrivilege\r\n\t\t\tSeTakeOwnershipPrivilege\r\n\t\t\tSeLoadDriverPrivilege\r\n\t\t\tSeBackupPrivilege\r\n\t\t\tSeRestorePrivilege\r\n\t\t\tSeDebugPrivilege\r\n\t\t\tSeAuditPrivilege\r\n\t\t\tSeSystemEnvironmentPrivilege\r\n\t\t\tSeImpersonatePrivilege'] Computer Name: 37L4247E29-32 Record Number: 29 Event Level: 0 Message string: Special privileges assigned to new logon.\n\nSubject:\n\tSecurity ID:\t\tS-1-5-18\n\tAccount Name:\t\tSYSTEM\n\tAccount Domain:\t\tNT AUTHORITY\n\tLogon ID:\t\t0x00000000000003e7\n\nPrivileges:\t\tSeAssignPrimaryTokenPrivilege			SeTcbPrivilege			SeSecurityPrivilege			SeTakeOwnershipPrivilege			SeLoadDriverPrivilege			SeBackupPrivilege			SeRestorePrivilege			SeDebugPrivilege			SeAuditPrivilege			SeSystemEnvironmentPrivilege			SeImpersonatePrivilege,winevtx,-
2015-08-08T02:06:35.4218750+00:00,Creation Time,EVT,WinEVTX,[4672 / 0x1240] Provider identifier: {54849625-5478-4994-a5ba-3e3b0328c30d} Source Name: Microsoft-Windows-Security-Auditing Strings: ['S-1-5-18'  'SYSTEM'  'NT AUTHORITY'  '0x00000000000003e7'  'SeAssignPrimaryTokenPrivilege\r\n\t\t\tSeTcbPrivilege\r\n\t\t\tSeSecurityPrivilege\r\n\t\t\tSeTakeOwnershipPrivilege\r\n\t\t\tSeLoadDriverPrivilege\r\n\t\t\tSeBackupPrivilege\r\n\t\t\tSeRestorePrivilege\r\n\t\t\tSeDebugPrivilege\r\n\t\t\tSeAuditPrivilege\r\n\t\t\tSeSystemEnvironmentPrivilege\r\n\t\t\tSeImpersonatePrivilege'] Computer Name: 37L4247E29-32 Record Number: 29 Event Level: 0 Message string: Special privileges assigned to new logon.\n\nSubject:\n\tSecurity ID:\t\tS-1-5-18\n\tAccount Name:\t\tSYSTEM\n\tAccount Domain:\t\tNT AUTHORITY\n\tLogon ID:\t\t0x00000000000003e7\n\nPrivileges:\t\tSeAssignPrimaryTokenPrivilege			SeTcbPrivilege			SeSecurityPrivilege			SeTakeOwnershipPrivilege			SeLoadDriverPrivilege			SeBackupPrivilege			SeRestorePrivilege			SeDebugPrivilege			SeAuditPrivilege			SeSystemEnvironmentPrivilege			SeImpersonatePrivilege,winevtx,-
2015-08-08T02:06:36.1875000+00:00,Content Modification Time,EVT,WinEVTX,[5033 / 0x13a9] Provider identifier: {54849625-5478-4994-a5ba-3e3b0328c30d} Source Name: Microsoft-Windows-Security-Auditing Strings: [] Computer Name: 37L4247E29-32 Record Number: 30 Event Level: 0 Message string: The Windows Firewall Driver started successfully.,winevtx,-
2015-08-08T02:06:36.1875000+00:00,Creation Time,EVT,WinEVTX,[5033 / 0x13a9] Provider identifier: {54849625-5478-4994-a5ba-3e3b0328c30d} Source Name: Microsoft-Windows-Security-Auditing Strings: [] Computer Name: 37L4247E29-32 Record Number: 30 Event Level: 0 Message string: The Windows Firewall Driver started successfully.,winevtx,-
2015-08-08T02:06:38.1562500+00:00,Content Modification Time,EVT,WinEVTX,[5024 / 0x13a0] Provider identifier: {54849625-5478-4994-a5ba-3e3b0328c30d} Source Name: Microsoft-Windows-Security-Auditing Strings: [] Computer Name: 37L4247E29-32 Record Number: 31 Event Level: 0 Message string: The Windows Firewall service started successfully.,winevtx,-
2015-08-08T02:06:38.1562500+00:00,Creation Time,EVT,WinEVTX,[5024 / 0x13a0] Provider identifier: {54849625-5478-4994-a5ba-3e3b0328c30d} Source Name: Microsoft-Windows-Security-Auditing Strings: [] Computer Name: 37L4247E29-32 Record Number: 31 Event Level: 0 Message string: The Windows Firewall service started successfully.,winevtx,-
2015-08-08T02:06:42.4687500+00:00,Content Modification Time,EVT,WinEVTX,[4624 / 0x1210] Provider identifier: {54849625-5478-4994-a5ba-3e3b0328c30d} Source Name: Microsoft-Windows-Security-Auditing Strings: ['S-1-0-0'  '-'  '-'  '0x0000000000000000'  'S-1-5-7'  'ANONYMOUS LOGON'  'NT AUTHORITY'  '0x000000000003ca63'  '3'  'NtLmSsp '  'NTLM'  None  '{00000000-0000-0000-0000-000000000000}'  '-'  'NTLM V1'  '0'  '0x0000000000000000'  '-'  '-'  '-'] Computer Name: 37L4247E29-32 Record Number: 32 Event Level: 0 Message string: An account was successfully logged on.\n\nSubject:\n\tSecurity ID:\t\tS-1-0-0\n\tAccount Name:\t\t-\n\tAccount Domain:\t\t-\n\tLogon ID:\t\t0x0000000000000000\n\nLogon Type:\t\t\t3\n\nNew Logon:\n\tSecurity ID:\t\tS-1-5-7\n\tAccount Name:\t\tANONYMOUS LOGON\n\tAccount Domain:\t\tNT AUTHORITY\n\tLogon ID:\t\t0x000000000003ca63\n\tLogon GUID:\t\t{00000000-0000-0000-0000-000000000000}\n\nProcess Information:\n\tProcess ID:\t\t0x0000000000000000\n\tProcess Name:\t\t-\n\nNetwork Information:\n\tWorkstation Name:\t\n\tSource Network Address:\t-\n\tSource Port:\t\t-\n\nDetailed Authentication Information:\n\tLogon Process:\t\tNtLmSsp \n\tAuthentication Package:\tNTLM\n\tTransited Services:\t-\n\tPackage Name (NTLM only):\tNTLM V1\n\tKey Length:\t\t0\n\nThis event is generated when a logon session is created. It is generated on the computer that was accessed.\n\nThe subject fields indicate the account on the local system which requested the logon. This is most commonly a service such as the Server service  or a local process such as Winlogon.exe or Services.exe.\n\nThe logon type field indicates the kind of logon that occurred. The most common types are 2 (interactive) and 3 (network).\n\nThe New Logon fields indicate the account for whom the new logon was created  i.e. the account that was logged on.\n\nThe network fields indicate where a remote logon request originated. Workstation name is not always available and may be left blank in some cases.\n\nThe authentication information fields provide detailed information about this specific logon request.\n\t- Logon GUID is a unique identifier that can be used to correlate this event with a KDC event.\n\t- Transited services indicate which intermediate services have participated in this logon request.\n\t- Package name indicates which sub-protocol was used among the NTLM protocols.\n\t- Key length indicates the length of the generated session key. This will be 0 if no session key was requested.,winevtx,-
2015-08-08T02:06:42.4687500+00:00,Creation Time,EVT,WinEVTX,[4624 / 0x1210] Provider identifier: {54849625-5478-4994-a5ba-3e3b0328c30d} Source Name: Microsoft-Windows-Security-Auditing Strings: ['S-1-0-0'  '-'  '-'  '0x0000000000000000'  'S-1-5-7'  'ANONYMOUS LOGON'  'NT AUTHORITY'  '0x000000000003ca63'  '3'  'NtLmSsp '  'NTLM'  None  '{00000000-0000-0000-0000-000000000000}'  '-'  'NTLM V1'  '0'  '0x0000000000000000'  '-'  '-'  '-'] Computer Name: 37L4247E29-32 Record Number: 32 Event Level: 0 Message string: An account was successfully logged on.\n\nSubject:\n\tSecurity ID:\t\tS-1-0-0\n\tAccount Name:\t\t-\n\tAccount Domain:\t\t-\n\tLogon ID:\t\t0x0000000000000000\n\nLogon Type:\t\t\t3\n\nNew Logon:\n\tSecurity ID:\t\tS-1-5-7\n\tAccount Name:\t\tANONYMOUS LOGON\n\tAccount Domain:\t\tNT AUTHORITY\n\tLogon ID:\t\t0x000000000003ca63\n\tLogon GUID:\t\t{00000000-0000-0000-0000-000000000000}\n\nProcess Information:\n\tProcess ID:\t\t0x0000000000000000\n\tProcess Name:\t\t-\n\nNetwork Information:\n\tWorkstation Name:\t\n\tSource Network Address:\t-\n\tSource Port:\t\t-\n\nDetailed Authentication Information:\n\tLogon Process:\t\tNtLmSsp \n\tAuthentication Package:\tNTLM\n\tTransited Services:\t-\n\tPackage Name (NTLM only):\tNTLM V1\n\tKey Length:\t\t0\n\nThis event is generated when a logon session is created. It is generated on the computer that was accessed.\n\nThe subject fields indicate the account on the local system which requested the logon. This is most commonly a service such as the Server service  or a local process such as Winlogon.exe or Services.exe.\n\nThe logon type field indicates the kind of logon that occurred. The most common types are 2 (interactive) and 3 (network).\n\nThe New Logon fields indicate the account for whom the new logon was created  i.e. the account that was logged on.\n\nThe network fields indicate where a remote logon request originated. Workstation name is not always available and may be left blank in some cases.\n\nThe authentication information fields provide detailed information about this specific logon request.\n\t- Logon GUID is a unique identifier that can be used to correlate this event with a KDC event.\n\t- Transited services indicate which intermediate services have participated in this logon request.\n\t- Package name indicates which sub-protocol was used among the NTLM protocols.\n\t- Key length indicates the length of the generated session key. This will be 0 if no session key was requested.,winevtx,-
2015-08-08T02:07:23.4218750+00:00,Content Modification Time,EVT,WinEVTX,[4738 / 0x1282] Provider identifier: {54849625-5478-4994-a5ba-3e3b0328c30d} Source Name: Microsoft-Windows-Security-Auditing Strings: ['-'  'Administrator'  '37L4247E29-32'  'S-1-5-21-1539974973-2753941131-3212641383-500'  'S-1-5-18'  '37L4247E29-32$'  'WORKGROUP'  '0x00000000000003e7'  '-'  '-'  '-'  '-'  '-'  '-'  '-'  '-'  '-'  '-'  '-'  '-'  '-'  '0x211'  '0x211'  '-'  '-'  '-'  '-'] Computer Name: 37L4247E29-32 Record Number: 33 Event Level: 0 Message string: A user account was changed.\n\nSubject:\n\tSecurity ID:\t\tS-1-5-18\n\tAccount Name:\t\t37L4247E29-32$\n\tAccount Domain:\t\tWORKGROUP\n\tLogon ID:\t\t0x00000000000003e7\n\nTarget Account:\n\tSecurity ID:\t\tS-1-5-21-1539974973-2753941131-3212641383-500\n\tAccount Name:\t\tAdministrator\n\tAccount Domain:\t\t37L4247E29-32\n\nChanged Attributes:\n\tSAM Account Name:\t-\n\tDisplay Name:\t\t-\n\tUser Principal Name:\t-\n\tHome Directory:\t\t-\n\tHome Drive:\t\t-\n\tScript Path:\t\t-\n\tProfile Path:\t\t-\n\tUser Workstations:\t-\n\tPassword Last Set:\t-\n\tAccount Expires:\t\t-\n\tPrimary Group ID:\t-\n\tAllowedToDelegateTo:\t-\n\tOld UAC Value:\t\t0x211\n\tNew UAC Value:\t\t0x211\n\tUser Account Control:\t-\n\tUser Parameters:\t-\n\tSID History:\t\t-\n\tLogon Hours:\t\t-\n\nAdditional Information:\n\tPrivileges:\t\t-,winevtx,-
2015-08-08T02:07:23.4218750+00:00,Creation Time,EVT,WinEVTX,[4738 / 0x1282] Provider identifier: {54849625-5478-4994-a5ba-3e3b0328c30d} Source Name: Microsoft-Windows-Security-Auditing Strings: ['-'  'Administrator'  '37L4247E29-32'  'S-1-5-21-1539974973-2753941131-3212641383-500'  'S-1-5-18'  '37L4247E29-32$'  'WORKGROUP'  '0x00000000000003e7'  '-'  '-'  '-'  '-'  '-'  '-'  '-'  '-'  '-'  '-'  '-'  '-'  '-'  '0x211'  '0x211'  '-'  '-'  '-'  '-'] Computer Name: 37L4247E29-32 Record Number: 33 Event Level: 0 Message string: A user account was changed.\n\nSubject:\n\tSecurity ID:\t\tS-1-5-18\n\tAccount Name:\t\t37L4247E29-32$\n\tAccount Domain:\t\tWORKGROUP\n\tLogon ID:\t\t0x00000000000003e7\n\nTarget Account:\n\tSecurity ID:\t\tS-1-5-21-1539974973-2753941131-3212641383-500\n\tAccount Name:\t\tAdministrator\n\tAccount Domain:\t\t37L4247E29-32\n\nChanged Attributes:\n\tSAM Account Name:\t-\n\tDisplay Name:\t\t-\n\tUser Principal Name:\t-\n\tHome Directory:\t\t-\n\tHome Drive:\t\t-\n\tScript Path:\t\t-\n\tProfile Path:\t\t-\n\tUser Workstations:\t-\n\tPassword Last Set:\t-\n\tAccount Expires:\t\t-\n\tPrimary Group ID:\t-\n\tAllowedToDelegateTo:\t-\n\tOld UAC Value:\t\t0x211\n\tNew UAC Value:\t\t0x211\n\tUser Account Control:\t-\n\tUser Parameters:\t-\n\tSID History:\t\t-\n\tLogon Hours:\t\t-\n\nAdditional Information:\n\tPrivileges:\t\t-,winevtx,-
2015-08-08T02:07:37.8906250+00:00,Content Modification Time,EVT,WinEVTX,[4624 / 0x1210] Provider identifier: {54849625-5478-4994-a5ba-3e3b0328c30d} Source Name: Microsoft-Windows-Security-Auditing Strings: ['S-1-5-18'  '37L4247E29-32$'  'WORKGROUP'  '0x00000000000003e7'  'S-1-5-18'  'SYSTEM'  'NT AUTHORITY'  '0x00000000000003e7'  '5'  'Advapi  '  'Negotiate'  None  '{00000000-0000-0000-0000-000000000000}'  '-'  '-'  '0'  '0x00000000000001b4'  'C:\\Windows\\System32\\services.exe'  '-'  '-'] Computer Name: 37L4247E29-32 Record Number: 34 Event Level: 0 Message string: An account was successfully logged on.\n\nSubject:\n\tSecurity ID:\t\tS-1-5-18\n\tAccount Name:\t\t37L4247E29-32$\n\tAccount Domain:\t\tWORKGROUP\n\tLogon ID:\t\t0x00000000000003e7\n\nLogon Type:\t\t\t5\n\nNew Logon:\n\tSecurity ID:\t\tS-1-5-18\n\tAccount Name:\t\tSYSTEM\n\tAccount Domain:\t\tNT AUTHORITY\n\tLogon ID:\t\t0x00000000000003e7\n\tLogon GUID:\t\t{00000000-0000-0000-0000-000000000000}\n\nProcess Information:\n\tProcess ID:\t\t0x00000000000001b4\n\tProcess Name:\t\tC:\Windows\System32\services.exe\n\nNetwork Information:\n\tWorkstation Name:\t\n\tSource Network Address:\t-\n\tSource Port:\t\t-\n\nDetailed Authentication Information:\n\tLogon Process:\t\tAdvapi  \n\tAuthentication Package:\tNegotiate\n\tTransited Services:\t-\n\tPackage Name (NTLM only):\t-\n\tKey Length:\t\t0\n\nThis event is generated when a logon session is created. It is generated on the computer that was accessed.\n\nThe subject fields indicate the account on the local system which requested the logon. This is most commonly a service such as the Server service  or a local process such as Winlogon.exe or Services.exe.\n\nThe logon type field indicates the kind of logon that occurred. The most common types are 2 (interactive) and 3 (network).\n\nThe New Logon fields indicate the account for whom the new logon was created  i.e. the account that was logged on.\n\nThe network fields indicate where a remote logon request originated. Workstation name is not always available and may be left blank in some cases.\n\nThe authentication information fields provide detailed information about this specific logon request.\n\t- Logon GUID is a unique identifier that can be used to correlate this event with a KDC event.\n\t- Transited services indicate which intermediate services have participated in this logon request.\n\t- Package name indicates which sub-protocol was used among the NTLM protocols.\n\t- Key length indicates the length of the generated session key. This will be 0 if no session key was requested.,winevtx,-
2015-08-08T02:07:37.8906250+00:00,Creation Time,EVT,WinEVTX,[4624 / 0x1210] Provider identifier: {54849625-5478-4994-a5ba-3e3b0328c30d} Source Name: Microsoft-Windows-Security-Auditing Strings: ['S-1-5-18'  '37L4247E29-32$'  'WORKGROUP'  '0x00000000000003e7'  'S-1-5-18'  'SYSTEM'  'NT AUTHORITY'  '0x00000000000003e7'  '5'  'Advapi  '  'Negotiate'  None  '{00000000-0000-0000-0000-000000000000}'  '-'  '-'  '0'  '0x00000000000001b4'  'C:\\Windows\\System32\\services.exe'  '-'  '-'] Computer Name: 37L4247E29-32 Record Number: 34 Event Level: 0 Message string: An account was successfully logged on.\n\nSubject:\n\tSecurity ID:\t\tS-1-5-18\n\tAccount Name:\t\t37L4247E29-32$\n\tAccount Domain:\t\tWORKGROUP\n\tLogon ID:\t\t0x00000000000003e7\n\nLogon Type:\t\t\t5\n\nNew Logon:\n\tSecurity ID:\t\tS-1-5-18\n\tAccount Name:\t\tSYSTEM\n\tAccount Domain:\t\tNT AUTHORITY\n\tLogon ID:\t\t0x00000000000003e7\n\tLogon GUID:\t\t{00000000-0000-0000-0000-000000000000}\n\nProcess Information:\n\tProcess ID:\t\t0x00000000000001b4\n\tProcess Name:\t\tC:\Windows\System32\services.exe\n\nNetwork Information:\n\tWorkstation Name:\t\n\tSource Network Address:\t-\n\tSource Port:\t\t-\n\nDetailed Authentication Information:\n\tLogon Process:\t\tAdvapi  \n\tAuthentication Package:\tNegotiate\n\tTransited Services:\t-\n\tPackage Name (NTLM only):\t-\n\tKey Length:\t\t0\n\nThis event is generated when a logon session is created. It is generated on the computer that was accessed.\n\nThe subject fields indicate the account on the local system which requested the logon. This is most commonly a service such as the Server service  or a local process such as Winlogon.exe or Services.exe.\n\nThe logon type field indicates the kind of logon that occurred. The most common types are 2 (interactive) and 3 (network).\n\nThe New Logon fields indicate the account for whom the new logon was created  i.e. the account that was logged on.\n\nThe network fields indicate where a remote logon request originated. Workstation name is not always available and may be left blank in some cases.\n\nThe authentication information fields provide detailed information about this specific logon request.\n\t- Logon GUID is a unique identifier that can be used to correlate this event with a KDC event.\n\t- Transited services indicate which intermediate services have participated in this logon request.\n\t- Package name indicates which sub-protocol was used among the NTLM protocols.\n\t- Key length indicates the length of the generated session key. This will be 0 if no session key was requested.,winevtx,-
2015-08-08T02:07:37.8906250+00:00,Content Modification Time,EVT,WinEVTX,[4672 / 0x1240] Provider identifier: {54849625-5478-4994-a5ba-3e3b0328c30d} Source Name: Microsoft-Windows-Security-Auditing Strings: ['S-1-5-18'  'SYSTEM'  'NT AUTHORITY'  '0x00000000000003e7'  'SeAssignPrimaryTokenPrivilege\r\n\t\t\tSeTcbPrivilege\r\n\t\t\tSeSecurityPrivilege\r\n\t\t\tSeTakeOwnershipPrivilege\r\n\t\t\tSeLoadDriverPrivilege\r\n\t\t\tSeBackupPrivilege\r\n\t\t\tSeRestorePrivilege\r\n\t\t\tSeDebugPrivilege\r\n\t\t\tSeAuditPrivilege\r\n\t\t\tSeSystemEnvironmentPrivilege\r\n\t\t\tSeImpersonatePrivilege'] Computer Name: 37L4247E29-32 Record Number: 35 Event Level: 0 Message string: Special privileges assigned to new logon.\n\nSubject:\n\tSecurity ID:\t\tS-1-5-18\n\tAccount Name:\t\tSYSTEM\n\tAccount Domain:\t\tNT AUTHORITY\n\tLogon ID:\t\t0x00000000000003e7\n\nPrivileges:\t\tSeAssignPrimaryTokenPrivilege			SeTcbPrivilege			SeSecurityPrivilege			SeTakeOwnershipPrivilege			SeLoadDriverPrivilege			SeBackupPrivilege			SeRestorePrivilege			SeDebugPrivilege			SeAuditPrivilege			SeSystemEnvironmentPrivilege			SeImpersonatePrivilege,winevtx,-
2015-08-08T02:07:37.8906250+00:00,Creation Time,EVT,WinEVTX,[4672 / 0x1240] Provider identifier: {54849625-5478-4994-a5ba-3e3b0328c30d} Source Name: Microsoft-Windows-Security-Auditing Strings: ['S-1-5-18'  'SYSTEM'  'NT AUTHORITY'  '0x00000000000003e7'  'SeAssignPrimaryTokenPrivilege\r\n\t\t\tSeTcbPrivilege\r\n\t\t\tSeSecurityPrivilege\r\n\t\t\tSeTakeOwnershipPrivilege\r\n\t\t\tSeLoadDriverPrivilege\r\n\t\t\tSeBackupPrivilege\r\n\t\t\tSeRestorePrivilege\r\n\t\t\tSeDebugPrivilege\r\n\t\t\tSeAuditPrivilege\r\n\t\t\tSeSystemEnvironmentPrivilege\r\n\t\t\tSeImpersonatePrivilege'] Computer Name: 37L4247E29-32 Record Number: 35 Event Level: 0 Message string: Special privileges assigned to new logon.\n\nSubject:\n\tSecurity ID:\t\tS-1-5-18\n\tAccount Name:\t\tSYSTEM\n\tAccount Domain:\t\tNT AUTHORITY\n\tLogon ID:\t\t0x00000000000003e7\n\nPrivileges:\t\tSeAssignPrimaryTokenPrivilege			SeTcbPrivilege			SeSecurityPrivilege			SeTakeOwnershipPrivilege			SeLoadDriverPrivilege			SeBackupPrivilege			SeRestorePrivilege			SeDebugPrivilege			SeAuditPrivilege			SeSystemEnvironmentPrivilege			SeImpersonatePrivilege,winevtx,-
2015-08-08T02:07:38.1093750+00:00,Content Modification Time,EVT,WinEVTX,[4624 / 0x1210] Provider identifier: {54849625-5478-4994-a5ba-3e3b0328c30d} Source Name: Microsoft-Windows-Security-Auditing Strings: ['S-1-5-18'  '37L4247E29-32$'  'WORKGROUP'  '0x00000000000003e7'  'S-1-5-18'  'SYSTEM'  'NT AUTHORITY'  '0x00000000000003e7'  '5'  'Advapi  '  'Negotiate'  None  '{00000000-0000-0000-0000-000000000000}'  '-'  '-'  '0'  '0x00000000000001b4'  'C:\\Windows\\System32\\services.exe'  '-'  '-'] Computer Name: 37L4247E29-32 Record Number: 36 Event Level: 0 Message string: An account was successfully logged on.\n\nSubject:\n\tSecurity ID:\t\tS-1-5-18\n\tAccount Name:\t\t37L4247E29-32$\n\tAccount Domain:\t\tWORKGROUP\n\tLogon ID:\t\t0x00000000000003e7\n\nLogon Type:\t\t\t5\n\nNew Logon:\n\tSecurity ID:\t\tS-1-5-18\n\tAccount Name:\t\tSYSTEM\n\tAccount Domain:\t\tNT AUTHORITY\n\tLogon ID:\t\t0x00000000000003e7\n\tLogon GUID:\t\t{00000000-0000-0000-0000-000000000000}\n\nProcess Information:\n\tProcess ID:\t\t0x00000000000001b4\n\tProcess Name:\t\tC:\Windows\System32\services.exe\n\nNetwork Information:\n\tWorkstation Name:\t\n\tSource Network Address:\t-\n\tSource Port:\t\t-\n\nDetailed Authentication Information:\n\tLogon Process:\t\tAdvapi  \n\tAuthentication Package:\tNegotiate\n\tTransited Services:\t-\n\tPackage Name (NTLM only):\t-\n\tKey Length:\t\t0\n\nThis event is generated when a logon session is created. It is generated on the computer that was accessed.\n\nThe subject fields indicate the account on the local system which requested the logon. This is most commonly a service such as the Server service  or a local process such as Winlogon.exe or Services.exe.\n\nThe logon type field indicates the kind of logon that occurred. The most common types are 2 (interactive) and 3 (network).\n\nThe New Logon fields indicate the account for whom the new logon was created  i.e. the account that was logged on.\n\nThe network fields indicate where a remote logon request originated. Workstation name is not always available and may be left blank in some cases.\n\nThe authentication information fields provide detailed information about this specific logon request.\n\t- Logon GUID is a unique identifier that can be used to correlate this event with a KDC event.\n\t- Transited services indicate which intermediate services have participated in this logon request.\n\t- Package name indicates which sub-protocol was used among the NTLM protocols.\n\t- Key length indicates the length of the generated session key. This will be 0 if no session key was requested.,winevtx,-
