2015-08-08T06:57:30.9531250+00:00,Content Modification Time,EVT,WinEVTX,[4735 / 0x127f] Provider identifier: {54849625-5478-4994-a5ba-3e3b0328c30d} Source Name: Microsoft-Windows-Security-Auditing Strings: ['Event Log Readers'  'Builtin'  'S-1-5-32-573'  'S-1-5-18'  'WIN-LK5OF8CDD94$'  'WORKGROUP'  '0x00000000000003e7'  '-'  'Event Log Readers'  '-'] Computer Name: GREENDALEGOLD Record Number: 97 Event Level: 0 Message string: A security-enabled local group was changed.\n\nSubject:\n\tSecurity ID:\t\tS-1-5-18\n\tAccount Name:\t\tWIN-LK5OF8CDD94$\n\tAccount Domain:\t\tWORKGROUP\n\tLogon ID:\t\t0x00000000000003e7\n\nGroup:\n\tSecurity ID:\t\tS-1-5-32-573\n\tGroup Name:\t\tEvent Log Readers\n\tGroup Domain:\t\tBuiltin\n\nChanged Attributes:\n\tSAM Account Name:\tEvent Log Readers\n\tSID History:\t\t-\n\nAdditional Information:\n\tPrivileges:\t\t-,winevtx,-
2015-08-08T06:57:30.9531250+00:00,Creation Time,EVT,WinEVTX,[4735 / 0x127f] Provider identifier: {54849625-5478-4994-a5ba-3e3b0328c30d} Source Name: Microsoft-Windows-Security-Auditing Strings: ['Event Log Readers'  'Builtin'  'S-1-5-32-573'  'S-1-5-18'  'WIN-LK5OF8CDD94$'  'WORKGROUP'  '0x00000000000003e7'  '-'  'Event Log Readers'  '-'] Computer Name: GREENDALEGOLD Record Number: 97 Event Level: 0 Message string: A security-enabled local group was changed.\n\nSubject:\n\tSecurity ID:\t\tS-1-5-18\n\tAccount Name:\t\tWIN-LK5OF8CDD94$\n\tAccount Domain:\t\tWORKGROUP\n\tLogon ID:\t\t0x00000000000003e7\n\nGroup:\n\tSecurity ID:\t\tS-1-5-32-573\n\tGroup Name:\t\tEvent Log Readers\n\tGroup Domain:\t\tBuiltin\n\nChanged Attributes:\n\tSAM Account Name:\tEvent Log Readers\n\tSID History:\t\t-\n\nAdditional Information:\n\tPrivileges:\t\t-,winevtx,-
2015-08-08T06:57:30.9531250+00:00,Content Modification Time,EVT,WinEVTX,[4735 / 0x127f] Provider identifier: {54849625-5478-4994-a5ba-3e3b0328c30d} Source Name: Microsoft-Windows-Security-Auditing Strings: ['IIS_IUSRS'  'Builtin'  'S-1-5-32-568'  'S-1-5-18'  'WIN-LK5OF8CDD94$'  'WORKGROUP'  '0x00000000000003e7'  '-'  '-'  '-'] Computer Name: GREENDALEGOLD Record Number: 89 Event Level: 0 Message string: A security-enabled local group was changed.\n\nSubject:\n\tSecurity ID:\t\tS-1-5-18\n\tAccount Name:\t\tWIN-LK5OF8CDD94$\n\tAccount Domain:\t\tWORKGROUP\n\tLogon ID:\t\t0x00000000000003e7\n\nGroup:\n\tSecurity ID:\t\tS-1-5-32-568\n\tGroup Name:\t\tIIS_IUSRS\n\tGroup Domain:\t\tBuiltin\n\nChanged Attributes:\n\tSAM Account Name:\t-\n\tSID History:\t\t-\n\nAdditional Information:\n\tPrivileges:\t\t-,winevtx,-
2015-08-08T06:57:30.9531250+00:00,Creation Time,EVT,WinEVTX,[4735 / 0x127f] Provider identifier: {54849625-5478-4994-a5ba-3e3b0328c30d} Source Name: Microsoft-Windows-Security-Auditing Strings: ['IIS_IUSRS'  'Builtin'  'S-1-5-32-568'  'S-1-5-18'  'WIN-LK5OF8CDD94$'  'WORKGROUP'  '0x00000000000003e7'  '-'  '-'  '-'] Computer Name: GREENDALEGOLD Record Number: 89 Event Level: 0 Message string: A security-enabled local group was changed.\n\nSubject:\n\tSecurity ID:\t\tS-1-5-18\n\tAccount Name:\t\tWIN-LK5OF8CDD94$\n\tAccount Domain:\t\tWORKGROUP\n\tLogon ID:\t\t0x00000000000003e7\n\nGroup:\n\tSecurity ID:\t\tS-1-5-32-568\n\tGroup Name:\t\tIIS_IUSRS\n\tGroup Domain:\t\tBuiltin\n\nChanged Attributes:\n\tSAM Account Name:\t-\n\tSID History:\t\t-\n\nAdditional Information:\n\tPrivileges:\t\t-,winevtx,-
2015-08-08T06:57:30.9531250+00:00,Content Modification Time,EVT,WinEVTX,[4735 / 0x127f] Provider identifier: {54849625-5478-4994-a5ba-3e3b0328c30d} Source Name: Microsoft-Windows-Security-Auditing Strings: ['IIS_IUSRS'  'Builtin'  'S-1-5-32-568'  'S-1-5-18'  'WIN-LK5OF8CDD94$'  'WORKGROUP'  '0x00000000000003e7'  '-'  'IIS_IUSRS'  '-'] Computer Name: GREENDALEGOLD Record Number: 91 Event Level: 0 Message string: A security-enabled local group was changed.\n\nSubject:\n\tSecurity ID:\t\tS-1-5-18\n\tAccount Name:\t\tWIN-LK5OF8CDD94$\n\tAccount Domain:\t\tWORKGROUP\n\tLogon ID:\t\t0x00000000000003e7\n\nGroup:\n\tSecurity ID:\t\tS-1-5-32-568\n\tGroup Name:\t\tIIS_IUSRS\n\tGroup Domain:\t\tBuiltin\n\nChanged Attributes:\n\tSAM Account Name:\tIIS_IUSRS\n\tSID History:\t\t-\n\nAdditional Information:\n\tPrivileges:\t\t-,winevtx,-
2015-08-08T06:57:30.9531250+00:00,Creation Time,EVT,WinEVTX,[4735 / 0x127f] Provider identifier: {54849625-5478-4994-a5ba-3e3b0328c30d} Source Name: Microsoft-Windows-Security-Auditing Strings: ['IIS_IUSRS'  'Builtin'  'S-1-5-32-568'  'S-1-5-18'  'WIN-LK5OF8CDD94$'  'WORKGROUP'  '0x00000000000003e7'  '-'  'IIS_IUSRS'  '-'] Computer Name: GREENDALEGOLD Record Number: 91 Event Level: 0 Message string: A security-enabled local group was changed.\n\nSubject:\n\tSecurity ID:\t\tS-1-5-18\n\tAccount Name:\t\tWIN-LK5OF8CDD94$\n\tAccount Domain:\t\tWORKGROUP\n\tLogon ID:\t\t0x00000000000003e7\n\nGroup:\n\tSecurity ID:\t\tS-1-5-32-568\n\tGroup Name:\t\tIIS_IUSRS\n\tGroup Domain:\t\tBuiltin\n\nChanged Attributes:\n\tSAM Account Name:\tIIS_IUSRS\n\tSID History:\t\t-\n\nAdditional Information:\n\tPrivileges:\t\t-,winevtx,-
2015-08-08T06:57:30.9531250+00:00,Content Modification Time,EVT,WinEVTX,[4735 / 0x127f] Provider identifier: {54849625-5478-4994-a5ba-3e3b0328c30d} Source Name: Microsoft-Windows-Security-Auditing Strings: ['Network Configuration Operators'  'Builtin'  'S-1-5-32-556'  'S-1-5-18'  'WIN-LK5OF8CDD94$'  'WORKGROUP'  '0x00000000000003e7'  '-'  '-'  '-'] Computer Name: GREENDALEGOLD Record Number: 74 Event Level: 0 Message string: A security-enabled local group was changed.\n\nSubject:\n\tSecurity ID:\t\tS-1-5-18\n\tAccount Name:\t\tWIN-LK5OF8CDD94$\n\tAccount Domain:\t\tWORKGROUP\n\tLogon ID:\t\t0x00000000000003e7\n\nGroup:\n\tSecurity ID:\t\tS-1-5-32-556\n\tGroup Name:\t\tNetwork Configuration Operators\n\tGroup Domain:\t\tBuiltin\n\nChanged Attributes:\n\tSAM Account Name:\t-\n\tSID History:\t\t-\n\nAdditional Information:\n\tPrivileges:\t\t-,winevtx,-
2015-08-08T06:57:30.9531250+00:00,Creation Time,EVT,WinEVTX,[4735 / 0x127f] Provider identifier: {54849625-5478-4994-a5ba-3e3b0328c30d} Source Name: Microsoft-Windows-Security-Auditing Strings: ['Network Configuration Operators'  'Builtin'  'S-1-5-32-556'  'S-1-5-18'  'WIN-LK5OF8CDD94$'  'WORKGROUP'  '0x00000000000003e7'  '-'  '-'  '-'] Computer Name: GREENDALEGOLD Record Number: 74 Event Level: 0 Message string: A security-enabled local group was changed.\n\nSubject:\n\tSecurity ID:\t\tS-1-5-18\n\tAccount Name:\t\tWIN-LK5OF8CDD94$\n\tAccount Domain:\t\tWORKGROUP\n\tLogon ID:\t\t0x00000000000003e7\n\nGroup:\n\tSecurity ID:\t\tS-1-5-32-556\n\tGroup Name:\t\tNetwork Configuration Operators\n\tGroup Domain:\t\tBuiltin\n\nChanged Attributes:\n\tSAM Account Name:\t-\n\tSID History:\t\t-\n\nAdditional Information:\n\tPrivileges:\t\t-,winevtx,-
2015-08-08T06:57:30.9531250+00:00,Content Modification Time,EVT,WinEVTX,[4735 / 0x127f] Provider identifier: {54849625-5478-4994-a5ba-3e3b0328c30d} Source Name: Microsoft-Windows-Security-Auditing Strings: ['Network Configuration Operators'  'Builtin'  'S-1-5-32-556'  'S-1-5-18'  'WIN-LK5OF8CDD94$'  'WORKGROUP'  '0x00000000000003e7'  '-'  'Network Configuration Operators'  '-'] Computer Name: GREENDALEGOLD Record Number: 76 Event Level: 0 Message string: A security-enabled local group was changed.\n\nSubject:\n\tSecurity ID:\t\tS-1-5-18\n\tAccount Name:\t\tWIN-LK5OF8CDD94$\n\tAccount Domain:\t\tWORKGROUP\n\tLogon ID:\t\t0x00000000000003e7\n\nGroup:\n\tSecurity ID:\t\tS-1-5-32-556\n\tGroup Name:\t\tNetwork Configuration Operators\n\tGroup Domain:\t\tBuiltin\n\nChanged Attributes:\n\tSAM Account Name:\tNetwork Configuration Operators\n\tSID History:\t\t-\n\nAdditional Information:\n\tPrivileges:\t\t-,winevtx,-
2015-08-08T06:57:30.9531250+00:00,Creation Time,EVT,WinEVTX,[4735 / 0x127f] Provider identifier: {54849625-5478-4994-a5ba-3e3b0328c30d} Source Name: Microsoft-Windows-Security-Auditing Strings: ['Network Configuration Operators'  'Builtin'  'S-1-5-32-556'  'S-1-5-18'  'WIN-LK5OF8CDD94$'  'WORKGROUP'  '0x00000000000003e7'  '-'  'Network Configuration Operators'  '-'] Computer Name: GREENDALEGOLD Record Number: 76 Event Level: 0 Message string: A security-enabled local group was changed.\n\nSubject:\n\tSecurity ID:\t\tS-1-5-18\n\tAccount Name:\t\tWIN-LK5OF8CDD94$\n\tAccount Domain:\t\tWORKGROUP\n\tLogon ID:\t\t0x00000000000003e7\n\nGroup:\n\tSecurity ID:\t\tS-1-5-32-556\n\tGroup Name:\t\tNetwork Configuration Operators\n\tGroup Domain:\t\tBuiltin\n\nChanged Attributes:\n\tSAM Account Name:\tNetwork Configuration Operators\n\tSID History:\t\t-\n\nAdditional Information:\n\tPrivileges:\t\t-,winevtx,-
2015-08-08T06:57:30.9531250+00:00,Content Modification Time,EVT,WinEVTX,[4735 / 0x127f] Provider identifier: {54849625-5478-4994-a5ba-3e3b0328c30d} Source Name: Microsoft-Windows-Security-Auditing Strings: ['Performance Log Users'  'Builtin'  'S-1-5-32-559'  'S-1-5-18'  'WIN-LK5OF8CDD94$'  'WORKGROUP'  '0x00000000000003e7'  '-'  '-'  '-'] Computer Name: GREENDALEGOLD Record Number: 83 Event Level: 0 Message string: A security-enabled local group was changed.\n\nSubject:\n\tSecurity ID:\t\tS-1-5-18\n\tAccount Name:\t\tWIN-LK5OF8CDD94$\n\tAccount Domain:\t\tWORKGROUP\n\tLogon ID:\t\t0x00000000000003e7\n\nGroup:\n\tSecurity ID:\t\tS-1-5-32-559\n\tGroup Name:\t\tPerformance Log Users\n\tGroup Domain:\t\tBuiltin\n\nChanged Attributes:\n\tSAM Account Name:\t-\n\tSID History:\t\t-\n\nAdditional Information:\n\tPrivileges:\t\t-,winevtx,-
2015-08-08T06:57:30.9531250+00:00,Creation Time,EVT,WinEVTX,[4735 / 0x127f] Provider identifier: {54849625-5478-4994-a5ba-3e3b0328c30d} Source Name: Microsoft-Windows-Security-Auditing Strings: ['Performance Log Users'  'Builtin'  'S-1-5-32-559'  'S-1-5-18'  'WIN-LK5OF8CDD94$'  'WORKGROUP'  '0x00000000000003e7'  '-'  '-'  '-'] Computer Name: GREENDALEGOLD Record Number: 83 Event Level: 0 Message string: A security-enabled local group was changed.\n\nSubject:\n\tSecurity ID:\t\tS-1-5-18\n\tAccount Name:\t\tWIN-LK5OF8CDD94$\n\tAccount Domain:\t\tWORKGROUP\n\tLogon ID:\t\t0x00000000000003e7\n\nGroup:\n\tSecurity ID:\t\tS-1-5-32-559\n\tGroup Name:\t\tPerformance Log Users\n\tGroup Domain:\t\tBuiltin\n\nChanged Attributes:\n\tSAM Account Name:\t-\n\tSID History:\t\t-\n\nAdditional Information:\n\tPrivileges:\t\t-,winevtx,-
2015-08-08T06:57:30.9531250+00:00,Content Modification Time,EVT,WinEVTX,[4735 / 0x127f] Provider identifier: {54849625-5478-4994-a5ba-3e3b0328c30d} Source Name: Microsoft-Windows-Security-Auditing Strings: ['Performance Log Users'  'Builtin'  'S-1-5-32-559'  'S-1-5-18'  'WIN-LK5OF8CDD94$'  'WORKGROUP'  '0x00000000000003e7'  '-'  'Performance Log Users'  '-'] Computer Name: GREENDALEGOLD Record Number: 85 Event Level: 0 Message string: A security-enabled local group was changed.\n\nSubject:\n\tSecurity ID:\t\tS-1-5-18\n\tAccount Name:\t\tWIN-LK5OF8CDD94$\n\tAccount Domain:\t\tWORKGROUP\n\tLogon ID:\t\t0x00000000000003e7\n\nGroup:\n\tSecurity ID:\t\tS-1-5-32-559\n\tGroup Name:\t\tPerformance Log Users\n\tGroup Domain:\t\tBuiltin\n\nChanged Attributes:\n\tSAM Account Name:\tPerformance Log Users\n\tSID History:\t\t-\n\nAdditional Information:\n\tPrivileges:\t\t-,winevtx,-
2015-08-08T06:57:30.9531250+00:00,Creation Time,EVT,WinEVTX,[4735 / 0x127f] Provider identifier: {54849625-5478-4994-a5ba-3e3b0328c30d} Source Name: Microsoft-Windows-Security-Auditing Strings: ['Performance Log Users'  'Builtin'  'S-1-5-32-559'  'S-1-5-18'  'WIN-LK5OF8CDD94$'  'WORKGROUP'  '0x00000000000003e7'  '-'  'Performance Log Users'  '-'] Computer Name: GREENDALEGOLD Record Number: 85 Event Level: 0 Message string: A security-enabled local group was changed.\n\nSubject:\n\tSecurity ID:\t\tS-1-5-18\n\tAccount Name:\t\tWIN-LK5OF8CDD94$\n\tAccount Domain:\t\tWORKGROUP\n\tLogon ID:\t\t0x00000000000003e7\n\nGroup:\n\tSecurity ID:\t\tS-1-5-32-559\n\tGroup Name:\t\tPerformance Log Users\n\tGroup Domain:\t\tBuiltin\n\nChanged Attributes:\n\tSAM Account Name:\tPerformance Log Users\n\tSID History:\t\t-\n\nAdditional Information:\n\tPrivileges:\t\t-,winevtx,-
2015-08-08T06:57:30.9531250+00:00,Content Modification Time,EVT,WinEVTX,[4735 / 0x127f] Provider identifier: {54849625-5478-4994-a5ba-3e3b0328c30d} Source Name: Microsoft-Windows-Security-Auditing Strings: ['Performance Monitor Users'  'Builtin'  'S-1-5-32-558'  'S-1-5-18'  'WIN-LK5OF8CDD94$'  'WORKGROUP'  '0x00000000000003e7'  '-'  '-'  '-'] Computer Name: GREENDALEGOLD Record Number: 80 Event Level: 0 Message string: A security-enabled local group was changed.\n\nSubject:\n\tSecurity ID:\t\tS-1-5-18\n\tAccount Name:\t\tWIN-LK5OF8CDD94$\n\tAccount Domain:\t\tWORKGROUP\n\tLogon ID:\t\t0x00000000000003e7\n\nGroup:\n\tSecurity ID:\t\tS-1-5-32-558\n\tGroup Name:\t\tPerformance Monitor Users\n\tGroup Domain:\t\tBuiltin\n\nChanged Attributes:\n\tSAM Account Name:\t-\n\tSID History:\t\t-\n\nAdditional Information:\n\tPrivileges:\t\t-,winevtx,-
2015-08-08T06:57:30.9531250+00:00,Creation Time,EVT,WinEVTX,[4735 / 0x127f] Provider identifier: {54849625-5478-4994-a5ba-3e3b0328c30d} Source Name: Microsoft-Windows-Security-Auditing Strings: ['Performance Monitor Users'  'Builtin'  'S-1-5-32-558'  'S-1-5-18'  'WIN-LK5OF8CDD94$'  'WORKGROUP'  '0x00000000000003e7'  '-'  '-'  '-'] Computer Name: GREENDALEGOLD Record Number: 80 Event Level: 0 Message string: A security-enabled local group was changed.\n\nSubject:\n\tSecurity ID:\t\tS-1-5-18\n\tAccount Name:\t\tWIN-LK5OF8CDD94$\n\tAccount Domain:\t\tWORKGROUP\n\tLogon ID:\t\t0x00000000000003e7\n\nGroup:\n\tSecurity ID:\t\tS-1-5-32-558\n\tGroup Name:\t\tPerformance Monitor Users\n\tGroup Domain:\t\tBuiltin\n\nChanged Attributes:\n\tSAM Account Name:\t-\n\tSID History:\t\t-\n\nAdditional Information:\n\tPrivileges:\t\t-,winevtx,-
2015-08-08T06:57:30.9531250+00:00,Content Modification Time,EVT,WinEVTX,[4735 / 0x127f] Provider identifier: {54849625-5478-4994-a5ba-3e3b0328c30d} Source Name: Microsoft-Windows-Security-Auditing Strings: ['Performance Monitor Users'  'Builtin'  'S-1-5-32-558'  'S-1-5-18'  'WIN-LK5OF8CDD94$'  'WORKGROUP'  '0x00000000000003e7'  '-'  'Performance Monitor Users'  '-'] Computer Name: GREENDALEGOLD Record Number: 82 Event Level: 0 Message string: A security-enabled local group was changed.\n\nSubject:\n\tSecurity ID:\t\tS-1-5-18\n\tAccount Name:\t\tWIN-LK5OF8CDD94$\n\tAccount Domain:\t\tWORKGROUP\n\tLogon ID:\t\t0x00000000000003e7\n\nGroup:\n\tSecurity ID:\t\tS-1-5-32-558\n\tGroup Name:\t\tPerformance Monitor Users\n\tGroup Domain:\t\tBuiltin\n\nChanged Attributes:\n\tSAM Account Name:\tPerformance Monitor Users\n\tSID History:\t\t-\n\nAdditional Information:\n\tPrivileges:\t\t-,winevtx,-
2015-08-08T06:57:30.9531250+00:00,Creation Time,EVT,WinEVTX,[4735 / 0x127f] Provider identifier: {54849625-5478-4994-a5ba-3e3b0328c30d} Source Name: Microsoft-Windows-Security-Auditing Strings: ['Performance Monitor Users'  'Builtin'  'S-1-5-32-558'  'S-1-5-18'  'WIN-LK5OF8CDD94$'  'WORKGROUP'  '0x00000000000003e7'  '-'  'Performance Monitor Users'  '-'] Computer Name: GREENDALEGOLD Record Number: 82 Event Level: 0 Message string: A security-enabled local group was changed.\n\nSubject:\n\tSecurity ID:\t\tS-1-5-18\n\tAccount Name:\t\tWIN-LK5OF8CDD94$\n\tAccount Domain:\t\tWORKGROUP\n\tLogon ID:\t\t0x00000000000003e7\n\nGroup:\n\tSecurity ID:\t\tS-1-5-32-558\n\tGroup Name:\t\tPerformance Monitor Users\n\tGroup Domain:\t\tBuiltin\n\nChanged Attributes:\n\tSAM Account Name:\tPerformance Monitor Users\n\tSID History:\t\t-\n\nAdditional Information:\n\tPrivileges:\t\t-,winevtx,-
2015-08-08T06:57:30.9531250+00:00,Content Modification Time,EVT,WinEVTX,[4735 / 0x127f] Provider identifier: {54849625-5478-4994-a5ba-3e3b0328c30d} Source Name: Microsoft-Windows-Security-Auditing Strings: ['Power Users'  'Builtin'  'S-1-5-32-547'  'S-1-5-18'  'WIN-LK5OF8CDD94$'  'WORKGROUP'  '0x00000000000003e7'  '-'  '-'  '-'] Computer Name: GREENDALEGOLD Record Number: 77 Event Level: 0 Message string: A security-enabled local group was changed.\n\nSubject:\n\tSecurity ID:\t\tS-1-5-18\n\tAccount Name:\t\tWIN-LK5OF8CDD94$\n\tAccount Domain:\t\tWORKGROUP\n\tLogon ID:\t\t0x00000000000003e7\n\nGroup:\n\tSecurity ID:\t\tS-1-5-32-547\n\tGroup Name:\t\tPower Users\n\tGroup Domain:\t\tBuiltin\n\nChanged Attributes:\n\tSAM Account Name:\t-\n\tSID History:\t\t-\n\nAdditional Information:\n\tPrivileges:\t\t-,winevtx,-
2015-08-08T06:57:30.9531250+00:00,Creation Time,EVT,WinEVTX,[4735 / 0x127f] Provider identifier: {54849625-5478-4994-a5ba-3e3b0328c30d} Source Name: Microsoft-Windows-Security-Auditing Strings: ['Power Users'  'Builtin'  'S-1-5-32-547'  'S-1-5-18'  'WIN-LK5OF8CDD94$'  'WORKGROUP'  '0x00000000000003e7'  '-'  '-'  '-'] Computer Name: GREENDALEGOLD Record Number: 77 Event Level: 0 Message string: A security-enabled local group was changed.\n\nSubject:\n\tSecurity ID:\t\tS-1-5-18\n\tAccount Name:\t\tWIN-LK5OF8CDD94$\n\tAccount Domain:\t\tWORKGROUP\n\tLogon ID:\t\t0x00000000000003e7\n\nGroup:\n\tSecurity ID:\t\tS-1-5-32-547\n\tGroup Name:\t\tPower Users\n\tGroup Domain:\t\tBuiltin\n\nChanged Attributes:\n\tSAM Account Name:\t-\n\tSID History:\t\t-\n\nAdditional Information:\n\tPrivileges:\t\t-,winevtx,-
2015-08-08T06:57:30.9531250+00:00,Content Modification Time,EVT,WinEVTX,[4735 / 0x127f] Provider identifier: {54849625-5478-4994-a5ba-3e3b0328c30d} Source Name: Microsoft-Windows-Security-Auditing Strings: ['Power Users'  'Builtin'  'S-1-5-32-547'  'S-1-5-18'  'WIN-LK5OF8CDD94$'  'WORKGROUP'  '0x00000000000003e7'  '-'  'Power Users'  '-'] Computer Name: GREENDALEGOLD Record Number: 79 Event Level: 0 Message string: A security-enabled local group was changed.\n\nSubject:\n\tSecurity ID:\t\tS-1-5-18\n\tAccount Name:\t\tWIN-LK5OF8CDD94$\n\tAccount Domain:\t\tWORKGROUP\n\tLogon ID:\t\t0x00000000000003e7\n\nGroup:\n\tSecurity ID:\t\tS-1-5-32-547\n\tGroup Name:\t\tPower Users\n\tGroup Domain:\t\tBuiltin\n\nChanged Attributes:\n\tSAM Account Name:\tPower Users\n\tSID History:\t\t-\n\nAdditional Information:\n\tPrivileges:\t\t-,winevtx,-
2015-08-08T06:57:30.9531250+00:00,Creation Time,EVT,WinEVTX,[4735 / 0x127f] Provider identifier: {54849625-5478-4994-a5ba-3e3b0328c30d} Source Name: Microsoft-Windows-Security-Auditing Strings: ['Power Users'  'Builtin'  'S-1-5-32-547'  'S-1-5-18'  'WIN-LK5OF8CDD94$'  'WORKGROUP'  '0x00000000000003e7'  '-'  'Power Users'  '-'] Computer Name: GREENDALEGOLD Record Number: 79 Event Level: 0 Message string: A security-enabled local group was changed.\n\nSubject:\n\tSecurity ID:\t\tS-1-5-18\n\tAccount Name:\t\tWIN-LK5OF8CDD94$\n\tAccount Domain:\t\tWORKGROUP\n\tLogon ID:\t\t0x00000000000003e7\n\nGroup:\n\tSecurity ID:\t\tS-1-5-32-547\n\tGroup Name:\t\tPower Users\n\tGroup Domain:\t\tBuiltin\n\nChanged Attributes:\n\tSAM Account Name:\tPower Users\n\tSID History:\t\t-\n\nAdditional Information:\n\tPrivileges:\t\t-,winevtx,-
2015-08-08T06:57:30.9531250+00:00,Content Modification Time,EVT,WinEVTX,[4735 / 0x127f] Provider identifier: {54849625-5478-4994-a5ba-3e3b0328c30d} Source Name: Microsoft-Windows-Security-Auditing Strings: ['Remote Desktop Users'  'Builtin'  'S-1-5-32-555'  'S-1-5-18'  'WIN-LK5OF8CDD94$'  'WORKGROUP'  '0x00000000000003e7'  '-'  'Remote Desktop Users'  '-'] Computer Name: GREENDALEGOLD Record Number: 73 Event Level: 0 Message string: A security-enabled local group was changed.\n\nSubject:\n\tSecurity ID:\t\tS-1-5-18\n\tAccount Name:\t\tWIN-LK5OF8CDD94$\n\tAccount Domain:\t\tWORKGROUP\n\tLogon ID:\t\t0x00000000000003e7\n\nGroup:\n\tSecurity ID:\t\tS-1-5-32-555\n\tGroup Name:\t\tRemote Desktop Users\n\tGroup Domain:\t\tBuiltin\n\nChanged Attributes:\n\tSAM Account Name:\tRemote Desktop Users\n\tSID History:\t\t-\n\nAdditional Information:\n\tPrivileges:\t\t-,winevtx,-
2015-08-08T06:57:30.9531250+00:00,Creation Time,EVT,WinEVTX,[4735 / 0x127f] Provider identifier: {54849625-5478-4994-a5ba-3e3b0328c30d} Source Name: Microsoft-Windows-Security-Auditing Strings: ['Remote Desktop Users'  'Builtin'  'S-1-5-32-555'  'S-1-5-18'  'WIN-LK5OF8CDD94$'  'WORKGROUP'  '0x00000000000003e7'  '-'  'Remote Desktop Users'  '-'] Computer Name: GREENDALEGOLD Record Number: 73 Event Level: 0 Message string: A security-enabled local group was changed.\n\nSubject:\n\tSecurity ID:\t\tS-1-5-18\n\tAccount Name:\t\tWIN-LK5OF8CDD94$\n\tAccount Domain:\t\tWORKGROUP\n\tLogon ID:\t\t0x00000000000003e7\n\nGroup:\n\tSecurity ID:\t\tS-1-5-32-555\n\tGroup Name:\t\tRemote Desktop Users\n\tGroup Domain:\t\tBuiltin\n\nChanged Attributes:\n\tSAM Account Name:\tRemote Desktop Users\n\tSID History:\t\t-\n\nAdditional Information:\n\tPrivileges:\t\t-,winevtx,-
2015-08-08T06:57:30.9531250+00:00,Content Modification Time,EVT,WinEVTX,[4781 / 0x12ad] Provider identifier: {54849625-5478-4994-a5ba-3e3b0328c30d} Source Name: Microsoft-Windows-Security-Auditing Strings: ['Cryptographic Operators'  'Cryptographic Operators'  'Builtin'  'S-1-5-32-569'  'S-1-5-18'  'WIN-LK5OF8CDD94$'  'WORKGROUP'  '0x00000000000003e7'  '-'] Computer Name: GREENDALEGOLD Record Number: 93 Event Level: 0 Message string: The name of an account was changed:\n\nSubject:\n\tSecurity ID:\t\tS-1-5-18\n\tAccount Name:\t\tWIN-LK5OF8CDD94$\n\tAccount Domain:\t\tWORKGROUP\n\tLogon ID:\t\t0x00000000000003e7\n\nTarget Account:\n\tSecurity ID:\t\tS-1-5-32-569\n\tAccount Domain:\t\tBuiltin\n\tOld Account Name:\tCryptographic Operators\n\tNew Account Name:\tCryptographic Operators\n\nAdditional Information:\n\tPrivileges:\t\t-,winevtx,-
2015-08-08T06:57:30.9531250+00:00,Creation Time,EVT,WinEVTX,[4781 / 0x12ad] Provider identifier: {54849625-5478-4994-a5ba-3e3b0328c30d} Source Name: Microsoft-Windows-Security-Auditing Strings: ['Cryptographic Operators'  'Cryptographic Operators'  'Builtin'  'S-1-5-32-569'  'S-1-5-18'  'WIN-LK5OF8CDD94$'  'WORKGROUP'  '0x00000000000003e7'  '-'] Computer Name: GREENDALEGOLD Record Number: 93 Event Level: 0 Message string: The name of an account was changed:\n\nSubject:\n\tSecurity ID:\t\tS-1-5-18\n\tAccount Name:\t\tWIN-LK5OF8CDD94$\n\tAccount Domain:\t\tWORKGROUP\n\tLogon ID:\t\t0x00000000000003e7\n\nTarget Account:\n\tSecurity ID:\t\tS-1-5-32-569\n\tAccount Domain:\t\tBuiltin\n\tOld Account Name:\tCryptographic Operators\n\tNew Account Name:\tCryptographic Operators\n\nAdditional Information:\n\tPrivileges:\t\t-,winevtx,-
2015-08-08T06:57:30.9531250+00:00,Content Modification Time,EVT,WinEVTX,[4781 / 0x12ad] Provider identifier: {54849625-5478-4994-a5ba-3e3b0328c30d} Source Name: Microsoft-Windows-Security-Auditing Strings: ['Distributed COM Users'  'Distributed COM Users'  'Builtin'  'S-1-5-32-562'  'S-1-5-18'  'WIN-LK5OF8CDD94$'  'WORKGROUP'  '0x00000000000003e7'  '-'] Computer Name: GREENDALEGOLD Record Number: 87 Event Level: 0 Message string: The name of an account was changed:\n\nSubject:\n\tSecurity ID:\t\tS-1-5-18\n\tAccount Name:\t\tWIN-LK5OF8CDD94$\n\tAccount Domain:\t\tWORKGROUP\n\tLogon ID:\t\t0x00000000000003e7\n\nTarget Account:\n\tSecurity ID:\t\tS-1-5-32-562\n\tAccount Domain:\t\tBuiltin\n\tOld Account Name:\tDistributed COM Users\n\tNew Account Name:\tDistributed COM Users\n\nAdditional Information:\n\tPrivileges:\t\t-,winevtx,-
2015-08-08T06:57:30.9531250+00:00,Creation Time,EVT,WinEVTX,[4781 / 0x12ad] Provider identifier: {54849625-5478-4994-a5ba-3e3b0328c30d} Source Name: Microsoft-Windows-Security-Auditing Strings: ['Distributed COM Users'  'Distributed COM Users'  'Builtin'  'S-1-5-32-562'  'S-1-5-18'  'WIN-LK5OF8CDD94$'  'WORKGROUP'  '0x00000000000003e7'  '-'] Computer Name: GREENDALEGOLD Record Number: 87 Event Level: 0 Message string: The name of an account was changed:\n\nSubject:\n\tSecurity ID:\t\tS-1-5-18\n\tAccount Name:\t\tWIN-LK5OF8CDD94$\n\tAccount Domain:\t\tWORKGROUP\n\tLogon ID:\t\t0x00000000000003e7\n\nTarget Account:\n\tSecurity ID:\t\tS-1-5-32-562\n\tAccount Domain:\t\tBuiltin\n\tOld Account Name:\tDistributed COM Users\n\tNew Account Name:\tDistributed COM Users\n\nAdditional Information:\n\tPrivileges:\t\t-,winevtx,-
2015-08-08T06:57:30.9531250+00:00,Content Modification Time,EVT,WinEVTX,[4781 / 0x12ad] Provider identifier: {54849625-5478-4994-a5ba-3e3b0328c30d} Source Name: Microsoft-Windows-Security-Auditing Strings: ['Event Log Readers'  'Event Log Readers'  'Builtin'  'S-1-5-32-573'  'S-1-5-18'  'WIN-LK5OF8CDD94$'  'WORKGROUP'  '0x00000000000003e7'  '-'] Computer Name: GREENDALEGOLD Record Number: 96 Event Level: 0 Message string: The name of an account was changed:\n\nSubject:\n\tSecurity ID:\t\tS-1-5-18\n\tAccount Name:\t\tWIN-LK5OF8CDD94$\n\tAccount Domain:\t\tWORKGROUP\n\tLogon ID:\t\t0x00000000000003e7\n\nTarget Account:\n\tSecurity ID:\t\tS-1-5-32-573\n\tAccount Domain:\t\tBuiltin\n\tOld Account Name:\tEvent Log Readers\n\tNew Account Name:\tEvent Log Readers\n\nAdditional Information:\n\tPrivileges:\t\t-,winevtx,-
2015-08-08T06:57:30.9531250+00:00,Creation Time,EVT,WinEVTX,[4781 / 0x12ad] Provider identifier: {54849625-5478-4994-a5ba-3e3b0328c30d} Source Name: Microsoft-Windows-Security-Auditing Strings: ['Event Log Readers'  'Event Log Readers'  'Builtin'  'S-1-5-32-573'  'S-1-5-18'  'WIN-LK5OF8CDD94$'  'WORKGROUP'  '0x00000000000003e7'  '-'] Computer Name: GREENDALEGOLD Record Number: 96 Event Level: 0 Message string: The name of an account was changed:\n\nSubject:\n\tSecurity ID:\t\tS-1-5-18\n\tAccount Name:\t\tWIN-LK5OF8CDD94$\n\tAccount Domain:\t\tWORKGROUP\n\tLogon ID:\t\t0x00000000000003e7\n\nTarget Account:\n\tSecurity ID:\t\tS-1-5-32-573\n\tAccount Domain:\t\tBuiltin\n\tOld Account Name:\tEvent Log Readers\n\tNew Account Name:\tEvent Log Readers\n\nAdditional Information:\n\tPrivileges:\t\t-,winevtx,-
2015-08-08T06:57:30.9531250+00:00,Content Modification Time,EVT,WinEVTX,[4781 / 0x12ad] Provider identifier: {54849625-5478-4994-a5ba-3e3b0328c30d} Source Name: Microsoft-Windows-Security-Auditing Strings: ['IIS_IUSRS'  'IIS_IUSRS'  'Builtin'  'S-1-5-32-568'  'S-1-5-18'  'WIN-LK5OF8CDD94$'  'WORKGROUP'  '0x00000000000003e7'  '-'] Computer Name: GREENDALEGOLD Record Number: 90 Event Level: 0 Message string: The name of an account was changed:\n\nSubject:\n\tSecurity ID:\t\tS-1-5-18\n\tAccount Name:\t\tWIN-LK5OF8CDD94$\n\tAccount Domain:\t\tWORKGROUP\n\tLogon ID:\t\t0x00000000000003e7\n\nTarget Account:\n\tSecurity ID:\t\tS-1-5-32-568\n\tAccount Domain:\t\tBuiltin\n\tOld Account Name:\tIIS_IUSRS\n\tNew Account Name:\tIIS_IUSRS\n\nAdditional Information:\n\tPrivileges:\t\t-,winevtx,-
2015-08-08T06:57:30.9531250+00:00,Creation Time,EVT,WinEVTX,[4781 / 0x12ad] Provider identifier: {54849625-5478-4994-a5ba-3e3b0328c30d} Source Name: Microsoft-Windows-Security-Auditing Strings: ['IIS_IUSRS'  'IIS_IUSRS'  'Builtin'  'S-1-5-32-568'  'S-1-5-18'  'WIN-LK5OF8CDD94$'  'WORKGROUP'  '0x00000000000003e7'  '-'] Computer Name: GREENDALEGOLD Record Number: 90 Event Level: 0 Message string: The name of an account was changed:\n\nSubject:\n\tSecurity ID:\t\tS-1-5-18\n\tAccount Name:\t\tWIN-LK5OF8CDD94$\n\tAccount Domain:\t\tWORKGROUP\n\tLogon ID:\t\t0x00000000000003e7\n\nTarget Account:\n\tSecurity ID:\t\tS-1-5-32-568\n\tAccount Domain:\t\tBuiltin\n\tOld Account Name:\tIIS_IUSRS\n\tNew Account Name:\tIIS_IUSRS\n\nAdditional Information:\n\tPrivileges:\t\t-,winevtx,-
2015-08-08T06:57:30.9531250+00:00,Content Modification Time,EVT,WinEVTX,[4781 / 0x12ad] Provider identifier: {54849625-5478-4994-a5ba-3e3b0328c30d} Source Name: Microsoft-Windows-Security-Auditing Strings: ['Network Configuration Operators'  'Network Configuration Operators'  'Builtin'  'S-1-5-32-556'  'S-1-5-18'  'WIN-LK5OF8CDD94$'  'WORKGROUP'  '0x00000000000003e7'  '-'] Computer Name: GREENDALEGOLD Record Number: 75 Event Level: 0 Message string: The name of an account was changed:\n\nSubject:\n\tSecurity ID:\t\tS-1-5-18\n\tAccount Name:\t\tWIN-LK5OF8CDD94$\n\tAccount Domain:\t\tWORKGROUP\n\tLogon ID:\t\t0x00000000000003e7\n\nTarget Account:\n\tSecurity ID:\t\tS-1-5-32-556\n\tAccount Domain:\t\tBuiltin\n\tOld Account Name:\tNetwork Configuration Operators\n\tNew Account Name:\tNetwork Configuration Operators\n\nAdditional Information:\n\tPrivileges:\t\t-,winevtx,-
2015-08-08T06:57:30.9531250+00:00,Creation Time,EVT,WinEVTX,[4781 / 0x12ad] Provider identifier: {54849625-5478-4994-a5ba-3e3b0328c30d} Source Name: Microsoft-Windows-Security-Auditing Strings: ['Network Configuration Operators'  'Network Configuration Operators'  'Builtin'  'S-1-5-32-556'  'S-1-5-18'  'WIN-LK5OF8CDD94$'  'WORKGROUP'  '0x00000000000003e7'  '-'] Computer Name: GREENDALEGOLD Record Number: 75 Event Level: 0 Message string: The name of an account was changed:\n\nSubject:\n\tSecurity ID:\t\tS-1-5-18\n\tAccount Name:\t\tWIN-LK5OF8CDD94$\n\tAccount Domain:\t\tWORKGROUP\n\tLogon ID:\t\t0x00000000000003e7\n\nTarget Account:\n\tSecurity ID:\t\tS-1-5-32-556\n\tAccount Domain:\t\tBuiltin\n\tOld Account Name:\tNetwork Configuration Operators\n\tNew Account Name:\tNetwork Configuration Operators\n\nAdditional Information:\n\tPrivileges:\t\t-,winevtx,-
2015-08-08T06:57:30.9531250+00:00,Content Modification Time,EVT,WinEVTX,[4781 / 0x12ad] Provider identifier: {54849625-5478-4994-a5ba-3e3b0328c30d} Source Name: Microsoft-Windows-Security-Auditing Strings: ['Performance Log Users'  'Performance Log Users'  'Builtin'  'S-1-5-32-559'  'S-1-5-18'  'WIN-LK5OF8CDD94$'  'WORKGROUP'  '0x00000000000003e7'  '-'] Computer Name: GREENDALEGOLD Record Number: 84 Event Level: 0 Message string: The name of an account was changed:\n\nSubject:\n\tSecurity ID:\t\tS-1-5-18\n\tAccount Name:\t\tWIN-LK5OF8CDD94$\n\tAccount Domain:\t\tWORKGROUP\n\tLogon ID:\t\t0x00000000000003e7\n\nTarget Account:\n\tSecurity ID:\t\tS-1-5-32-559\n\tAccount Domain:\t\tBuiltin\n\tOld Account Name:\tPerformance Log Users\n\tNew Account Name:\tPerformance Log Users\n\nAdditional Information:\n\tPrivileges:\t\t-,winevtx,-
2015-08-08T06:57:30.9531250+00:00,Creation Time,EVT,WinEVTX,[4781 / 0x12ad] Provider identifier: {54849625-5478-4994-a5ba-3e3b0328c30d} Source Name: Microsoft-Windows-Security-Auditing Strings: ['Performance Log Users'  'Performance Log Users'  'Builtin'  'S-1-5-32-559'  'S-1-5-18'  'WIN-LK5OF8CDD94$'  'WORKGROUP'  '0x00000000000003e7'  '-'] Computer Name: GREENDALEGOLD Record Number: 84 Event Level: 0 Message string: The name of an account was changed:\n\nSubject:\n\tSecurity ID:\t\tS-1-5-18\n\tAccount Name:\t\tWIN-LK5OF8CDD94$\n\tAccount Domain:\t\tWORKGROUP\n\tLogon ID:\t\t0x00000000000003e7\n\nTarget Account:\n\tSecurity ID:\t\tS-1-5-32-559\n\tAccount Domain:\t\tBuiltin\n\tOld Account Name:\tPerformance Log Users\n\tNew Account Name:\tPerformance Log Users\n\nAdditional Information:\n\tPrivileges:\t\t-,winevtx,-
2015-08-08T06:57:30.9531250+00:00,Content Modification Time,EVT,WinEVTX,[4781 / 0x12ad] Provider identifier: {54849625-5478-4994-a5ba-3e3b0328c30d} Source Name: Microsoft-Windows-Security-Auditing Strings: ['Performance Monitor Users'  'Performance Monitor Users'  'Builtin'  'S-1-5-32-558'  'S-1-5-18'  'WIN-LK5OF8CDD94$'  'WORKGROUP'  '0x00000000000003e7'  '-'] Computer Name: GREENDALEGOLD Record Number: 81 Event Level: 0 Message string: The name of an account was changed:\n\nSubject:\n\tSecurity ID:\t\tS-1-5-18\n\tAccount Name:\t\tWIN-LK5OF8CDD94$\n\tAccount Domain:\t\tWORKGROUP\n\tLogon ID:\t\t0x00000000000003e7\n\nTarget Account:\n\tSecurity ID:\t\tS-1-5-32-558\n\tAccount Domain:\t\tBuiltin\n\tOld Account Name:\tPerformance Monitor Users\n\tNew Account Name:\tPerformance Monitor Users\n\nAdditional Information:\n\tPrivileges:\t\t-,winevtx,-
2015-08-08T06:57:30.9531250+00:00,Creation Time,EVT,WinEVTX,[4781 / 0x12ad] Provider identifier: {54849625-5478-4994-a5ba-3e3b0328c30d} Source Name: Microsoft-Windows-Security-Auditing Strings: ['Performance Monitor Users'  'Performance Monitor Users'  'Builtin'  'S-1-5-32-558'  'S-1-5-18'  'WIN-LK5OF8CDD94$'  'WORKGROUP'  '0x00000000000003e7'  '-'] Computer Name: GREENDALEGOLD Record Number: 81 Event Level: 0 Message string: The name of an account was changed:\n\nSubject:\n\tSecurity ID:\t\tS-1-5-18\n\tAccount Name:\t\tWIN-LK5OF8CDD94$\n\tAccount Domain:\t\tWORKGROUP\n\tLogon ID:\t\t0x00000000000003e7\n\nTarget Account:\n\tSecurity ID:\t\tS-1-5-32-558\n\tAccount Domain:\t\tBuiltin\n\tOld Account Name:\tPerformance Monitor Users\n\tNew Account Name:\tPerformance Monitor Users\n\nAdditional Information:\n\tPrivileges:\t\t-,winevtx,-
2015-08-08T06:57:30.9531250+00:00,Content Modification Time,EVT,WinEVTX,[4781 / 0x12ad] Provider identifier: {54849625-5478-4994-a5ba-3e3b0328c30d} Source Name: Microsoft-Windows-Security-Auditing Strings: ['Power Users'  'Power Users'  'Builtin'  'S-1-5-32-547'  'S-1-5-18'  'WIN-LK5OF8CDD94$'  'WORKGROUP'  '0x00000000000003e7'  '-'] Computer Name: GREENDALEGOLD Record Number: 78 Event Level: 0 Message string: The name of an account was changed:\n\nSubject:\n\tSecurity ID:\t\tS-1-5-18\n\tAccount Name:\t\tWIN-LK5OF8CDD94$\n\tAccount Domain:\t\tWORKGROUP\n\tLogon ID:\t\t0x00000000000003e7\n\nTarget Account:\n\tSecurity ID:\t\tS-1-5-32-547\n\tAccount Domain:\t\tBuiltin\n\tOld Account Name:\tPower Users\n\tNew Account Name:\tPower Users\n\nAdditional Information:\n\tPrivileges:\t\t-,winevtx,-
2015-08-08T06:57:30.9531250+00:00,Creation Time,EVT,WinEVTX,[4781 / 0x12ad] Provider identifier: {54849625-5478-4994-a5ba-3e3b0328c30d} Source Name: Microsoft-Windows-Security-Auditing Strings: ['Power Users'  'Power Users'  'Builtin'  'S-1-5-32-547'  'S-1-5-18'  'WIN-LK5OF8CDD94$'  'WORKGROUP'  '0x00000000000003e7'  '-'] Computer Name: GREENDALEGOLD Record Number: 78 Event Level: 0 Message string: The name of an account was changed:\n\nSubject:\n\tSecurity ID:\t\tS-1-5-18\n\tAccount Name:\t\tWIN-LK5OF8CDD94$\n\tAccount Domain:\t\tWORKGROUP\n\tLogon ID:\t\t0x00000000000003e7\n\nTarget Account:\n\tSecurity ID:\t\tS-1-5-32-547\n\tAccount Domain:\t\tBuiltin\n\tOld Account Name:\tPower Users\n\tNew Account Name:\tPower Users\n\nAdditional Information:\n\tPrivileges:\t\t-,winevtx,-
2015-08-08T06:57:30.9531250+00:00,Content Modification Time,EVT,WinEVTX,[4781 / 0x12ad] Provider identifier: {54849625-5478-4994-a5ba-3e3b0328c30d} Source Name: Microsoft-Windows-Security-Auditing Strings: ['Remote Desktop Users'  'Remote Desktop Users'  'Builtin'  'S-1-5-32-555'  'S-1-5-18'  'WIN-LK5OF8CDD94$'  'WORKGROUP'  '0x00000000000003e7'  '-'] Computer Name: GREENDALEGOLD Record Number: 72 Event Level: 0 Message string: The name of an account was changed:\n\nSubject:\n\tSecurity ID:\t\tS-1-5-18\n\tAccount Name:\t\tWIN-LK5OF8CDD94$\n\tAccount Domain:\t\tWORKGROUP\n\tLogon ID:\t\t0x00000000000003e7\n\nTarget Account:\n\tSecurity ID:\t\tS-1-5-32-555\n\tAccount Domain:\t\tBuiltin\n\tOld Account Name:\tRemote Desktop Users\n\tNew Account Name:\tRemote Desktop Users\n\nAdditional Information:\n\tPrivileges:\t\t-,winevtx,-
2015-08-08T06:57:30.9531250+00:00,Creation Time,EVT,WinEVTX,[4781 / 0x12ad] Provider identifier: {54849625-5478-4994-a5ba-3e3b0328c30d} Source Name: Microsoft-Windows-Security-Auditing Strings: ['Remote Desktop Users'  'Remote Desktop Users'  'Builtin'  'S-1-5-32-555'  'S-1-5-18'  'WIN-LK5OF8CDD94$'  'WORKGROUP'  '0x00000000000003e7'  '-'] Computer Name: GREENDALEGOLD Record Number: 72 Event Level: 0 Message string: The name of an account was changed:\n\nSubject:\n\tSecurity ID:\t\tS-1-5-18\n\tAccount Name:\t\tWIN-LK5OF8CDD94$\n\tAccount Domain:\t\tWORKGROUP\n\tLogon ID:\t\t0x00000000000003e7\n\nTarget Account:\n\tSecurity ID:\t\tS-1-5-32-555\n\tAccount Domain:\t\tBuiltin\n\tOld Account Name:\tRemote Desktop Users\n\tNew Account Name:\tRemote Desktop Users\n\nAdditional Information:\n\tPrivileges:\t\t-,winevtx,-
2015-08-08T06:57:30.9687500+00:00,Content Modification Time,EVT,WinEVTX,[4738 / 0x1282] Provider identifier: {54849625-5478-4994-a5ba-3e3b0328c30d} Source Name: Microsoft-Windows-Security-Auditing Strings: ['-'  'Administrator'  'GREENDALEGOLD'  'S-1-5-21-1539974973-2753941131-3212641383-500'  'S-1-5-18'  'WIN-LK5OF8CDD94$'  'WORKGROUP'  '0x00000000000003e7'  '-'  'Administrator'  '%%1793'  '-'  '%%1793'  '%%1793'  '%%1793'  '%%1793'  '%%1793'  '14/07/2009 3:13:36 PM'  '%%1794'  '513'  '-'  '0x211'  '0x211'  '-'  '%%1793'  '-'  '%%1797'] Computer Name: GREENDALEGOLD Record Number: 98 Event Level: 0 Message string: A user account was changed.\n\nSubject:\n\tSecurity ID:\t\tS-1-5-18\n\tAccount Name:\t\tWIN-LK5OF8CDD94$\n\tAccount Domain:\t\tWORKGROUP\n\tLogon ID:\t\t0x00000000000003e7\n\nTarget Account:\n\tSecurity ID:\t\tS-1-5-21-1539974973-2753941131-3212641383-500\n\tAccount Name:\t\tAdministrator\n\tAccount Domain:\t\tGREENDALEGOLD\n\nChanged Attributes:\n\tSAM Account Name:\tAdministrator\n\tDisplay Name:\t\t%%1793\n\tUser Principal Name:\t-\n\tHome Directory:\t\t%%1793\n\tHome Drive:\t\t%%1793\n\tScript Path:\t\t%%1793\n\tProfile Path:\t\t%%1793\n\tUser Workstations:\t%%1793\n\tPassword Last Set:\t14/07/2009 3:13:36 PM\n\tAccount Expires:\t\t%%1794\n\tPrimary Group ID:\t513\n\tAllowedToDelegateTo:\t-\n\tOld UAC Value:\t\t0x211\n\tNew UAC Value:\t\t0x211\n\tUser Account Control:\t-\n\tUser Parameters:\t%%1793\n\tSID History:\t\t-\n\tLogon Hours:\t\t%%1797\n\nAdditional Information:\n\tPrivileges:\t\t-,winevtx,-
2015-08-08T06:57:30.9687500+00:00,Creation Time,EVT,WinEVTX,[4738 / 0x1282] Provider identifier: {54849625-5478-4994-a5ba-3e3b0328c30d} Source Name: Microsoft-Windows-Security-Auditing Strings: ['-'  'Administrator'  'GREENDALEGOLD'  'S-1-5-21-1539974973-2753941131-3212641383-500'  'S-1-5-18'  'WIN-LK5OF8CDD94$'  'WORKGROUP'  '0x00000000000003e7'  '-'  'Administrator'  '%%1793'  '-'  '%%1793'  '%%1793'  '%%1793'  '%%1793'  '%%1793'  '14/07/2009 3:13:36 PM'  '%%1794'  '513'  '-'  '0x211'  '0x211'  '-'  '%%1793'  '-'  '%%1797'] Computer Name: GREENDALEGOLD Record Number: 98 Event Level: 0 Message string: A user account was changed.\n\nSubject:\n\tSecurity ID:\t\tS-1-5-18\n\tAccount Name:\t\tWIN-LK5OF8CDD94$\n\tAccount Domain:\t\tWORKGROUP\n\tLogon ID:\t\t0x00000000000003e7\n\nTarget Account:\n\tSecurity ID:\t\tS-1-5-21-1539974973-2753941131-3212641383-500\n\tAccount Name:\t\tAdministrator\n\tAccount Domain:\t\tGREENDALEGOLD\n\nChanged Attributes:\n\tSAM Account Name:\tAdministrator\n\tDisplay Name:\t\t%%1793\n\tUser Principal Name:\t-\n\tHome Directory:\t\t%%1793\n\tHome Drive:\t\t%%1793\n\tScript Path:\t\t%%1793\n\tProfile Path:\t\t%%1793\n\tUser Workstations:\t%%1793\n\tPassword Last Set:\t14/07/2009 3:13:36 PM\n\tAccount Expires:\t\t%%1794\n\tPrimary Group ID:\t513\n\tAllowedToDelegateTo:\t-\n\tOld UAC Value:\t\t0x211\n\tNew UAC Value:\t\t0x211\n\tUser Account Control:\t-\n\tUser Parameters:\t%%1793\n\tSID History:\t\t-\n\tLogon Hours:\t\t%%1797\n\nAdditional Information:\n\tPrivileges:\t\t-,winevtx,-
2015-08-08T06:57:30.9687500+00:00,Content Modification Time,EVT,WinEVTX,[4738 / 0x1282] Provider identifier: {54849625-5478-4994-a5ba-3e3b0328c30d} Source Name: Microsoft-Windows-Security-Auditing Strings: ['-'  'Administrator'  'GREENDALEGOLD'  'S-1-5-21-1539974973-2753941131-3212641383-500'  'S-1-5-18'  'WIN-LK5OF8CDD94$'  'WORKGROUP'  '0x00000000000003e7'  '-'  'Administrator'  '%%1793'  '-'  '%%1793'  '%%1793'  '%%1793'  '%%1793'  '%%1793'  '14/07/2009 3:13:36 PM'  '%%1794'  '513'  '-'  '0x211'  '0x211'  '-'  '%%1793'  '-'  '%%1797'] Computer Name: GREENDALEGOLD Record Number: 99 Event Level: 0 Message string: A user account was changed.\n\nSubject:\n\tSecurity ID:\t\tS-1-5-18\n\tAccount Name:\t\tWIN-LK5OF8CDD94$\n\tAccount Domain:\t\tWORKGROUP\n\tLogon ID:\t\t0x00000000000003e7\n\nTarget Account:\n\tSecurity ID:\t\tS-1-5-21-1539974973-2753941131-3212641383-500\n\tAccount Name:\t\tAdministrator\n\tAccount Domain:\t\tGREENDALEGOLD\n\nChanged Attributes:\n\tSAM Account Name:\tAdministrator\n\tDisplay Name:\t\t%%1793\n\tUser Principal Name:\t-\n\tHome Directory:\t\t%%1793\n\tHome Drive:\t\t%%1793\n\tScript Path:\t\t%%1793\n\tProfile Path:\t\t%%1793\n\tUser Workstations:\t%%1793\n\tPassword Last Set:\t14/07/2009 3:13:36 PM\n\tAccount Expires:\t\t%%1794\n\tPrimary Group ID:\t513\n\tAllowedToDelegateTo:\t-\n\tOld UAC Value:\t\t0x211\n\tNew UAC Value:\t\t0x211\n\tUser Account Control:\t-\n\tUser Parameters:\t%%1793\n\tSID History:\t\t-\n\tLogon Hours:\t\t%%1797\n\nAdditional Information:\n\tPrivileges:\t\t-,winevtx,-
2015-08-08T06:57:30.9687500+00:00,Creation Time,EVT,WinEVTX,[4738 / 0x1282] Provider identifier: {54849625-5478-4994-a5ba-3e3b0328c30d} Source Name: Microsoft-Windows-Security-Auditing Strings: ['-'  'Administrator'  'GREENDALEGOLD'  'S-1-5-21-1539974973-2753941131-3212641383-500'  'S-1-5-18'  'WIN-LK5OF8CDD94$'  'WORKGROUP'  '0x00000000000003e7'  '-'  'Administrator'  '%%1793'  '-'  '%%1793'  '%%1793'  '%%1793'  '%%1793'  '%%1793'  '14/07/2009 3:13:36 PM'  '%%1794'  '513'  '-'  '0x211'  '0x211'  '-'  '%%1793'  '-'  '%%1797'] Computer Name: GREENDALEGOLD Record Number: 99 Event Level: 0 Message string: A user account was changed.\n\nSubject:\n\tSecurity ID:\t\tS-1-5-18\n\tAccount Name:\t\tWIN-LK5OF8CDD94$\n\tAccount Domain:\t\tWORKGROUP\n\tLogon ID:\t\t0x00000000000003e7\n\nTarget Account:\n\tSecurity ID:\t\tS-1-5-21-1539974973-2753941131-3212641383-500\n\tAccount Name:\t\tAdministrator\n\tAccount Domain:\t\tGREENDALEGOLD\n\nChanged Attributes:\n\tSAM Account Name:\tAdministrator\n\tDisplay Name:\t\t%%1793\n\tUser Principal Name:\t-\n\tHome Directory:\t\t%%1793\n\tHome Drive:\t\t%%1793\n\tScript Path:\t\t%%1793\n\tProfile Path:\t\t%%1793\n\tUser Workstations:\t%%1793\n\tPassword Last Set:\t14/07/2009 3:13:36 PM\n\tAccount Expires:\t\t%%1794\n\tPrimary Group ID:\t513\n\tAllowedToDelegateTo:\t-\n\tOld UAC Value:\t\t0x211\n\tNew UAC Value:\t\t0x211\n\tUser Account Control:\t-\n\tUser Parameters:\t%%1793\n\tSID History:\t\t-\n\tLogon Hours:\t\t%%1797\n\nAdditional Information:\n\tPrivileges:\t\t-,winevtx,-
2015-08-08T06:57:30.9687500+00:00,Content Modification Time,EVT,WinEVTX,[4738 / 0x1282] Provider identifier: {54849625-5478-4994-a5ba-3e3b0328c30d} Source Name: Microsoft-Windows-Security-Auditing Strings: ['-'  'Guest'  'GREENDALEGOLD'  'S-1-5-21-1539974973-2753941131-3212641383-501'  'S-1-5-18'  'WIN-LK5OF8CDD94$'  'WORKGROUP'  '0x00000000000003e7'  '-'  'Guest'  '%%1793'  '-'  '%%1793'  '%%1793'  '%%1793'  '%%1793'  '%%1793'  '%%1794'  '%%1794'  '513'  '-'  '0x215'  '0x215'  '-'  '%%1793'  '-'  '%%1797'] Computer Name: GREENDALEGOLD Record Number: 100 Event Level: 0 Message string: A user account was changed.\n\nSubject:\n\tSecurity ID:\t\tS-1-5-18\n\tAccount Name:\t\tWIN-LK5OF8CDD94$\n\tAccount Domain:\t\tWORKGROUP\n\tLogon ID:\t\t0x00000000000003e7\n\nTarget Account:\n\tSecurity ID:\t\tS-1-5-21-1539974973-2753941131-3212641383-501\n\tAccount Name:\t\tGuest\n\tAccount Domain:\t\tGREENDALEGOLD\n\nChanged Attributes:\n\tSAM Account Name:\tGuest\n\tDisplay Name:\t\t%%1793\n\tUser Principal Name:\t-\n\tHome Directory:\t\t%%1793\n\tHome Drive:\t\t%%1793\n\tScript Path:\t\t%%1793\n\tProfile Path:\t\t%%1793\n\tUser Workstations:\t%%1793\n\tPassword Last Set:\t%%1794\n\tAccount Expires:\t\t%%1794\n\tPrimary Group ID:\t513\n\tAllowedToDelegateTo:\t-\n\tOld UAC Value:\t\t0x215\n\tNew UAC Value:\t\t0x215\n\tUser Account Control:\t-\n\tUser Parameters:\t%%1793\n\tSID History:\t\t-\n\tLogon Hours:\t\t%%1797\n\nAdditional Information:\n\tPrivileges:\t\t-,winevtx,-
2015-08-08T06:57:30.9687500+00:00,Creation Time,EVT,WinEVTX,[4738 / 0x1282] Provider identifier: {54849625-5478-4994-a5ba-3e3b0328c30d} Source Name: Microsoft-Windows-Security-Auditing Strings: ['-'  'Guest'  'GREENDALEGOLD'  'S-1-5-21-1539974973-2753941131-3212641383-501'  'S-1-5-18'  'WIN-LK5OF8CDD94$'  'WORKGROUP'  '0x00000000000003e7'  '-'  'Guest'  '%%1793'  '-'  '%%1793'  '%%1793'  '%%1793'  '%%1793'  '%%1793'  '%%1794'  '%%1794'  '513'  '-'  '0x215'  '0x215'  '-'  '%%1793'  '-'  '%%1797'] Computer Name: GREENDALEGOLD Record Number: 100 Event Level: 0 Message string: A user account was changed.\n\nSubject:\n\tSecurity ID:\t\tS-1-5-18\n\tAccount Name:\t\tWIN-LK5OF8CDD94$\n\tAccount Domain:\t\tWORKGROUP\n\tLogon ID:\t\t0x00000000000003e7\n\nTarget Account:\n\tSecurity ID:\t\tS-1-5-21-1539974973-2753941131-3212641383-501\n\tAccount Name:\t\tGuest\n\tAccount Domain:\t\tGREENDALEGOLD\n\nChanged Attributes:\n\tSAM Account Name:\tGuest\n\tDisplay Name:\t\t%%1793\n\tUser Principal Name:\t-\n\tHome Directory:\t\t%%1793\n\tHome Drive:\t\t%%1793\n\tScript Path:\t\t%%1793\n\tProfile Path:\t\t%%1793\n\tUser Workstations:\t%%1793\n\tPassword Last Set:\t%%1794\n\tAccount Expires:\t\t%%1794\n\tPrimary Group ID:\t513\n\tAllowedToDelegateTo:\t-\n\tOld UAC Value:\t\t0x215\n\tNew UAC Value:\t\t0x215\n\tUser Account Control:\t-\n\tUser Parameters:\t%%1793\n\tSID History:\t\t-\n\tLogon Hours:\t\t%%1797\n\nAdditional Information:\n\tPrivileges:\t\t-,winevtx,-
2015-08-08T06:57:30.9687500+00:00,Content Modification Time,EVT,WinEVTX,[4738 / 0x1282] Provider identifier: {54849625-5478-4994-a5ba-3e3b0328c30d} Source Name: Microsoft-Windows-Security-Auditing Strings: ['-'  'Guest'  'GREENDALEGOLD'  'S-1-5-21-1539974973-2753941131-3212641383-501'  'S-1-5-18'  'WIN-LK5OF8CDD94$'  'WORKGROUP'  '0x00000000000003e7'  '-'  'Guest'  '%%1793'  '-'  '%%1793'  '%%1793'  '%%1793'  '%%1793'  '%%1793'  '%%1794'  '%%1794'  '513'  '-'  '0x215'  '0x215'  '-'  '%%1793'  '-'  '%%1797'] Computer Name: GREENDALEGOLD Record Number: 101 Event Level: 0 Message string: A user account was changed.\n\nSubject:\n\tSecurity ID:\t\tS-1-5-18\n\tAccount Name:\t\tWIN-LK5OF8CDD94$\n\tAccount Domain:\t\tWORKGROUP\n\tLogon ID:\t\t0x00000000000003e7\n\nTarget Account:\n\tSecurity ID:\t\tS-1-5-21-1539974973-2753941131-3212641383-501\n\tAccount Name:\t\tGuest\n\tAccount Domain:\t\tGREENDALEGOLD\n\nChanged Attributes:\n\tSAM Account Name:\tGuest\n\tDisplay Name:\t\t%%1793\n\tUser Principal Name:\t-\n\tHome Directory:\t\t%%1793\n\tHome Drive:\t\t%%1793\n\tScript Path:\t\t%%1793\n\tProfile Path:\t\t%%1793\n\tUser Workstations:\t%%1793\n\tPassword Last Set:\t%%1794\n\tAccount Expires:\t\t%%1794\n\tPrimary Group ID:\t513\n\tAllowedToDelegateTo:\t-\n\tOld UAC Value:\t\t0x215\n\tNew UAC Value:\t\t0x215\n\tUser Account Control:\t-\n\tUser Parameters:\t%%1793\n\tSID History:\t\t-\n\tLogon Hours:\t\t%%1797\n\nAdditional Information:\n\tPrivileges:\t\t-,winevtx,-
2015-08-08T06:57:30.9687500+00:00,Creation Time,EVT,WinEVTX,[4738 / 0x1282] Provider identifier: {54849625-5478-4994-a5ba-3e3b0328c30d} Source Name: Microsoft-Windows-Security-Auditing Strings: ['-'  'Guest'  'GREENDALEGOLD'  'S-1-5-21-1539974973-2753941131-3212641383-501'  'S-1-5-18'  'WIN-LK5OF8CDD94$'  'WORKGROUP'  '0x00000000000003e7'  '-'  'Guest'  '%%1793'  '-'  '%%1793'  '%%1793'  '%%1793'  '%%1793'  '%%1793'  '%%1794'  '%%1794'  '513'  '-'  '0x215'  '0x215'  '-'  '%%1793'  '-'  '%%1797'] Computer Name: GREENDALEGOLD Record Number: 101 Event Level: 0 Message string: A user account was changed.\n\nSubject:\n\tSecurity ID:\t\tS-1-5-18\n\tAccount Name:\t\tWIN-LK5OF8CDD94$\n\tAccount Domain:\t\tWORKGROUP\n\tLogon ID:\t\t0x00000000000003e7\n\nTarget Account:\n\tSecurity ID:\t\tS-1-5-21-1539974973-2753941131-3212641383-501\n\tAccount Name:\t\tGuest\n\tAccount Domain:\t\tGREENDALEGOLD\n\nChanged Attributes:\n\tSAM Account Name:\tGuest\n\tDisplay Name:\t\t%%1793\n\tUser Principal Name:\t-\n\tHome Directory:\t\t%%1793\n\tHome Drive:\t\t%%1793\n\tScript Path:\t\t%%1793\n\tProfile Path:\t\t%%1793\n\tUser Workstations:\t%%1793\n\tPassword Last Set:\t%%1794\n\tAccount Expires:\t\t%%1794\n\tPrimary Group ID:\t513\n\tAllowedToDelegateTo:\t-\n\tOld UAC Value:\t\t0x215\n\tNew UAC Value:\t\t0x215\n\tUser Account Control:\t-\n\tUser Parameters:\t%%1793\n\tSID History:\t\t-\n\tLogon Hours:\t\t%%1797\n\nAdditional Information:\n\tPrivileges:\t\t-,winevtx,-
